L 01/17/2022 - 09:15:03: SourceMod error session started
L 01/17/2022 - 09:15:03: Info (map "koth_bagel_rc5") (file "/home/server/tf2/tf/addons/sourcemod/logs/errors_20220117.log")
L 01/17/2022 - 09:15:03: [soap_tf2dm.smx] Spawn at 544.03 1123.96 75.02 clips into the world - needs more space! Aborting...
L 01/17/2022 - 09:15:03: [soap_tf2dm.smx] Spawn at 544.03 325.94 -14.96 is outside the world! Aborting...
L 01/17/2022 - 09:15:03: [soap_tf2dm.smx] Spawn at 887.63 -324.79 132.02 clips into the world - needs more space! Aborting...
L 01/17/2022 - 09:15:03: [soap_tf2dm.smx] Spawn at 1160.03 -391.83 193.02 is outside the world! Aborting...
L 01/17/2022 - 09:15:03: [soap_tf2dm.smx] Spawn at 231.97 -584.03 196.02 is outside the world! Aborting...
L 01/17/2022 - 09:15:03: [soap_tf2dm.smx] Spawn at 1432.03 999.97 -30.96 is outside the world! Aborting...
L 01/17/2022 - 09:15:03: [SM] Exception reported: Invalid index 0 (count: 0)
L 01/17/2022 - 09:15:03: [SM] Blaming: soap_tf2dm.smx
L 01/17/2022 - 09:15:03: [SM] Call stack trace:
L 01/17/2022 - 09:15:03: [SM]   [0] GetArrayArray
L 01/17/2022 - 09:15:03: [SM]   [1] Line 853, soap_tf2dm.sp::RandomSpawn
L 01/17/2022 - 09:15:03: [SM] Exception reported: Invalid index 0 (count: 0)
L 01/17/2022 - 09:15:03: [SM] Blaming: soap_tf2dm.smx
L 01/17/2022 - 09:15:03: [SM] Call stack trace:
L 01/17/2022 - 09:15:03: [SM]   [0] GetArrayArray
L 01/17/2022 - 09:15:03: [SM]   [1] Line 853, soap_tf2dm.sp::RandomSpawn
L 01/17/2022 - 09:15:30: [soap_tf2dm.smx] Spawn at -887.63 324.79 132.02 clips into the world - needs more space! Aborting...
L 01/17/2022 - 09:15:30: [soap_tf2dm.smx] Spawn at -544.03 -325.79 -14.96 is outside the world! Aborting...
L 01/17/2022 - 09:15:30: [soap_tf2dm.smx] Spawn at -1168.03 419.95 193.02 is outside the world! Aborting...
L 01/17/2022 - 09:15:30: [soap_tf2dm.smx] Spawn at -231.97 584.03 196.02 is outside the world! Aborting...
L 01/17/2022 - 09:15:30: [soap_tf2dm.smx] Spawn at -544.01 -1123.96 75.02 clips into the world - needs more space! Aborting...
L 01/17/2022 - 09:15:31: [soap_tf2dm.smx] Spawn at -1432.02 -999.97 -30.96 is outside the world! Aborting...
L 01/17/2022 - 09:15:31: [SM] Exception reported: Invalid index 0 (count: 0)
L 01/17/2022 - 09:15:31: [SM] Blaming: soap_tf2dm.smx
L 01/17/2022 - 09:15:31: [SM] Call stack trace:
L 01/17/2022 - 09:15:31: [SM]   [0] GetArrayArray
L 01/17/2022 - 09:15:31: [SM]   [1] Line 863, soap_tf2dm.sp::RandomSpawn
L 01/17/2022 - 09:15:36: [SM] Exception reported: Invalid index 0 (count: 0)
L 01/17/2022 - 09:15:36: [SM] Blaming: soap_tf2dm.smx
L 01/17/2022 - 09:15:36: [SM] Call stack trace:
L 01/17/2022 - 09:15:36: [SM]   [0] GetArrayArray
L 01/17/2022 - 09:15:36: [SM]   [1] Line 863, soap_tf2dm.sp::RandomSpawn
L 01/17/2022 - 09:15:36: [SM]   [2] Line 1577, soap_tf2dm.sp::Event_player_spawn
L 01/17/2022 - 09:15:36: [SM]   [4] TF2_RespawnPlayer
L 01/17/2022 - 09:15:36: [SM]   [5] Line 1233, soap_tf2dm.sp::Respawn
L 01/17/2022 - 09:15:39: [SM] Exception reported: Invalid index 0 (count: 0)
L 01/17/2022 - 09:15:39: [SM] Blaming: soap_tf2dm.smx
L 01/17/2022 - 09:15:39: [SM] Call stack trace:
L 01/17/2022 - 09:15:39: [SM]   [0] GetArrayArray
L 01/17/2022 - 09:15:39: [SM]   [1] Line 853, soap_tf2dm.sp::RandomSpawn
L 01/17/2022 - 09:15:39: [SM]   [2] Line 1577, soap_tf2dm.sp::Event_player_spawn
L 01/17/2022 - 09:15:39: [SM]   [4] TF2_RespawnPlayer
L 01/17/2022 - 09:15:39: [SM]   [5] Line 1233, soap_tf2dm.sp::Respawn
L 01/17/2022 - 09:16:09: [SM] Exception reported: Invalid index 0 (count: 0)
L 01/17/2022 - 09:16:09: [SM] Blaming: soap_tf2dm.smx
L 01/17/2022 - 09:16:09: [SM] Call stack trace:
L 01/17/2022 - 09:16:09: [SM]   [0] GetArrayArray
L 01/17/2022 - 09:16:09: [SM]   [1] Line 853, soap_tf2dm.sp::RandomSpawn
L 01/17/2022 - 09:16:09: [SM]   [2] Line 1577, soap_tf2dm.sp::Event_player_spawn
L 01/17/2022 - 09:16:41: [SM] Exception reported: Invalid index 0 (count: 0)
L 01/17/2022 - 09:16:41: [SM] Blaming: soap_tf2dm.smx
L 01/17/2022 - 09:16:41: [SM] Call stack trace:
L 01/17/2022 - 09:16:41: [SM]   [0] GetArrayArray
L 01/17/2022 - 09:16:41: [SM]   [1] Line 863, soap_tf2dm.sp::RandomSpawn
L 01/17/2022 - 09:16:41: [SM]   [2] Line 1577, soap_tf2dm.sp::Event_player_spawn
L 01/17/2022 - 09:16:41: [SM]   [4] TF2_RespawnPlayer
L 01/17/2022 - 09:16:41: [SM]   [5] Line 1233, soap_tf2dm.sp::Respawn
L 01/17/2022 - 09:16:56: [SM] Exception reported: Invalid index 0 (count: 0)
L 01/17/2022 - 09:16:56: [SM] Blaming: soap_tf2dm.smx
L 01/17/2022 - 09:16:56: [SM] Call stack trace:
L 01/17/2022 - 09:16:56: [SM]   [0] GetArrayArray
L 01/17/2022 - 09:16:56: [SM]   [1] Line 853, soap_tf2dm.sp::RandomSpawn
L 01/17/2022 - 09:16:56: [SM]   [2] Line 1577, soap_tf2dm.sp::Event_player_spawn
L 01/17/2022 - 09:16:57: [SM] Exception reported: Invalid index 0 (count: 0)
L 01/17/2022 - 09:16:57: [SM] Blaming: soap_tf2dm.smx
L 01/17/2022 - 09:16:57: [SM] Call stack trace:
L 01/17/2022 - 09:16:57: [SM]   [0] GetArrayArray
L 01/17/2022 - 09:16:57: [SM]   [1] Line 853, soap_tf2dm.sp::RandomSpawn
L 01/17/2022 - 09:16:57: [SM]   [2] Line 1577, soap_tf2dm.sp::Event_player_spawn
L 01/17/2022 - 09:16:57: [SM]   [4] TF2_RespawnPlayer
L 01/17/2022 - 09:16:57: [SM]   [5] Line 1233, soap_tf2dm.sp::Respawn
L 01/17/2022 - 09:19:00: [SM] Exception reported: Invalid index 0 (count: 0)
L 01/17/2022 - 09:19:00: [SM] Blaming: soap_tf2dm.smx
L 01/17/2022 - 09:19:00: [SM] Call stack trace:
L 01/17/2022 - 09:19:00: [SM]   [0] GetArrayArray
L 01/17/2022 - 09:19:00: [SM]   [1] Line 853, soap_tf2dm.sp::RandomSpawn
L 01/17/2022 - 09:19:00: [SM]   [2] Line 1577, soap_tf2dm.sp::Event_player_spawn
L 01/17/2022 - 09:19:00: [SM]   [4] TF2_RespawnPlayer
L 01/17/2022 - 09:19:00: [SM]   [5] Line 1233, soap_tf2dm.sp::Respawn
L 01/17/2022 - 09:20:43: [SM] Exception reported: Invalid index 0 (count: 0)
L 01/17/2022 - 09:20:43: [SM] Blaming: soap_tf2dm.smx
L 01/17/2022 - 09:20:43: [SM] Call stack trace:
L 01/17/2022 - 09:20:43: [SM]   [0] GetArrayArray
L 01/17/2022 - 09:20:43: [SM]   [1] Line 863, soap_tf2dm.sp::RandomSpawn
L 01/17/2022 - 09:20:43: [SM]   [2] Line 1577, soap_tf2dm.sp::Event_player_spawn
L 01/17/2022 - 09:26:02: [SM] Exception reported: Invalid index 0 (count: 0)
L 01/17/2022 - 09:26:02: [SM] Blaming: soap_tf2dm.smx
L 01/17/2022 - 09:26:02: [SM] Call stack trace:
L 01/17/2022 - 09:26:02: [SM]   [0] GetArrayArray
L 01/17/2022 - 09:26:02: [SM]   [1] Line 863, soap_tf2dm.sp::RandomSpawn
L 01/17/2022 - 09:26:02: [SM]   [2] Line 1577, soap_tf2dm.sp::Event_player_spawn
L 01/17/2022 - 09:26:15: [SM] Exception reported: Invalid index 0 (count: 0)
L 01/17/2022 - 09:26:15: [SM] Blaming: soap_tf2dm.smx
L 01/17/2022 - 09:26:15: [SM] Call stack trace:
L 01/17/2022 - 09:26:15: [SM]   [0] GetArrayArray
L 01/17/2022 - 09:26:15: [SM]   [1] Line 863, soap_tf2dm.sp::RandomSpawn
L 01/17/2022 - 09:26:15: [SM]   [2] Line 1577, soap_tf2dm.sp::Event_player_spawn
L 01/17/2022 - 09:26:27: [SM] Exception reported: Invalid index 0 (count: 0)
L 01/17/2022 - 09:26:27: [SM] Blaming: soap_tf2dm.smx
L 01/17/2022 - 09:26:27: [SM] Call stack trace:
L 01/17/2022 - 09:26:27: [SM]   [0] GetArrayArray
L 01/17/2022 - 09:26:27: [SM]   [1] Line 863, soap_tf2dm.sp::RandomSpawn
L 01/17/2022 - 09:26:27: [SM]   [2] Line 1577, soap_tf2dm.sp::Event_player_spawn
L 01/17/2022 - 09:26:27: [SM]   [4] TF2_RespawnPlayer
L 01/17/2022 - 09:26:27: [SM]   [5] Line 1233, soap_tf2dm.sp::Respawn
L 01/17/2022 - 09:26:48: [SM] Exception reported: Invalid index 0 (count: 0)
L 01/17/2022 - 09:26:48: [SM] Blaming: soap_tf2dm.smx
L 01/17/2022 - 09:26:48: [SM] Call stack trace:
L 01/17/2022 - 09:26:48: [SM]   [0] GetArrayArray
L 01/17/2022 - 09:26:48: [SM]   [1] Line 863, soap_tf2dm.sp::RandomSpawn
L 01/17/2022 - 09:26:48: [SM]   [2] Line 1577, soap_tf2dm.sp::Event_player_spawn
L 01/17/2022 - 09:26:48: [SM]   [4] TF2_RespawnPlayer
L 01/17/2022 - 09:26:48: [SM]   [5] Line 1233, soap_tf2dm.sp::Respawn
L 01/17/2022 - 09:27:02: [SM] Exception reported: Invalid index 0 (count: 0)
L 01/17/2022 - 09:27:02: [SM] Blaming: soap_tf2dm.smx
L 01/17/2022 - 09:27:02: [SM] Call stack trace:
L 01/17/2022 - 09:27:02: [SM]   [0] GetArrayArray
L 01/17/2022 - 09:27:02: [SM]   [1] Line 863, soap_tf2dm.sp::RandomSpawn
L 01/17/2022 - 09:27:02: [SM]   [2] Line 1577, soap_tf2dm.sp::Event_player_spawn
L 01/17/2022 - 09:27:02: [SM]   [4] TF2_RespawnPlayer
L 01/17/2022 - 09:27:02: [SM]   [5] Line 1233, soap_tf2dm.sp::Respawn
L 01/17/2022 - 09:27:48: [SM] Exception reported: Invalid index 0 (count: 0)
L 01/17/2022 - 09:27:48: [SM] Blaming: soap_tf2dm.smx
L 01/17/2022 - 09:27:48: [SM] Call stack trace:
L 01/17/2022 - 09:27:48: [SM]   [0] GetArrayArray
L 01/17/2022 - 09:27:48: [SM]   [1] Line 863, soap_tf2dm.sp::RandomSpawn
L 01/17/2022 - 09:27:48: [SM]   [2] Line 1577, soap_tf2dm.sp::Event_player_spawn
L 01/17/2022 - 09:27:48: [SM]   [4] TF2_RespawnPlayer
L 01/17/2022 - 09:27:48: [SM]   [5] Line 1233, soap_tf2dm.sp::Respawn
L 01/17/2022 - 09:27:53: [SM] Exception reported: Invalid index 0 (count: 0)
L 01/17/2022 - 09:27:53: [SM] Blaming: soap_tf2dm.smx
L 01/17/2022 - 09:27:53: [SM] Call stack trace:
L 01/17/2022 - 09:27:53: [SM]   [0] GetArrayArray
L 01/17/2022 - 09:27:53: [SM]   [1] Line 863, soap_tf2dm.sp::RandomSpawn
L 01/17/2022 - 09:27:53: [SM]   [2] Line 1577, soap_tf2dm.sp::Event_player_spawn
L 01/17/2022 - 09:27:55: [SM] Exception reported: Invalid index 0 (count: 0)
L 01/17/2022 - 09:27:55: [SM] Blaming: soap_tf2dm.smx
L 01/17/2022 - 09:27:55: [SM] Call stack trace:
L 01/17/2022 - 09:27:55: [SM]   [0] GetArrayArray
L 01/17/2022 - 09:27:55: [SM]   [1] Line 863, soap_tf2dm.sp::RandomSpawn
L 01/17/2022 - 09:27:55: [SM]   [2] Line 1577, soap_tf2dm.sp::Event_player_spawn
L 01/17/2022 - 09:27:55: [SM]   [4] TF2_RespawnPlayer
L 01/17/2022 - 09:27:55: [SM]   [5] Line 1233, soap_tf2dm.sp::Respawn
L 01/17/2022 - 09:28:55: [SM] Exception reported: Invalid index 0 (count: 0)
L 01/17/2022 - 09:28:55: [SM] Blaming: soap_tf2dm.smx
L 01/17/2022 - 09:28:55: [SM] Call stack trace:
L 01/17/2022 - 09:28:55: [SM]   [0] GetArrayArray
L 01/17/2022 - 09:28:55: [SM]   [1] Line 863, soap_tf2dm.sp::RandomSpawn
L 01/17/2022 - 09:28:55: [SM]   [2] Line 1577, soap_tf2dm.sp::Event_player_spawn
L 01/17/2022 - 09:28:59: [SM] Exception reported: Invalid index 0 (count: 0)
L 01/17/2022 - 09:28:59: [SM] Blaming: soap_tf2dm.smx
L 01/17/2022 - 09:28:59: [SM] Call stack trace:
L 01/17/2022 - 09:28:59: [SM]   [0] GetArrayArray
L 01/17/2022 - 09:28:59: [SM]   [1] Line 863, soap_tf2dm.sp::RandomSpawn
L 01/17/2022 - 09:28:59: [SM]   [2] Line 1577, soap_tf2dm.sp::Event_player_spawn
L 01/17/2022 - 09:28:59: [SM]   [4] TF2_RespawnPlayer
L 01/17/2022 - 09:28:59: [SM]   [5] Line 1233, soap_tf2dm.sp::Respawn
L 01/17/2022 - 09:30:11: [SM] Exception reported: Invalid index 0 (count: 0)
L 01/17/2022 - 09:30:11: [SM] Blaming: soap_tf2dm.smx
L 01/17/2022 - 09:30:11: [SM] Call stack trace:
L 01/17/2022 - 09:30:11: [SM]   [0] GetArrayArray
L 01/17/2022 - 09:30:11: [SM]   [1] Line 863, soap_tf2dm.sp::RandomSpawn
L 01/17/2022 - 09:30:11: [SM]   [2] Line 1577, soap_tf2dm.sp::Event_player_spawn
L 01/17/2022 - 09:30:12: [SM] Exception reported: Invalid index 0 (count: 0)
L 01/17/2022 - 09:30:12: [SM] Blaming: soap_tf2dm.smx
L 01/17/2022 - 09:30:12: [SM] Call stack trace:
L 01/17/2022 - 09:30:12: [SM]   [0] GetArrayArray
L 01/17/2022 - 09:30:12: [SM]   [1] Line 863, soap_tf2dm.sp::RandomSpawn
L 01/17/2022 - 09:30:12: [SM]   [2] Line 1577, soap_tf2dm.sp::Event_player_spawn
L 01/17/2022 - 09:30:12: [SM]   [4] TF2_RespawnPlayer
L 01/17/2022 - 09:30:12: [SM]   [5] Line 1233, soap_tf2dm.sp::Respawn
L 01/17/2022 - 09:31:47: [soap_tf2dm.smx] Spawn at -231.97 584.03 196.02 is outside the world! Aborting...
L 01/17/2022 - 09:31:47: [soap_tf2dm.smx] Spawn at -887.63 324.79 132.02 clips into the world - needs more space! Aborting...
L 01/17/2022 - 09:31:47: [soap_tf2dm.smx] Spawn at 231.97 -584.03 196.02 is outside the world! Aborting...
L 01/17/2022 - 09:31:47: [soap_tf2dm.smx] Spawn at 1160.03 -391.83 193.02 is outside the world! Aborting...
L 01/17/2022 - 09:31:47: [soap_tf2dm.smx] Spawn at -544.01 -1123.96 75.02 clips into the world - needs more space! Aborting...
L 01/17/2022 - 09:31:47: [soap_tf2dm.smx] Spawn at -544.03 -325.79 -14.96 is outside the world! Aborting...
L 01/17/2022 - 09:31:48: [soap_tf2dm.smx] Spawn at -1432.02 -999.97 -30.96 is outside the world! Aborting...
L 01/17/2022 - 09:31:48: [soap_tf2dm.smx] Spawn at -1168.03 419.95 193.02 is outside the world! Aborting...
L 01/17/2022 - 09:31:48: [soap_tf2dm.smx] Spawn at 1432.03 999.97 -30.96 is outside the world! Aborting...
L 01/17/2022 - 09:31:48: [soap_tf2dm.smx] Spawn at 544.03 325.94 -14.96 is outside the world! Aborting...
L 01/17/2022 - 09:31:48: [SM] Exception reported: Invalid index 0 (count: 0)
L 01/17/2022 - 09:31:48: [SM] Blaming: soap_tf2dm.smx
L 01/17/2022 - 09:31:48: [SM] Call stack trace:
L 01/17/2022 - 09:31:48: [SM]   [0] GetArrayArray
L 01/17/2022 - 09:31:48: [SM]   [1] Line 863, soap_tf2dm.sp::RandomSpawn
L 01/17/2022 - 09:31:48: [SM] Exception reported: Invalid index 0 (count: 0)
L 01/17/2022 - 09:31:48: [SM] Blaming: soap_tf2dm.smx
L 01/17/2022 - 09:31:48: [SM] Call stack trace:
L 01/17/2022 - 09:31:48: [SM]   [0] GetArrayArray
L 01/17/2022 - 09:31:48: [SM]   [1] Line 863, soap_tf2dm.sp::RandomSpawn
L 01/17/2022 - 09:31:48: [soap_tf2dm.smx] Spawn at 887.63 -324.79 132.02 clips into the world - needs more space! Aborting...
L 01/17/2022 - 09:31:48: [soap_tf2dm.smx] Spawn at 544.03 1123.96 75.02 clips into the world - needs more space! Aborting...
L 01/17/2022 - 09:31:48: [SM] Exception reported: Invalid index 0 (count: 0)
L 01/17/2022 - 09:31:48: [SM] Blaming: soap_tf2dm.smx
L 01/17/2022 - 09:31:48: [SM] Call stack trace:
L 01/17/2022 - 09:31:48: [SM]   [0] GetArrayArray
L 01/17/2022 - 09:31:48: [SM]   [1] Line 853, soap_tf2dm.sp::RandomSpawn
L 01/17/2022 - 09:33:55: [SM] Exception reported: Invalid index 0 (count: 0)
L 01/17/2022 - 09:33:55: [SM] Blaming: soap_tf2dm.smx
L 01/17/2022 - 09:33:55: [SM] Call stack trace:
L 01/17/2022 - 09:33:55: [SM]   [0] GetArrayArray
L 01/17/2022 - 09:33:55: [SM]   [1] Line 853, soap_tf2dm.sp::RandomSpawn
L 01/17/2022 - 09:33:55: [SM]   [2] Line 1577, soap_tf2dm.sp::Event_player_spawn
L 01/17/2022 - 09:33:55: [SM]   [4] TF2_RespawnPlayer
L 01/17/2022 - 09:33:55: [SM]   [5] Line 1233, soap_tf2dm.sp::Respawn
L 01/17/2022 - 09:34:30: [SM] Exception reported: Invalid index 0 (count: 0)
L 01/17/2022 - 09:34:30: [SM] Blaming: soap_tf2dm.smx
L 01/17/2022 - 09:34:30: [SM] Call stack trace:
L 01/17/2022 - 09:34:30: [SM]   [0] GetArrayArray
L 01/17/2022 - 09:34:30: [SM]   [1] Line 853, soap_tf2dm.sp::RandomSpawn
L 01/17/2022 - 09:34:30: [SM]   [2] Line 1577, soap_tf2dm.sp::Event_player_spawn
L 01/17/2022 - 09:34:31: [SM] Exception reported: Invalid index 0 (count: 0)
L 01/17/2022 - 09:34:31: [SM] Blaming: soap_tf2dm.smx
L 01/17/2022 - 09:34:31: [SM] Call stack trace:
L 01/17/2022 - 09:34:31: [SM]   [0] GetArrayArray
L 01/17/2022 - 09:34:31: [SM]   [1] Line 853, soap_tf2dm.sp::RandomSpawn
L 01/17/2022 - 09:34:31: [SM]   [2] Line 1577, soap_tf2dm.sp::Event_player_spawn
L 01/17/2022 - 09:35:26: [soap_tf2dm.smx] Spawn at 1432.03 999.97 -30.96 is outside the world! Aborting...
L 01/17/2022 - 09:35:26: [soap_tf2dm.smx] Spawn at 544.03 325.94 -14.96 is outside the world! Aborting...
L 01/17/2022 - 09:35:26: [soap_tf2dm.smx] Spawn at -544.03 -325.79 -14.96 is outside the world! Aborting...
L 01/17/2022 - 09:35:26: [soap_tf2dm.smx] Spawn at -544.01 -1123.96 75.02 clips into the world - needs more space! Aborting...
L 01/17/2022 - 09:35:26: [soap_tf2dm.smx] Spawn at 544.03 1123.96 75.02 clips into the world - needs more space! Aborting...
L 01/17/2022 - 09:35:26: [soap_tf2dm.smx] Spawn at -887.63 324.79 132.02 clips into the world - needs more space! Aborting...
L 01/17/2022 - 09:35:26: [soap_tf2dm.smx] Spawn at -1168.03 419.95 193.02 is outside the world! Aborting...
L 01/17/2022 - 09:35:26: [soap_tf2dm.smx] Spawn at 887.63 -324.79 132.02 clips into the world - needs more space! Aborting...
L 01/17/2022 - 09:35:26: [soap_tf2dm.smx] Spawn at 231.97 -584.03 196.02 is outside the world! Aborting...
L 01/17/2022 - 09:35:27: [soap_tf2dm.smx] Spawn at 1160.03 -391.83 193.02 is outside the world! Aborting...
L 01/17/2022 - 09:35:27: [SM] Exception reported: Invalid index 0 (count: 0)
L 01/17/2022 - 09:35:27: [SM] Blaming: soap_tf2dm.smx
L 01/17/2022 - 09:35:27: [SM] Call stack trace:
L 01/17/2022 - 09:35:27: [SM]   [0] GetArrayArray
L 01/17/2022 - 09:35:27: [SM]   [1] Line 853, soap_tf2dm.sp::RandomSpawn
L 01/17/2022 - 09:35:27: [SM] Exception reported: Invalid index 0 (count: 0)
L 01/17/2022 - 09:35:27: [SM] Blaming: soap_tf2dm.smx
L 01/17/2022 - 09:35:27: [SM] Call stack trace:
L 01/17/2022 - 09:35:27: [SM]   [0] GetArrayArray
L 01/17/2022 - 09:35:27: [SM]   [1] Line 853, soap_tf2dm.sp::RandomSpawn
L 01/17/2022 - 09:35:27: [soap_tf2dm.smx] Spawn at -1432.02 -999.97 -30.96 is outside the world! Aborting...
L 01/17/2022 - 09:35:27: [soap_tf2dm.smx] Spawn at -231.97 584.03 196.02 is outside the world! Aborting...
L 01/17/2022 - 09:35:27: [SM] Exception reported: Invalid index 0 (count: 0)
L 01/17/2022 - 09:35:27: [SM] Blaming: soap_tf2dm.smx
L 01/17/2022 - 09:35:27: [SM] Call stack trace:
L 01/17/2022 - 09:35:27: [SM]   [0] GetArrayArray
L 01/17/2022 - 09:35:27: [SM]   [1] Line 863, soap_tf2dm.sp::RandomSpawn
L 01/17/2022 - 09:35:27: [SM] Exception reported: Invalid index 0 (count: 0)
L 01/17/2022 - 09:35:27: [SM] Blaming: soap_tf2dm.smx
L 01/17/2022 - 09:35:27: [SM] Call stack trace:
L 01/17/2022 - 09:35:27: [SM]   [0] GetArrayArray
L 01/17/2022 - 09:35:27: [SM]   [1] Line 863, soap_tf2dm.sp::RandomSpawn
L 01/17/2022 - 09:35:27: [SM] Exception reported: Invalid index 0 (count: 0)
L 01/17/2022 - 09:35:27: [SM] Blaming: soap_tf2dm.smx
L 01/17/2022 - 09:35:27: [SM] Call stack trace:
L 01/17/2022 - 09:35:27: [SM]   [0] GetArrayArray
L 01/17/2022 - 09:35:27: [SM]   [1] Line 853, soap_tf2dm.sp::RandomSpawn
L 01/17/2022 - 09:36:55: [SM] Exception reported: Invalid index 0 (count: 0)
L 01/17/2022 - 09:36:55: [SM] Blaming: soap_tf2dm.smx
L 01/17/2022 - 09:36:55: [SM] Call stack trace:
L 01/17/2022 - 09:36:55: [SM]   [0] GetArrayArray
L 01/17/2022 - 09:36:55: [SM]   [1] Line 863, soap_tf2dm.sp::RandomSpawn
L 01/17/2022 - 09:36:55: [SM]   [2] Line 1577, soap_tf2dm.sp::Event_player_spawn
L 01/17/2022 - 09:36:55: [SM]   [4] TF2_RespawnPlayer
L 01/17/2022 - 09:36:55: [SM]   [5] Line 1233, soap_tf2dm.sp::Respawn
L 01/17/2022 - 09:37:51: [SM] Exception reported: Invalid index 0 (count: 0)
L 01/17/2022 - 09:37:51: [SM] Blaming: soap_tf2dm.smx
L 01/17/2022 - 09:37:51: [SM] Call stack trace:
L 01/17/2022 - 09:37:51: [SM]   [0] GetArrayArray
L 01/17/2022 - 09:37:51: [SM]   [1] Line 863, soap_tf2dm.sp::RandomSpawn
L 01/17/2022 - 09:37:51: [SM]   [2] Line 1577, soap_tf2dm.sp::Event_player_spawn
L 01/17/2022 - 09:37:51: [SM]   [4] TF2_RespawnPlayer
L 01/17/2022 - 09:37:51: [SM]   [5] Line 1233, soap_tf2dm.sp::Respawn
L 01/17/2022 - 09:38:03: [SM] Exception reported: Invalid index 0 (count: 0)
L 01/17/2022 - 09:38:03: [SM] Blaming: soap_tf2dm.smx
L 01/17/2022 - 09:38:03: [SM] Call stack trace:
L 01/17/2022 - 09:38:03: [SM]   [0] GetArrayArray
L 01/17/2022 - 09:38:03: [SM]   [1] Line 863, soap_tf2dm.sp::RandomSpawn
L 01/17/2022 - 09:38:03: [SM]   [2] Line 1577, soap_tf2dm.sp::Event_player_spawn
L 01/17/2022 - 09:38:03: [SM]   [4] TF2_RespawnPlayer
L 01/17/2022 - 09:38:03: [SM]   [5] Line 1233, soap_tf2dm.sp::Respawn
L 01/17/2022 - 09:38:29: [SM] Exception reported: Invalid index 0 (count: 0)
L 01/17/2022 - 09:38:29: [SM] Blaming: soap_tf2dm.smx
L 01/17/2022 - 09:38:29: [SM] Call stack trace:
L 01/17/2022 - 09:38:29: [SM]   [0] GetArrayArray
L 01/17/2022 - 09:38:29: [SM]   [1] Line 863, soap_tf2dm.sp::RandomSpawn
L 01/17/2022 - 09:38:29: [SM]   [2] Line 1577, soap_tf2dm.sp::Event_player_spawn
L 01/17/2022 - 09:38:29: [SM]   [4] TF2_RespawnPlayer
L 01/17/2022 - 09:38:29: [SM]   [5] Line 1233, soap_tf2dm.sp::Respawn
L 01/17/2022 - 09:38:43: Error log file session closed.
L 01/17/2022 - 10:31:27: SourceMod error session started
L 01/17/2022 - 10:31:27: Info (map "koth_bagel_rc5") (file "/home/server/tf2/tf/addons/sourcemod/logs/errors_20220117.log")
L 01/17/2022 - 10:31:27: [soap_tf2dm.smx] Spawn at -1168.03 419.95 193.02 is outside the world! Aborting...
L 01/17/2022 - 10:31:27: [soap_tf2dm.smx] Spawn at -231.97 584.03 196.02 is outside the world! Aborting...
L 01/17/2022 - 10:31:28: [soap_tf2dm.smx] Spawn at -887.63 324.79 132.02 clips into the world - needs more space! Aborting...
L 01/17/2022 - 10:31:28: [soap_tf2dm.smx] Spawn at -544.01 -1123.96 75.02 clips into the world - needs more space! Aborting...
L 01/17/2022 - 10:31:28: [soap_tf2dm.smx] Spawn at -544.03 -325.79 -14.96 is outside the world! Aborting...
L 01/17/2022 - 10:31:28: [soap_tf2dm.smx] Spawn at -1432.02 -999.97 -30.96 is outside the world! Aborting...
L 01/17/2022 - 10:31:28: [SM] Exception reported: Invalid index 0 (count: 0)
L 01/17/2022 - 10:31:28: [SM] Blaming: soap_tf2dm.smx
L 01/17/2022 - 10:31:28: [SM] Call stack trace:
L 01/17/2022 - 10:31:28: [SM]   [0] GetArrayArray
L 01/17/2022 - 10:31:28: [SM]   [1] Line 863, soap_tf2dm.sp::RandomSpawn
L 01/17/2022 - 10:31:28: [SM] Exception reported: Invalid index 0 (count: 0)
L 01/17/2022 - 10:31:28: [SM] Blaming: soap_tf2dm.smx
L 01/17/2022 - 10:31:28: [SM] Call stack trace:
L 01/17/2022 - 10:31:28: [SM]   [0] GetArrayArray
L 01/17/2022 - 10:31:28: [SM]   [1] Line 863, soap_tf2dm.sp::RandomSpawn
L 01/17/2022 - 10:31:29: [SM] Exception reported: Invalid index 0 (count: 0)
L 01/17/2022 - 10:31:29: [SM] Blaming: soap_tf2dm.smx
L 01/17/2022 - 10:31:29: [SM] Call stack trace:
L 01/17/2022 - 10:31:29: [SM]   [0] GetArrayArray
L 01/17/2022 - 10:31:29: [SM]   [1] Line 863, soap_tf2dm.sp::RandomSpawn
L 01/17/2022 - 10:31:29: [SM]   [2] Line 1577, soap_tf2dm.sp::Event_player_spawn
L 01/17/2022 - 10:31:31: [SM] Exception reported: Invalid index 0 (count: 0)
L 01/17/2022 - 10:31:31: [SM] Blaming: soap_tf2dm.smx
L 01/17/2022 - 10:31:31: [SM] Call stack trace:
L 01/17/2022 - 10:31:31: [SM]   [0] GetArrayArray
L 01/17/2022 - 10:31:31: [SM]   [1] Line 863, soap_tf2dm.sp::RandomSpawn
L 01/17/2022 - 10:31:31: [SM]   [2] Line 1577, soap_tf2dm.sp::Event_player_spawn
L 01/17/2022 - 10:31:35: [SM] Exception reported: Invalid index 0 (count: 0)
L 01/17/2022 - 10:31:35: [SM] Blaming: soap_tf2dm.smx
L 01/17/2022 - 10:31:35: [SM] Call stack trace:
L 01/17/2022 - 10:31:35: [SM]   [0] GetArrayArray
L 01/17/2022 - 10:31:35: [SM]   [1] Line 863, soap_tf2dm.sp::RandomSpawn
L 01/17/2022 - 10:31:35: [SM]   [2] Line 1577, soap_tf2dm.sp::Event_player_spawn
L 01/17/2022 - 10:31:36: [SM] Exception reported: Invalid index 0 (count: 0)
L 01/17/2022 - 10:31:36: [SM] Blaming: soap_tf2dm.smx
L 01/17/2022 - 10:31:36: [SM] Call stack trace:
L 01/17/2022 - 10:31:36: [SM]   [0] GetArrayArray
L 01/17/2022 - 10:31:36: [SM]   [1] Line 863, soap_tf2dm.sp::RandomSpawn
L 01/17/2022 - 10:31:36: [SM]   [2] Line 1577, soap_tf2dm.sp::Event_player_spawn
L 01/17/2022 - 10:31:37: [SM] Exception reported: Invalid index 0 (count: 0)
L 01/17/2022 - 10:31:37: [SM] Blaming: soap_tf2dm.smx
L 01/17/2022 - 10:31:37: [SM] Call stack trace:
L 01/17/2022 - 10:31:37: [SM]   [0] GetArrayArray
L 01/17/2022 - 10:31:37: [SM]   [1] Line 863, soap_tf2dm.sp::RandomSpawn
L 01/17/2022 - 10:31:37: [SM]   [2] Line 1577, soap_tf2dm.sp::Event_player_spawn
L 01/17/2022 - 10:31:43: [soap_tf2dm.smx] Spawn at 544.03 1123.96 75.02 clips into the world - needs more space! Aborting...
L 01/17/2022 - 10:31:44: [soap_tf2dm.smx] Spawn at 544.03 325.94 -14.96 is outside the world! Aborting...
L 01/17/2022 - 10:31:44: [soap_tf2dm.smx] Spawn at 887.63 -324.79 132.02 clips into the world - needs more space! Aborting...
L 01/17/2022 - 10:31:44: [soap_tf2dm.smx] Spawn at 231.97 -584.03 196.02 is outside the world! Aborting...
L 01/17/2022 - 10:31:44: [soap_tf2dm.smx] Spawn at 1432.03 999.97 -30.96 is outside the world! Aborting...
L 01/17/2022 - 10:31:44: [soap_tf2dm.smx] Spawn at 1160.03 -391.83 193.02 is outside the world! Aborting...
L 01/17/2022 - 10:31:44: [SM] Exception reported: Invalid index 0 (count: 0)
L 01/17/2022 - 10:31:44: [SM] Blaming: soap_tf2dm.smx
L 01/17/2022 - 10:31:44: [SM] Call stack trace:
L 01/17/2022 - 10:31:44: [SM]   [0] GetArrayArray
L 01/17/2022 - 10:31:44: [SM]   [1] Line 853, soap_tf2dm.sp::RandomSpawn
L 01/17/2022 - 10:31:45: [SM] Exception reported: Invalid index 0 (count: 0)
L 01/17/2022 - 10:31:45: [SM] Blaming: soap_tf2dm.smx
L 01/17/2022 - 10:31:45: [SM] Call stack trace:
L 01/17/2022 - 10:31:45: [SM]   [0] GetArrayArray
L 01/17/2022 - 10:31:45: [SM]   [1] Line 853, soap_tf2dm.sp::RandomSpawn
L 01/17/2022 - 10:31:45: [SM]   [2] Line 1577, soap_tf2dm.sp::Event_player_spawn
L 01/17/2022 - 10:31:52: [SM] Exception reported: Invalid index 0 (count: 0)
L 01/17/2022 - 10:31:52: [SM] Blaming: soap_tf2dm.smx
L 01/17/2022 - 10:31:52: [SM] Call stack trace:
L 01/17/2022 - 10:31:52: [SM]   [0] GetArrayArray
L 01/17/2022 - 10:31:52: [SM]   [1] Line 853, soap_tf2dm.sp::RandomSpawn
L 01/17/2022 - 10:31:52: [SM]   [2] Line 1577, soap_tf2dm.sp::Event_player_spawn
L 01/17/2022 - 10:31:56: [SM] Exception reported: Invalid index 0 (count: 0)
L 01/17/2022 - 10:31:56: [SM] Blaming: soap_tf2dm.smx
L 01/17/2022 - 10:31:56: [SM] Call stack trace:
L 01/17/2022 - 10:31:56: [SM]   [0] GetArrayArray
L 01/17/2022 - 10:31:56: [SM]   [1] Line 863, soap_tf2dm.sp::RandomSpawn
L 01/17/2022 - 10:31:56: [SM]   [2] Line 1577, soap_tf2dm.sp::Event_player_spawn
L 01/17/2022 - 10:31:56: [SM]   [4] TF2_RespawnPlayer
L 01/17/2022 - 10:31:56: [SM]   [5] Line 1233, soap_tf2dm.sp::Respawn
L 01/17/2022 - 10:31:57: [SM] Exception reported: Invalid index 0 (count: 0)
L 01/17/2022 - 10:31:57: [SM] Blaming: soap_tf2dm.smx
L 01/17/2022 - 10:31:57: [SM] Call stack trace:
L 01/17/2022 - 10:31:57: [SM]   [0] GetArrayArray
L 01/17/2022 - 10:31:57: [SM]   [1] Line 863, soap_tf2dm.sp::RandomSpawn
L 01/17/2022 - 10:31:57: [SM]   [2] Line 1577, soap_tf2dm.sp::Event_player_spawn
L 01/17/2022 - 10:31:57: [SM]   [4] TF2_RespawnPlayer
L 01/17/2022 - 10:31:57: [SM]   [5] Line 1233, soap_tf2dm.sp::Respawn
L 01/17/2022 - 10:32:00: [SM] Exception reported: Invalid index 0 (count: 0)
L 01/17/2022 - 10:32:00: [SM] Blaming: soap_tf2dm.smx
L 01/17/2022 - 10:32:00: [SM] Call stack trace:
L 01/17/2022 - 10:32:00: [SM]   [0] GetArrayArray
L 01/17/2022 - 10:32:00: [SM]   [1] Line 853, soap_tf2dm.sp::RandomSpawn
L 01/17/2022 - 10:32:00: [SM]   [2] Line 1577, soap_tf2dm.sp::Event_player_spawn
L 01/17/2022 - 10:32:06: [SM] Exception reported: Invalid index 0 (count: 0)
L 01/17/2022 - 10:32:06: [SM] Blaming: soap_tf2dm.smx
L 01/17/2022 - 10:32:06: [SM] Call stack trace:
L 01/17/2022 - 10:32:06: [SM]   [0] GetArrayArray
L 01/17/2022 - 10:32:06: [SM]   [1] Line 853, soap_tf2dm.sp::RandomSpawn
L 01/17/2022 - 10:32:06: [SM]   [2] Line 1577, soap_tf2dm.sp::Event_player_spawn
L 01/17/2022 - 10:32:06: [SM]   [4] TF2_RespawnPlayer
L 01/17/2022 - 10:32:06: [SM]   [5] Line 1233, soap_tf2dm.sp::Respawn
L 01/17/2022 - 10:32:10: [SM] Exception reported: Invalid index 0 (count: 0)
L 01/17/2022 - 10:32:10: [SM] Blaming: soap_tf2dm.smx
L 01/17/2022 - 10:32:10: [SM] Call stack trace:
L 01/17/2022 - 10:32:10: [SM]   [0] GetArrayArray
L 01/17/2022 - 10:32:10: [SM]   [1] Line 863, soap_tf2dm.sp::RandomSpawn
L 01/17/2022 - 10:32:10: [SM]   [2] Line 1577, soap_tf2dm.sp::Event_player_spawn
L 01/17/2022 - 10:32:10: [SM]   [4] TF2_RespawnPlayer
L 01/17/2022 - 10:32:10: [SM]   [5] Line 1233, soap_tf2dm.sp::Respawn
L 01/17/2022 - 10:32:12: [SM] Exception reported: Invalid index 0 (count: 0)
L 01/17/2022 - 10:32:12: [SM] Blaming: soap_tf2dm.smx
L 01/17/2022 - 10:32:12: [SM] Call stack trace:
L 01/17/2022 - 10:32:12: [SM]   [0] GetArrayArray
L 01/17/2022 - 10:32:12: [SM]   [1] Line 853, soap_tf2dm.sp::RandomSpawn
L 01/17/2022 - 10:32:12: [SM]   [2] Line 1577, soap_tf2dm.sp::Event_player_spawn
L 01/17/2022 - 10:32:12: [SM]   [4] TF2_RespawnPlayer
L 01/17/2022 - 10:32:12: [SM]   [5] Line 1233, soap_tf2dm.sp::Respawn
L 01/17/2022 - 10:32:15: [SM] Exception reported: Invalid index 0 (count: 0)
L 01/17/2022 - 10:32:15: [SM] Blaming: soap_tf2dm.smx
L 01/17/2022 - 10:32:15: [SM] Call stack trace:
L 01/17/2022 - 10:32:15: [SM]   [0] GetArrayArray
L 01/17/2022 - 10:32:15: [SM]   [1] Line 853, soap_tf2dm.sp::RandomSpawn
L 01/17/2022 - 10:32:15: [SM]   [2] Line 1577, soap_tf2dm.sp::Event_player_spawn
L 01/17/2022 - 10:32:15: [SM]   [4] TF2_RespawnPlayer
L 01/17/2022 - 10:32:15: [SM]   [5] Line 1233, soap_tf2dm.sp::Respawn
L 01/17/2022 - 10:32:21: [SM] Exception reported: Invalid index 0 (count: 0)
L 01/17/2022 - 10:32:21: [SM] Blaming: soap_tf2dm.smx
L 01/17/2022 - 10:32:21: [SM] Call stack trace:
L 01/17/2022 - 10:32:21: [SM]   [0] GetArrayArray
L 01/17/2022 - 10:32:21: [SM]   [1] Line 853, soap_tf2dm.sp::RandomSpawn
L 01/17/2022 - 10:32:21: [SM]   [2] Line 1577, soap_tf2dm.sp::Event_player_spawn
L 01/17/2022 - 10:32:25: [SM] Exception reported: Invalid index 0 (count: 0)
L 01/17/2022 - 10:32:25: [SM] Blaming: soap_tf2dm.smx
L 01/17/2022 - 10:32:25: [SM] Call stack trace:
L 01/17/2022 - 10:32:25: [SM]   [0] GetArrayArray
L 01/17/2022 - 10:32:25: [SM]   [1] Line 863, soap_tf2dm.sp::RandomSpawn
L 01/17/2022 - 10:32:25: [SM]   [2] Line 1577, soap_tf2dm.sp::Event_player_spawn
L 01/17/2022 - 10:32:25: [SM]   [4] TF2_RespawnPlayer
L 01/17/2022 - 10:32:25: [SM]   [5] Line 1233, soap_tf2dm.sp::Respawn
L 01/17/2022 - 10:32:33: [SM] Exception reported: Invalid index 0 (count: 0)
L 01/17/2022 - 10:32:33: [SM] Blaming: soap_tf2dm.smx
L 01/17/2022 - 10:32:33: [SM] Call stack trace:
L 01/17/2022 - 10:32:33: [SM]   [0] GetArrayArray
L 01/17/2022 - 10:32:33: [SM]   [1] Line 853, soap_tf2dm.sp::RandomSpawn
L 01/17/2022 - 10:32:33: [SM]   [2] Line 1577, soap_tf2dm.sp::Event_player_spawn
L 01/17/2022 - 10:32:33: [SM]   [4] TF2_RespawnPlayer
L 01/17/2022 - 10:32:33: [SM]   [5] Line 1233, soap_tf2dm.sp::Respawn
L 01/17/2022 - 10:32:49: [SM] Exception reported: Invalid index 0 (count: 0)
L 01/17/2022 - 10:32:49: [SM] Blaming: soap_tf2dm.smx
L 01/17/2022 - 10:32:49: [SM] Call stack trace:
L 01/17/2022 - 10:32:49: [SM]   [0] GetArrayArray
L 01/17/2022 - 10:32:49: [SM]   [1] Line 863, soap_tf2dm.sp::RandomSpawn
L 01/17/2022 - 10:32:49: [SM]   [2] Line 1577, soap_tf2dm.sp::Event_player_spawn
L 01/17/2022 - 10:32:49: [SM]   [4] TF2_RespawnPlayer
L 01/17/2022 - 10:32:49: [SM]   [5] Line 1233, soap_tf2dm.sp::Respawn
L 01/17/2022 - 10:32:50: [SM] Exception reported: Invalid index 0 (count: 0)
L 01/17/2022 - 10:32:50: [SM] Blaming: soap_tf2dm.smx
L 01/17/2022 - 10:32:50: [SM] Call stack trace:
L 01/17/2022 - 10:32:50: [SM]   [0] GetArrayArray
L 01/17/2022 - 10:32:50: [SM]   [1] Line 863, soap_tf2dm.sp::RandomSpawn
L 01/17/2022 - 10:32:50: [SM]   [2] Line 1577, soap_tf2dm.sp::Event_player_spawn
L 01/17/2022 - 10:32:50: [SM]   [4] TF2_RespawnPlayer
L 01/17/2022 - 10:32:50: [SM]   [5] Line 1233, soap_tf2dm.sp::Respawn
L 01/17/2022 - 10:32:54: [SM] Exception reported: Invalid index 0 (count: 0)
L 01/17/2022 - 10:32:54: [SM] Blaming: soap_tf2dm.smx
L 01/17/2022 - 10:32:54: [SM] Call stack trace:
L 01/17/2022 - 10:32:54: [SM]   [0] GetArrayArray
L 01/17/2022 - 10:32:54: [SM]   [1] Line 863, soap_tf2dm.sp::RandomSpawn
L 01/17/2022 - 10:32:54: [SM]   [2] Line 1577, soap_tf2dm.sp::Event_player_spawn
L 01/17/2022 - 10:32:54: [SM]   [4] TF2_RespawnPlayer
L 01/17/2022 - 10:32:54: [SM]   [5] Line 1233, soap_tf2dm.sp::Respawn
L 01/17/2022 - 10:32:54: [SM] Exception reported: Invalid index 0 (count: 0)
L 01/17/2022 - 10:32:54: [SM] Blaming: soap_tf2dm.smx
L 01/17/2022 - 10:32:54: [SM] Call stack trace:
L 01/17/2022 - 10:32:54: [SM]   [0] GetArrayArray
L 01/17/2022 - 10:32:54: [SM]   [1] Line 853, soap_tf2dm.sp::RandomSpawn
L 01/17/2022 - 10:32:54: [SM]   [2] Line 1577, soap_tf2dm.sp::Event_player_spawn
L 01/17/2022 - 10:32:54: [SM]   [4] TF2_RespawnPlayer
L 01/17/2022 - 10:32:54: [SM]   [5] Line 1233, soap_tf2dm.sp::Respawn
L 01/17/2022 - 10:32:58: [SM] Exception reported: Invalid index 0 (count: 0)
L 01/17/2022 - 10:32:58: [SM] Blaming: soap_tf2dm.smx
L 01/17/2022 - 10:32:58: [SM] Call stack trace:
L 01/17/2022 - 10:32:58: [SM]   [0] GetArrayArray
L 01/17/2022 - 10:32:58: [SM]   [1] Line 853, soap_tf2dm.sp::RandomSpawn
L 01/17/2022 - 10:32:58: [SM]   [2] Line 1577, soap_tf2dm.sp::Event_player_spawn
L 01/17/2022 - 10:33:08: [SM] Exception reported: Invalid index 0 (count: 0)
L 01/17/2022 - 10:33:08: [SM] Blaming: soap_tf2dm.smx
L 01/17/2022 - 10:33:08: [SM] Call stack trace:
L 01/17/2022 - 10:33:08: [SM]   [0] GetArrayArray
L 01/17/2022 - 10:33:08: [SM]   [1] Line 863, soap_tf2dm.sp::RandomSpawn
L 01/17/2022 - 10:33:08: [SM]   [2] Line 1577, soap_tf2dm.sp::Event_player_spawn
L 01/17/2022 - 10:33:08: [SM]   [4] TF2_RespawnPlayer
L 01/17/2022 - 10:33:08: [SM]   [5] Line 1233, soap_tf2dm.sp::Respawn
L 01/17/2022 - 10:49:45: [soap_tf2dm.smx] Spawn at -544.01 -1123.96 75.02 clips into the world - needs more space! Aborting...
L 01/17/2022 - 10:49:45: [soap_tf2dm.smx] Spawn at -1168.03 419.95 193.02 is outside the world! Aborting...
L 01/17/2022 - 10:49:45: [soap_tf2dm.smx] Spawn at -1432.02 -999.97 -30.96 is outside the world! Aborting...
L 01/17/2022 - 10:49:45: [soap_tf2dm.smx] Spawn at -887.63 324.79 132.02 clips into the world - needs more space! Aborting...
L 01/17/2022 - 10:49:45: [soap_tf2dm.smx] Spawn at -544.03 -325.79 -14.96 is outside the world! Aborting...
L 01/17/2022 - 10:49:45: [soap_tf2dm.smx] Spawn at 887.63 -324.79 132.02 clips into the world - needs more space! Aborting...
L 01/17/2022 - 10:49:45: [soap_tf2dm.smx] Spawn at 231.97 -584.03 196.02 is outside the world! Aborting...
L 01/17/2022 - 10:49:45: [soap_tf2dm.smx] Spawn at 544.03 325.94 -14.96 is outside the world! Aborting...
L 01/17/2022 - 10:49:45: [soap_tf2dm.smx] Spawn at 544.03 1123.96 75.02 clips into the world - needs more space! Aborting...
L 01/17/2022 - 10:49:45: [soap_tf2dm.smx] Spawn at 1160.03 -391.83 193.02 is outside the world! Aborting...
L 01/17/2022 - 10:49:45: [soap_tf2dm.smx] Spawn at 1432.03 999.97 -30.96 is outside the world! Aborting...
L 01/17/2022 - 10:49:45: [soap_tf2dm.smx] Spawn at -231.97 584.03 196.02 is outside the world! Aborting...
L 01/17/2022 - 10:49:45: [SM] Exception reported: Invalid index 0 (count: 0)
L 01/17/2022 - 10:49:45: [SM] Blaming: soap_tf2dm.smx
L 01/17/2022 - 10:49:45: [SM] Call stack trace:
L 01/17/2022 - 10:49:45: [SM]   [0] GetArrayArray
L 01/17/2022 - 10:49:45: [SM]   [1] Line 863, soap_tf2dm.sp::RandomSpawn
L 01/17/2022 - 10:49:45: [SM] Exception reported: Invalid index 0 (count: 0)
L 01/17/2022 - 10:49:45: [SM] Blaming: soap_tf2dm.smx
L 01/17/2022 - 10:49:45: [SM] Call stack trace:
L 01/17/2022 - 10:49:45: [SM]   [0] GetArrayArray
L 01/17/2022 - 10:49:45: [SM]   [1] Line 863, soap_tf2dm.sp::RandomSpawn
L 01/17/2022 - 10:49:45: [SM] Exception reported: Invalid index 0 (count: 0)
L 01/17/2022 - 10:49:45: [SM] Blaming: soap_tf2dm.smx
L 01/17/2022 - 10:49:45: [SM] Call stack trace:
L 01/17/2022 - 10:49:45: [SM]   [0] GetArrayArray
L 01/17/2022 - 10:49:45: [SM]   [1] Line 863, soap_tf2dm.sp::RandomSpawn
L 01/17/2022 - 10:49:45: [SM] Exception reported: Invalid index 0 (count: 0)
L 01/17/2022 - 10:49:45: [SM] Blaming: soap_tf2dm.smx
L 01/17/2022 - 10:49:45: [SM] Call stack trace:
L 01/17/2022 - 10:49:45: [SM]   [0] GetArrayArray
L 01/17/2022 - 10:49:45: [SM]   [1] Line 863, soap_tf2dm.sp::RandomSpawn
L 01/17/2022 - 10:49:45: [SM] Exception reported: Invalid index 0 (count: 0)
L 01/17/2022 - 10:49:45: [SM] Blaming: soap_tf2dm.smx
L 01/17/2022 - 10:49:45: [SM] Call stack trace:
L 01/17/2022 - 10:49:45: [SM]   [0] GetArrayArray
L 01/17/2022 - 10:49:45: [SM]   [1] Line 863, soap_tf2dm.sp::RandomSpawn
L 01/17/2022 - 10:49:45: [SM] Exception reported: Invalid index 0 (count: 0)
L 01/17/2022 - 10:49:45: [SM] Blaming: soap_tf2dm.smx
L 01/17/2022 - 10:49:45: [SM] Call stack trace:
L 01/17/2022 - 10:49:45: [SM]   [0] GetArrayArray
L 01/17/2022 - 10:49:45: [SM]   [1] Line 853, soap_tf2dm.sp::RandomSpawn
L 01/17/2022 - 10:49:45: [SM] Exception reported: Invalid index 0 (count: 0)
L 01/17/2022 - 10:49:45: [SM] Blaming: soap_tf2dm.smx
L 01/17/2022 - 10:49:45: [SM] Call stack trace:
L 01/17/2022 - 10:49:45: [SM]   [0] GetArrayArray
L 01/17/2022 - 10:49:45: [SM]   [1] Line 853, soap_tf2dm.sp::RandomSpawn
L 01/17/2022 - 10:49:45: [SM] Exception reported: Invalid index 0 (count: 0)
L 01/17/2022 - 10:49:45: [SM] Blaming: soap_tf2dm.smx
L 01/17/2022 - 10:49:45: [SM] Call stack trace:
L 01/17/2022 - 10:49:45: [SM]   [0] GetArrayArray
L 01/17/2022 - 10:49:45: [SM]   [1] Line 853, soap_tf2dm.sp::RandomSpawn
L 01/17/2022 - 10:49:45: [SM] Exception reported: Invalid index 0 (count: 0)
L 01/17/2022 - 10:49:45: [SM] Blaming: soap_tf2dm.smx
L 01/17/2022 - 10:49:45: [SM] Call stack trace:
L 01/17/2022 - 10:49:45: [SM]   [0] GetArrayArray
L 01/17/2022 - 10:49:45: [SM]   [1] Line 853, soap_tf2dm.sp::RandomSpawn
L 01/17/2022 - 10:49:45: [SM] Exception reported: Invalid index 0 (count: 0)
L 01/17/2022 - 10:49:45: [SM] Blaming: soap_tf2dm.smx
L 01/17/2022 - 10:49:45: [SM] Call stack trace:
L 01/17/2022 - 10:49:45: [SM]   [0] GetArrayArray
L 01/17/2022 - 10:49:45: [SM]   [1] Line 853, soap_tf2dm.sp::RandomSpawn
L 01/17/2022 - 10:49:45: [SM] Exception reported: Invalid index 0 (count: 0)
L 01/17/2022 - 10:49:45: [SM] Blaming: soap_tf2dm.smx
L 01/17/2022 - 10:49:45: [SM] Call stack trace:
L 01/17/2022 - 10:49:45: [SM]   [0] GetArrayArray
L 01/17/2022 - 10:49:45: [SM]   [1] Line 853, soap_tf2dm.sp::RandomSpawn
L 01/17/2022 - 10:49:45: [SM] Exception reported: Invalid index 0 (count: 0)
L 01/17/2022 - 10:49:45: [SM] Blaming: soap_tf2dm.smx
L 01/17/2022 - 10:49:45: [SM] Call stack trace:
L 01/17/2022 - 10:49:45: [SM]   [0] GetArrayArray
L 01/17/2022 - 10:49:45: [SM]   [1] Line 863, soap_tf2dm.sp::RandomSpawn
L 01/17/2022 - 10:50:09: [SM] Exception reported: Invalid index 0 (count: 0)
L 01/17/2022 - 10:50:09: [SM] Blaming: soap_tf2dm.smx
L 01/17/2022 - 10:50:09: [SM] Call stack trace:
L 01/17/2022 - 10:50:09: [SM]   [0] GetArrayArray
L 01/17/2022 - 10:50:09: [SM]   [1] Line 853, soap_tf2dm.sp::RandomSpawn
L 01/17/2022 - 10:50:20: [SM] Exception reported: Invalid index 0 (count: 0)
L 01/17/2022 - 10:50:20: [SM] Blaming: soap_tf2dm.smx
L 01/17/2022 - 10:50:20: [SM] Call stack trace:
L 01/17/2022 - 10:50:20: [SM]   [0] GetArrayArray
L 01/17/2022 - 10:50:20: [SM]   [1] Line 853, soap_tf2dm.sp::RandomSpawn
L 01/17/2022 - 10:50:26: [SM] Exception reported: Invalid index 0 (count: 0)
L 01/17/2022 - 10:50:26: [SM] Blaming: soap_tf2dm.smx
L 01/17/2022 - 10:50:26: [SM] Call stack trace:
L 01/17/2022 - 10:50:26: [SM]   [0] GetArrayArray
L 01/17/2022 - 10:50:26: [SM]   [1] Line 863, soap_tf2dm.sp::RandomSpawn
L 01/17/2022 - 10:50:37: [SM] Exception reported: Invalid index 0 (count: 0)
L 01/17/2022 - 10:50:37: [SM] Blaming: soap_tf2dm.smx
L 01/17/2022 - 10:50:37: [SM] Call stack trace:
L 01/17/2022 - 10:50:37: [SM]   [0] GetArrayArray
L 01/17/2022 - 10:50:37: [SM]   [1] Line 863, soap_tf2dm.sp::RandomSpawn
L 01/17/2022 - 10:51:00: [SM] Exception reported: Invalid index 0 (count: 0)
L 01/17/2022 - 10:51:00: [SM] Blaming: soap_tf2dm.smx
L 01/17/2022 - 10:51:00: [SM] Call stack trace:
L 01/17/2022 - 10:51:00: [SM]   [0] GetArrayArray
L 01/17/2022 - 10:51:00: [SM]   [1] Line 853, soap_tf2dm.sp::RandomSpawn
L 01/17/2022 - 10:51:03: [SM] Exception reported: Invalid index 0 (count: 0)
L 01/17/2022 - 10:51:03: [SM] Blaming: soap_tf2dm.smx
L 01/17/2022 - 10:51:03: [SM] Call stack trace:
L 01/17/2022 - 10:51:03: [SM]   [0] GetArrayArray
L 01/17/2022 - 10:51:03: [SM]   [1] Line 863, soap_tf2dm.sp::RandomSpawn
L 01/17/2022 - 10:51:03: [SM]   [2] Line 1577, soap_tf2dm.sp::Event_player_spawn
L 01/17/2022 - 10:51:22: [SM] Exception reported: Invalid index 0 (count: 0)
L 01/17/2022 - 10:51:22: [SM] Blaming: soap_tf2dm.smx
L 01/17/2022 - 10:51:22: [SM] Call stack trace:
L 01/17/2022 - 10:51:22: [SM]   [0] GetArrayArray
L 01/17/2022 - 10:51:22: [SM]   [1] Line 863, soap_tf2dm.sp::RandomSpawn
L 01/17/2022 - 10:51:22: [SM] Exception reported: Invalid index 0 (count: 0)
L 01/17/2022 - 10:51:22: [SM] Blaming: soap_tf2dm.smx
L 01/17/2022 - 10:51:22: [SM] Call stack trace:
L 01/17/2022 - 10:51:22: [SM]   [0] GetArrayArray
L 01/17/2022 - 10:51:22: [SM]   [1] Line 853, soap_tf2dm.sp::RandomSpawn
L 01/17/2022 - 10:53:05: [SM] Exception reported: Invalid index 0 (count: 0)
L 01/17/2022 - 10:53:05: [SM] Blaming: soap_tf2dm.smx
L 01/17/2022 - 10:53:05: [SM] Call stack trace:
L 01/17/2022 - 10:53:05: [SM]   [0] GetArrayArray
L 01/17/2022 - 10:53:05: [SM]   [1] Line 853, soap_tf2dm.sp::RandomSpawn
L 01/17/2022 - 10:53:05: [SM]   [2] Line 1577, soap_tf2dm.sp::Event_player_spawn
L 01/17/2022 - 10:53:05: [SM]   [4] TF2_RespawnPlayer
L 01/17/2022 - 10:53:05: [SM]   [5] Line 1233, soap_tf2dm.sp::Respawn
L 01/17/2022 - 10:54:05: [SM] Exception reported: Invalid index 0 (count: 0)
L 01/17/2022 - 10:54:05: [SM] Blaming: soap_tf2dm.smx
L 01/17/2022 - 10:54:05: [SM] Call stack trace:
L 01/17/2022 - 10:54:05: [SM]   [0] GetArrayArray
L 01/17/2022 - 10:54:05: [SM]   [1] Line 853, soap_tf2dm.sp::RandomSpawn
L 01/17/2022 - 10:54:05: [SM]   [2] Line 1577, soap_tf2dm.sp::Event_player_spawn
L 01/17/2022 - 10:54:05: [SM]   [4] TF2_RespawnPlayer
L 01/17/2022 - 10:54:05: [SM]   [5] Line 1233, soap_tf2dm.sp::Respawn
L 01/17/2022 - 10:54:46: [SM] Exception reported: Invalid index 0 (count: 0)
L 01/17/2022 - 10:54:46: [SM] Blaming: soap_tf2dm.smx
L 01/17/2022 - 10:54:46: [SM] Call stack trace:
L 01/17/2022 - 10:54:46: [SM]   [0] GetArrayArray
L 01/17/2022 - 10:54:46: [SM]   [1] Line 853, soap_tf2dm.sp::RandomSpawn
L 01/17/2022 - 10:54:46: [SM]   [2] Line 1577, soap_tf2dm.sp::Event_player_spawn
L 01/17/2022 - 10:54:46: [SM]   [4] TF2_RespawnPlayer
L 01/17/2022 - 10:54:46: [SM]   [5] Line 1233, soap_tf2dm.sp::Respawn
L 01/17/2022 - 10:54:58: [SM] Exception reported: Invalid index 0 (count: 0)
L 01/17/2022 - 10:54:58: [SM] Blaming: soap_tf2dm.smx
L 01/17/2022 - 10:54:58: [SM] Call stack trace:
L 01/17/2022 - 10:54:58: [SM]   [0] GetArrayArray
L 01/17/2022 - 10:54:58: [SM]   [1] Line 853, soap_tf2dm.sp::RandomSpawn
L 01/17/2022 - 10:54:58: [SM]   [2] Line 1577, soap_tf2dm.sp::Event_player_spawn
L 01/17/2022 - 10:56:27: [SM] Exception reported: Invalid index 0 (count: 0)
L 01/17/2022 - 10:56:27: [SM] Blaming: soap_tf2dm.smx
L 01/17/2022 - 10:56:27: [SM] Call stack trace:
L 01/17/2022 - 10:56:27: [SM]   [0] GetArrayArray
L 01/17/2022 - 10:56:27: [SM]   [1] Line 853, soap_tf2dm.sp::RandomSpawn
L 01/17/2022 - 10:56:27: [SM]   [2] Line 1577, soap_tf2dm.sp::Event_player_spawn
L 01/17/2022 - 10:56:27: [SM]   [4] TF2_RespawnPlayer
L 01/17/2022 - 10:56:27: [SM]   [5] Line 1233, soap_tf2dm.sp::Respawn
L 01/17/2022 - 10:57:59: [SM] Exception reported: Invalid index 0 (count: 0)
L 01/17/2022 - 10:57:59: [SM] Blaming: soap_tf2dm.smx
L 01/17/2022 - 10:57:59: [SM] Call stack trace:
L 01/17/2022 - 10:57:59: [SM]   [0] GetArrayArray
L 01/17/2022 - 10:57:59: [SM]   [1] Line 863, soap_tf2dm.sp::RandomSpawn
L 01/17/2022 - 10:57:59: [SM]   [2] Line 1577, soap_tf2dm.sp::Event_player_spawn
L 01/17/2022 - 10:58:06: [SM] Exception reported: Invalid index 0 (count: 0)
L 01/17/2022 - 10:58:06: [SM] Blaming: soap_tf2dm.smx
L 01/17/2022 - 10:58:06: [SM] Call stack trace:
L 01/17/2022 - 10:58:06: [SM]   [0] GetArrayArray
L 01/17/2022 - 10:58:06: [SM]   [1] Line 863, soap_tf2dm.sp::RandomSpawn
L 01/17/2022 - 10:58:06: [SM]   [2] Line 1577, soap_tf2dm.sp::Event_player_spawn
L 01/17/2022 - 10:58:06: [SM]   [4] TF2_RespawnPlayer
L 01/17/2022 - 10:58:06: [SM]   [5] Line 1233, soap_tf2dm.sp::Respawn
L 01/17/2022 - 10:58:09: [SM] Exception reported: Invalid index 0 (count: 0)
L 01/17/2022 - 10:58:09: [SM] Blaming: soap_tf2dm.smx
L 01/17/2022 - 10:58:09: [SM] Call stack trace:
L 01/17/2022 - 10:58:09: [SM]   [0] GetArrayArray
L 01/17/2022 - 10:58:09: [SM]   [1] Line 853, soap_tf2dm.sp::RandomSpawn
L 01/17/2022 - 10:58:09: [SM]   [2] Line 1577, soap_tf2dm.sp::Event_player_spawn
L 01/17/2022 - 10:58:09: [SM]   [4] TF2_RespawnPlayer
L 01/17/2022 - 10:58:09: [SM]   [5] Line 1233, soap_tf2dm.sp::Respawn
L 01/17/2022 - 11:09:25: Error log file session closed.
