L 01/18/2022 - 11:03:42: SourceMod error session started
L 01/18/2022 - 11:03:42: Info (map "cp_badlands") (file "/home/server/tf2/tf/addons/sourcemod/logs/errors_20220118.log")
L 01/18/2022 - 11:03:42: [SM] Exception reported: File Not Found: addons/sourcemod/configs/ozf_advertisements
L 01/18/2022 - 11:03:42: [SM] Blaming: advertisements.smx
L 01/18/2022 - 11:03:42: [SM] Call stack trace:
L 01/18/2022 - 11:03:42: [SM]   [0] SetFailState
L 01/18/2022 - 11:03:42: [SM]   [1] Line 277, advertisements.sp::ParseAds
L 01/18/2022 - 11:03:42: [SM]   [2] Line 109, advertisements.sp::ConVarChanged_File
L 01/18/2022 - 11:04:29: [SM] Exception reported: File Not Found: addons/sourcemod/configs/ozf_advertisements
L 01/18/2022 - 11:04:29: [SM] Blaming: advertisements.smx
L 01/18/2022 - 11:04:29: [SM] Call stack trace:
L 01/18/2022 - 11:04:29: [SM]   [0] SetFailState
L 01/18/2022 - 11:04:29: [SM]   [1] Line 277, advertisements.sp::ParseAds
L 01/18/2022 - 11:04:29: [SM]   [2] Line 82, advertisements.sp::OnConfigsExecuted
L 01/18/2022 - 11:05:24: Error log file session closed.
L 01/18/2022 - 11:05:30: SourceMod error session started
L 01/18/2022 - 11:05:30: Info (map "cp_badlands") (file "/home/server/tf2/tf/addons/sourcemod/logs/errors_20220118.log")
L 01/18/2022 - 11:05:30: [SM] Exception reported: File Not Found: addons/sourcemod/configs/ozf_advertisements
L 01/18/2022 - 11:05:30: [SM] Blaming: advertisements.smx
L 01/18/2022 - 11:05:30: [SM] Call stack trace:
L 01/18/2022 - 11:05:30: [SM]   [0] SetFailState
L 01/18/2022 - 11:05:30: [SM]   [1] Line 277, advertisements.sp::ParseAds
L 01/18/2022 - 11:05:30: [SM]   [2] Line 82, advertisements.sp::OnConfigsExecuted
L 01/18/2022 - 11:13:17: Error log file session closed.
L 01/18/2022 - 11:13:26: SourceMod error session started
L 01/18/2022 - 11:13:26: Info (map "pl_cornwater_b7") (file "/home/server/tf2/tf/addons/sourcemod/logs/errors_20220118.log")
L 01/18/2022 - 11:13:26: [SM] Exception reported: File Not Found: addons/sourcemod/configs/ozf_advertisements
L 01/18/2022 - 11:13:26: [SM] Blaming: advertisements.smx
L 01/18/2022 - 11:13:26: [SM] Call stack trace:
L 01/18/2022 - 11:13:26: [SM]   [0] SetFailState
L 01/18/2022 - 11:13:26: [SM]   [1] Line 277, advertisements.sp::ParseAds
L 01/18/2022 - 11:13:26: [SM]   [2] Line 82, advertisements.sp::OnConfigsExecuted
L 01/18/2022 - 11:14:11: [SM] Exception reported: File Not Found: addons/sourcemod/configs/ozf_advertisements
L 01/18/2022 - 11:14:11: [SM] Blaming: advertisements.smx
L 01/18/2022 - 11:14:11: [SM] Call stack trace:
L 01/18/2022 - 11:14:11: [SM]   [0] SetFailState
L 01/18/2022 - 11:14:11: [SM]   [1] Line 277, advertisements.sp::ParseAds
L 01/18/2022 - 11:14:11: [SM]   [2] Line 82, advertisements.sp::OnConfigsExecuted
L 01/18/2022 - 11:15:03: [SM] Exception reported: Invalid index 0 (count: 0)
L 01/18/2022 - 11:15:03: [SM] Blaming: soap_tf2dm.smx
L 01/18/2022 - 11:15:03: [SM] Call stack trace:
L 01/18/2022 - 11:15:03: [SM]   [0] GetArrayArray
L 01/18/2022 - 11:15:03: [SM]   [1] Line 853, soap_tf2dm.sp::RandomSpawn
L 01/18/2022 - 11:15:52: [SM] Exception reported: Invalid index 0 (count: 0)
L 01/18/2022 - 11:15:52: [SM] Blaming: soap_tf2dm.smx
L 01/18/2022 - 11:15:52: [SM] Call stack trace:
L 01/18/2022 - 11:15:52: [SM]   [0] GetArrayArray
L 01/18/2022 - 11:15:52: [SM]   [1] Line 853, soap_tf2dm.sp::RandomSpawn
L 01/18/2022 - 11:16:37: [SM] Exception reported: Invalid index 0 (count: 0)
L 01/18/2022 - 11:16:37: [SM] Blaming: soap_tf2dm.smx
L 01/18/2022 - 11:16:37: [SM] Call stack trace:
L 01/18/2022 - 11:16:37: [SM]   [0] GetArrayArray
L 01/18/2022 - 11:16:37: [SM]   [1] Line 853, soap_tf2dm.sp::RandomSpawn
L 01/18/2022 - 11:17:49: [SM] Exception reported: Invalid index 0 (count: 0)
L 01/18/2022 - 11:17:49: [SM] Blaming: soap_tf2dm.smx
L 01/18/2022 - 11:17:49: [SM] Call stack trace:
L 01/18/2022 - 11:17:49: [SM]   [0] GetArrayArray
L 01/18/2022 - 11:17:49: [SM]   [1] Line 853, soap_tf2dm.sp::RandomSpawn
L 01/18/2022 - 11:18:31: [SM] Exception reported: Invalid index 0 (count: 0)
L 01/18/2022 - 11:18:31: [SM] Blaming: soap_tf2dm.smx
L 01/18/2022 - 11:18:31: [SM] Call stack trace:
L 01/18/2022 - 11:18:31: [SM]   [0] GetArrayArray
L 01/18/2022 - 11:18:31: [SM]   [1] Line 853, soap_tf2dm.sp::RandomSpawn
L 01/18/2022 - 11:19:31: [SM] Exception reported: Invalid index 0 (count: 0)
L 01/18/2022 - 11:19:31: [SM] Blaming: soap_tf2dm.smx
L 01/18/2022 - 11:19:31: [SM] Call stack trace:
L 01/18/2022 - 11:19:31: [SM]   [0] GetArrayArray
L 01/18/2022 - 11:19:31: [SM]   [1] Line 853, soap_tf2dm.sp::RandomSpawn
L 01/18/2022 - 11:25:13: [SM] Exception reported: Invalid index 0 (count: 0)
L 01/18/2022 - 11:25:13: [SM] Blaming: soap_tf2dm.smx
L 01/18/2022 - 11:25:13: [SM] Call stack trace:
L 01/18/2022 - 11:25:13: [SM]   [0] GetArrayArray
L 01/18/2022 - 11:25:13: [SM]   [1] Line 853, soap_tf2dm.sp::RandomSpawn
L 01/18/2022 - 11:26:30: [SM] Exception reported: File Not Found: addons/sourcemod/configs/ozf_advertisements
L 01/18/2022 - 11:26:30: [SM] Blaming: advertisements.smx
L 01/18/2022 - 11:26:30: [SM] Call stack trace:
L 01/18/2022 - 11:26:30: [SM]   [0] SetFailState
L 01/18/2022 - 11:26:30: [SM]   [1] Line 277, advertisements.sp::ParseAds
L 01/18/2022 - 11:26:30: [SM]   [2] Line 82, advertisements.sp::OnConfigsExecuted
L 01/18/2022 - 11:26:30: [SM] Exception reported: File Not Found: addons/sourcemod/configs/ozf_advertisements
L 01/18/2022 - 11:26:30: [SM] Blaming: advertisements.smx
L 01/18/2022 - 11:26:30: [SM] Call stack trace:
L 01/18/2022 - 11:26:30: [SM]   [0] SetFailState
L 01/18/2022 - 11:26:30: [SM]   [1] Line 277, advertisements.sp::ParseAds
L 01/18/2022 - 11:26:30: [SM]   [2] Line 82, advertisements.sp::OnConfigsExecuted
L 01/18/2022 - 11:26:30: [SM] Exception reported: File Not Found: addons/sourcemod/configs/ozf_advertisements
L 01/18/2022 - 11:26:30: [SM] Blaming: advertisements.smx
L 01/18/2022 - 11:26:30: [SM] Call stack trace:
L 01/18/2022 - 11:26:30: [SM]   [0] SetFailState
L 01/18/2022 - 11:26:30: [SM]   [1] Line 277, advertisements.sp::ParseAds
L 01/18/2022 - 11:26:30: [SM]   [2] Line 82, advertisements.sp::OnConfigsExecuted
L 01/18/2022 - 11:26:30: [SM] Exception reported: File Not Found: addons/sourcemod/configs/ozf_advertisements
L 01/18/2022 - 11:26:30: [SM] Blaming: advertisements.smx
L 01/18/2022 - 11:26:30: [SM] Call stack trace:
L 01/18/2022 - 11:26:30: [SM]   [0] SetFailState
L 01/18/2022 - 11:26:30: [SM]   [1] Line 277, advertisements.sp::ParseAds
L 01/18/2022 - 11:26:30: [SM]   [2] Line 82, advertisements.sp::OnConfigsExecuted
