L 02/01/2022 - 04:17:56: SourceMod error session started
L 02/01/2022 - 04:17:56: Info (map "cp_badlands") (file "/home/server/tf2/tf/addons/sourcemod/logs/errors_20220201.log")
L 02/01/2022 - 04:17:56: [SM] Exception reported: File Not Found: addons/sourcemod/configs/ozf_advertisements
L 02/01/2022 - 04:17:56: [SM] Blaming: advertisements.smx
L 02/01/2022 - 04:17:56: [SM] Call stack trace:
L 02/01/2022 - 04:17:56: [SM]   [0] SetFailState
L 02/01/2022 - 04:17:56: [SM]   [1] Line 277, advertisements.sp::ParseAds
L 02/01/2022 - 04:17:56: [SM]   [2] Line 109, advertisements.sp::ConVarChanged_File
L 02/01/2022 - 04:18:06: SourceMod error session started
L 02/01/2022 - 04:18:06: Info (map "cp_badlands") (file "/home/server/tf2/tf/addons/sourcemod/logs/errors_20220201.log")
L 02/01/2022 - 04:18:06: [SM] Exception reported: File Not Found: addons/sourcemod/configs/ozf_advertisements
L 02/01/2022 - 04:18:06: [SM] Blaming: advertisements.smx
L 02/01/2022 - 04:18:06: [SM] Call stack trace:
L 02/01/2022 - 04:18:06: [SM]   [0] SetFailState
L 02/01/2022 - 04:18:06: [SM]   [1] Line 277, advertisements.sp::ParseAds
L 02/01/2022 - 04:18:06: [SM]   [2] Line 109, advertisements.sp::ConVarChanged_File
L 02/01/2022 - 04:18:13: SourceMod error session started
L 02/01/2022 - 04:18:13: Info (map "cp_badlands") (file "/home/server/tf2/tf/addons/sourcemod/logs/errors_20220201.log")
L 02/01/2022 - 04:18:13: [SM] Exception reported: File Not Found: addons/sourcemod/configs/ozf_advertisements
L 02/01/2022 - 04:18:13: [SM] Blaming: advertisements.smx
L 02/01/2022 - 04:18:13: [SM] Call stack trace:
L 02/01/2022 - 04:18:13: [SM]   [0] SetFailState
L 02/01/2022 - 04:18:13: [SM]   [1] Line 277, advertisements.sp::ParseAds
L 02/01/2022 - 04:18:13: [SM]   [2] Line 109, advertisements.sp::ConVarChanged_File
L 02/01/2022 - 04:21:24: Error log file session closed.
L 02/01/2022 - 04:21:31: SourceMod error session started
L 02/01/2022 - 04:21:31: Info (map "cp_badlands") (file "/home/server/tf2/tf/addons/sourcemod/logs/errors_20220201.log")
L 02/01/2022 - 04:21:31: [SM] Exception reported: File Not Found: addons/sourcemod/configs/ozf_advertisements
L 02/01/2022 - 04:21:31: [SM] Blaming: advertisements.smx
L 02/01/2022 - 04:21:31: [SM] Call stack trace:
L 02/01/2022 - 04:21:31: [SM]   [0] SetFailState
L 02/01/2022 - 04:21:31: [SM]   [1] Line 277, advertisements.sp::ParseAds
L 02/01/2022 - 04:21:31: [SM]   [2] Line 82, advertisements.sp::OnConfigsExecuted
L 02/01/2022 - 04:22:17: Error log file session closed.
L 02/01/2022 - 04:22:23: SourceMod error session started
L 02/01/2022 - 04:22:23: Info (map "cp_badlands") (file "/home/server/tf2/tf/addons/sourcemod/logs/errors_20220201.log")
L 02/01/2022 - 04:22:23: [SM] Exception reported: File Not Found: addons/sourcemod/configs/ozf_advertisements
L 02/01/2022 - 04:22:23: [SM] Blaming: advertisements.smx
L 02/01/2022 - 04:22:23: [SM] Call stack trace:
L 02/01/2022 - 04:22:23: [SM]   [0] SetFailState
L 02/01/2022 - 04:22:23: [SM]   [1] Line 277, advertisements.sp::ParseAds
L 02/01/2022 - 04:22:23: [SM]   [2] Line 82, advertisements.sp::OnConfigsExecuted
L 02/01/2022 - 04:22:26: [SM] Exception reported: File Not Found: addons/sourcemod/configs/ozf_advertisements
L 02/01/2022 - 04:22:26: [SM] Blaming: advertisements.smx
L 02/01/2022 - 04:22:26: [SM] Call stack trace:
L 02/01/2022 - 04:22:26: [SM]   [0] SetFailState
L 02/01/2022 - 04:22:26: [SM]   [1] Line 277, advertisements.sp::ParseAds
L 02/01/2022 - 04:22:26: [SM]   [2] Line 82, advertisements.sp::OnConfigsExecuted
L 02/01/2022 - 04:22:32: Error log file session closed.
L 02/01/2022 - 04:22:39: SourceMod error session started
L 02/01/2022 - 04:22:39: Info (map "cp_badlands") (file "/home/server/tf2/tf/addons/sourcemod/logs/errors_20220201.log")
L 02/01/2022 - 04:22:39: [SM] Exception reported: File Not Found: addons/sourcemod/configs/ozf_advertisements
L 02/01/2022 - 04:22:39: [SM] Blaming: advertisements.smx
L 02/01/2022 - 04:22:39: [SM] Call stack trace:
L 02/01/2022 - 04:22:39: [SM]   [0] SetFailState
L 02/01/2022 - 04:22:39: [SM]   [1] Line 277, advertisements.sp::ParseAds
L 02/01/2022 - 04:22:39: [SM]   [2] Line 82, advertisements.sp::OnConfigsExecuted
L 02/01/2022 - 04:23:07: [SM] Exception reported: File Not Found: addons/sourcemod/configs/ozf_advertisements
L 02/01/2022 - 04:23:07: [SM] Blaming: advertisements.smx
L 02/01/2022 - 04:23:07: [SM] Call stack trace:
L 02/01/2022 - 04:23:07: [SM]   [0] SetFailState
L 02/01/2022 - 04:23:07: [SM]   [1] Line 277, advertisements.sp::ParseAds
L 02/01/2022 - 04:23:07: [SM]   [2] Line 82, advertisements.sp::OnConfigsExecuted
L 02/01/2022 - 04:23:23: [SM] Exception reported: File Not Found: addons/sourcemod/configs/ozf_advertisements
L 02/01/2022 - 04:23:23: [SM] Blaming: advertisements.smx
L 02/01/2022 - 04:23:23: [SM] Call stack trace:
L 02/01/2022 - 04:23:23: [SM]   [0] SetFailState
L 02/01/2022 - 04:23:23: [SM]   [1] Line 277, advertisements.sp::ParseAds
L 02/01/2022 - 04:23:23: [SM]   [2] Line 82, advertisements.sp::OnConfigsExecuted
L 02/01/2022 - 04:40:13: SourceMod error session started
L 02/01/2022 - 04:40:13: Info (map "cp_process_f9a") (file "/home/server/tf2/tf/addons/sourcemod/logs/errors_20220201.log")
L 02/01/2022 - 04:40:13: [SM] Exception reported: File Not Found: addons/sourcemod/configs/ozf_advertisements
L 02/01/2022 - 04:40:13: [SM] Blaming: advertisements.smx
L 02/01/2022 - 04:40:13: [SM] Call stack trace:
L 02/01/2022 - 04:40:13: [SM]   [0] SetFailState
L 02/01/2022 - 04:40:13: [SM]   [1] Line 277, advertisements.sp::ParseAds
L 02/01/2022 - 04:40:13: [SM]   [2] Line 109, advertisements.sp::ConVarChanged_File
L 02/01/2022 - 04:40:38: [SM] Exception reported: File Not Found: addons/sourcemod/configs/ozf_advertisements
L 02/01/2022 - 04:40:38: [SM] Blaming: advertisements.smx
L 02/01/2022 - 04:40:38: [SM] Call stack trace:
L 02/01/2022 - 04:40:38: [SM]   [0] SetFailState
L 02/01/2022 - 04:40:38: [SM]   [1] Line 277, advertisements.sp::ParseAds
L 02/01/2022 - 04:40:38: [SM]   [2] Line 82, advertisements.sp::OnConfigsExecuted
L 02/01/2022 - 04:53:40: Error log file session closed.
L 02/01/2022 - 04:53:46: SourceMod error session started
L 02/01/2022 - 04:53:46: Info (map "cp_badlands") (file "/home/server/tf2/tf/addons/sourcemod/logs/errors_20220201.log")
L 02/01/2022 - 04:53:46: [SM] Exception reported: File Not Found: addons/sourcemod/configs/ozf_advertisements
L 02/01/2022 - 04:53:46: [SM] Blaming: advertisements.smx
L 02/01/2022 - 04:53:46: [SM] Call stack trace:
L 02/01/2022 - 04:53:46: [SM]   [0] SetFailState
L 02/01/2022 - 04:53:46: [SM]   [1] Line 277, advertisements.sp::ParseAds
L 02/01/2022 - 04:53:46: [SM]   [2] Line 82, advertisements.sp::OnConfigsExecuted
L 02/01/2022 - 04:54:34: Error log file session closed.
L 02/01/2022 - 04:54:41: SourceMod error session started
L 02/01/2022 - 04:54:41: Info (map "cp_badlands") (file "/home/server/tf2/tf/addons/sourcemod/logs/errors_20220201.log")
L 02/01/2022 - 04:54:41: [SM] Exception reported: File Not Found: addons/sourcemod/configs/ozf_advertisements
L 02/01/2022 - 04:54:41: [SM] Blaming: advertisements.smx
L 02/01/2022 - 04:54:41: [SM] Call stack trace:
L 02/01/2022 - 04:54:41: [SM]   [0] SetFailState
L 02/01/2022 - 04:54:41: [SM]   [1] Line 277, advertisements.sp::ParseAds
L 02/01/2022 - 04:54:41: [SM]   [2] Line 82, advertisements.sp::OnConfigsExecuted
L 02/01/2022 - 04:54:50: Error log file session closed.
L 02/01/2022 - 04:54:56: SourceMod error session started
L 02/01/2022 - 04:54:56: Info (map "cp_badlands") (file "/home/server/tf2/tf/addons/sourcemod/logs/errors_20220201.log")
L 02/01/2022 - 04:54:56: [SM] Exception reported: File Not Found: addons/sourcemod/configs/ozf_advertisements
L 02/01/2022 - 04:54:56: [SM] Blaming: advertisements.smx
L 02/01/2022 - 04:54:56: [SM] Call stack trace:
L 02/01/2022 - 04:54:56: [SM]   [0] SetFailState
L 02/01/2022 - 04:54:56: [SM]   [1] Line 277, advertisements.sp::ParseAds
L 02/01/2022 - 04:54:56: [SM]   [2] Line 82, advertisements.sp::OnConfigsExecuted
L 02/01/2022 - 05:12:18: [SM] Exception reported: File Not Found: addons/sourcemod/configs/ozf_advertisements
L 02/01/2022 - 05:12:18: [SM] Blaming: advertisements.smx
L 02/01/2022 - 05:12:18: [SM] Call stack trace:
L 02/01/2022 - 05:12:18: [SM]   [0] SetFailState
L 02/01/2022 - 05:12:18: [SM]   [1] Line 277, advertisements.sp::ParseAds
L 02/01/2022 - 05:12:18: [SM]   [2] Line 82, advertisements.sp::OnConfigsExecuted
L 02/01/2022 - 05:14:32: Error log file session closed.
L 02/01/2022 - 05:14:38: SourceMod error session started
L 02/01/2022 - 05:14:38: Info (map "cp_badlands") (file "/home/server/tf2/tf/addons/sourcemod/logs/errors_20220201.log")
L 02/01/2022 - 05:14:38: [SM] Exception reported: File Not Found: addons/sourcemod/configs/ozf_advertisements
L 02/01/2022 - 05:14:38: [SM] Blaming: advertisements.smx
L 02/01/2022 - 05:14:38: [SM] Call stack trace:
L 02/01/2022 - 05:14:38: [SM]   [0] SetFailState
L 02/01/2022 - 05:14:38: [SM]   [1] Line 277, advertisements.sp::ParseAds
L 02/01/2022 - 05:14:38: [SM]   [2] Line 82, advertisements.sp::OnConfigsExecuted
L 02/01/2022 - 05:14:38: [SM] Exception reported: File Not Found: addons/sourcemod/configs/ozf_advertisements
L 02/01/2022 - 05:14:38: [SM] Blaming: advertisements.smx
L 02/01/2022 - 05:14:38: [SM] Call stack trace:
L 02/01/2022 - 05:14:38: [SM]   [0] SetFailState
L 02/01/2022 - 05:14:38: [SM]   [1] Line 277, advertisements.sp::ParseAds
L 02/01/2022 - 05:14:38: [SM]   [2] Line 82, advertisements.sp::OnConfigsExecuted
L 02/01/2022 - 05:14:38: [SM] Exception reported: File Not Found: addons/sourcemod/configs/ozf_advertisements
L 02/01/2022 - 05:14:38: [SM] Blaming: advertisements.smx
L 02/01/2022 - 05:14:38: [SM] Call stack trace:
L 02/01/2022 - 05:14:38: [SM]   [0] SetFailState
L 02/01/2022 - 05:14:38: [SM]   [1] Line 277, advertisements.sp::ParseAds
L 02/01/2022 - 05:14:38: [SM]   [2] Line 82, advertisements.sp::OnConfigsExecuted
L 02/01/2022 - 05:14:38: [SM] Exception reported: File Not Found: addons/sourcemod/configs/ozf_advertisements
L 02/01/2022 - 05:14:38: [SM] Blaming: advertisements.smx
L 02/01/2022 - 05:14:38: [SM] Call stack trace:
L 02/01/2022 - 05:14:38: [SM]   [0] SetFailState
L 02/01/2022 - 05:14:38: [SM]   [1] Line 277, advertisements.sp::ParseAds
L 02/01/2022 - 05:14:38: [SM]   [2] Line 82, advertisements.sp::OnConfigsExecuted
L 02/01/2022 - 05:14:38: [SM] Exception reported: File Not Found: addons/sourcemod/configs/ozf_advertisements
L 02/01/2022 - 05:14:38: [SM] Blaming: advertisements.smx
L 02/01/2022 - 05:14:38: [SM] Call stack trace:
L 02/01/2022 - 05:14:38: [SM]   [0] SetFailState
L 02/01/2022 - 05:14:38: [SM]   [1] Line 277, advertisements.sp::ParseAds
L 02/01/2022 - 05:14:38: [SM]   [2] Line 82, advertisements.sp::OnConfigsExecuted
L 02/01/2022 - 05:29:18: [SM] Exception reported: File Not Found: addons/sourcemod/configs/ozf_advertisements
L 02/01/2022 - 05:29:18: [SM] Blaming: advertisements.smx
L 02/01/2022 - 05:29:18: [SM] Call stack trace:
L 02/01/2022 - 05:29:18: [SM]   [0] SetFailState
L 02/01/2022 - 05:29:18: [SM]   [1] Line 277, advertisements.sp::ParseAds
L 02/01/2022 - 05:29:18: [SM]   [2] Line 82, advertisements.sp::OnConfigsExecuted
L 02/01/2022 - 05:29:18: [SM] Exception reported: File Not Found: addons/sourcemod/configs/ozf_advertisements
L 02/01/2022 - 05:29:18: [SM] Blaming: advertisements.smx
L 02/01/2022 - 05:29:18: [SM] Call stack trace:
L 02/01/2022 - 05:29:18: [SM]   [0] SetFailState
L 02/01/2022 - 05:29:18: [SM]   [1] Line 277, advertisements.sp::ParseAds
L 02/01/2022 - 05:29:18: [SM]   [2] Line 82, advertisements.sp::OnConfigsExecuted
L 02/01/2022 - 05:29:18: [SM] Exception reported: File Not Found: addons/sourcemod/configs/ozf_advertisements
L 02/01/2022 - 05:29:18: [SM] Blaming: advertisements.smx
L 02/01/2022 - 05:29:18: [SM] Call stack trace:
L 02/01/2022 - 05:29:18: [SM]   [0] SetFailState
L 02/01/2022 - 05:29:18: [SM]   [1] Line 277, advertisements.sp::ParseAds
L 02/01/2022 - 05:29:18: [SM]   [2] Line 82, advertisements.sp::OnConfigsExecuted
L 02/01/2022 - 05:29:18: [SM] Exception reported: File Not Found: addons/sourcemod/configs/ozf_advertisements
L 02/01/2022 - 05:29:18: [SM] Blaming: advertisements.smx
L 02/01/2022 - 05:29:18: [SM] Call stack trace:
L 02/01/2022 - 05:29:18: [SM]   [0] SetFailState
L 02/01/2022 - 05:29:18: [SM]   [1] Line 277, advertisements.sp::ParseAds
L 02/01/2022 - 05:29:18: [SM]   [2] Line 82, advertisements.sp::OnConfigsExecuted
L 02/01/2022 - 05:55:10: Error log file session closed.
L 02/01/2022 - 05:55:16: SourceMod error session started
L 02/01/2022 - 05:55:16: Info (map "cp_badlands") (file "/home/server/tf2/tf/addons/sourcemod/logs/errors_20220201.log")
L 02/01/2022 - 05:55:16: [SM] Exception reported: File Not Found: addons/sourcemod/configs/ozf_advertisements
L 02/01/2022 - 05:55:16: [SM] Blaming: advertisements.smx
L 02/01/2022 - 05:55:16: [SM] Call stack trace:
L 02/01/2022 - 05:55:16: [SM]   [0] SetFailState
L 02/01/2022 - 05:55:16: [SM]   [1] Line 277, advertisements.sp::ParseAds
L 02/01/2022 - 05:55:16: [SM]   [2] Line 82, advertisements.sp::OnConfigsExecuted
L 02/01/2022 - 05:56:06: Error log file session closed.
L 02/01/2022 - 05:56:12: SourceMod error session started
L 02/01/2022 - 05:56:12: Info (map "cp_badlands") (file "/home/server/tf2/tf/addons/sourcemod/logs/errors_20220201.log")
L 02/01/2022 - 05:56:12: [SM] Exception reported: File Not Found: addons/sourcemod/configs/ozf_advertisements
L 02/01/2022 - 05:56:12: [SM] Blaming: advertisements.smx
L 02/01/2022 - 05:56:12: [SM] Call stack trace:
L 02/01/2022 - 05:56:12: [SM]   [0] SetFailState
L 02/01/2022 - 05:56:12: [SM]   [1] Line 277, advertisements.sp::ParseAds
L 02/01/2022 - 05:56:12: [SM]   [2] Line 82, advertisements.sp::OnConfigsExecuted
L 02/01/2022 - 05:56:20: Error log file session closed.
L 02/01/2022 - 05:56:26: SourceMod error session started
L 02/01/2022 - 05:56:26: Info (map "cp_badlands") (file "/home/server/tf2/tf/addons/sourcemod/logs/errors_20220201.log")
L 02/01/2022 - 05:56:26: [SM] Exception reported: File Not Found: addons/sourcemod/configs/ozf_advertisements
L 02/01/2022 - 05:56:26: [SM] Blaming: advertisements.smx
L 02/01/2022 - 05:56:26: [SM] Call stack trace:
L 02/01/2022 - 05:56:26: [SM]   [0] SetFailState
L 02/01/2022 - 05:56:26: [SM]   [1] Line 277, advertisements.sp::ParseAds
L 02/01/2022 - 05:56:26: [SM]   [2] Line 82, advertisements.sp::OnConfigsExecuted
L 02/01/2022 - 06:56:39: Error log file session closed.
L 02/01/2022 - 06:56:45: SourceMod error session started
L 02/01/2022 - 06:56:45: Info (map "cp_badlands") (file "/home/server/tf2/tf/addons/sourcemod/logs/errors_20220201.log")
L 02/01/2022 - 06:56:45: [SM] Exception reported: File Not Found: addons/sourcemod/configs/ozf_advertisements
L 02/01/2022 - 06:56:45: [SM] Blaming: advertisements.smx
L 02/01/2022 - 06:56:45: [SM] Call stack trace:
L 02/01/2022 - 06:56:45: [SM]   [0] SetFailState
L 02/01/2022 - 06:56:45: [SM]   [1] Line 277, advertisements.sp::ParseAds
L 02/01/2022 - 06:56:45: [SM]   [2] Line 82, advertisements.sp::OnConfigsExecuted
L 02/01/2022 - 06:57:38: Error log file session closed.
L 02/01/2022 - 06:57:44: SourceMod error session started
L 02/01/2022 - 06:57:44: Info (map "cp_badlands") (file "/home/server/tf2/tf/addons/sourcemod/logs/errors_20220201.log")
L 02/01/2022 - 06:57:44: [SM] Exception reported: File Not Found: addons/sourcemod/configs/ozf_advertisements
L 02/01/2022 - 06:57:44: [SM] Blaming: advertisements.smx
L 02/01/2022 - 06:57:44: [SM] Call stack trace:
L 02/01/2022 - 06:57:44: [SM]   [0] SetFailState
L 02/01/2022 - 06:57:44: [SM]   [1] Line 277, advertisements.sp::ParseAds
L 02/01/2022 - 06:57:44: [SM]   [2] Line 82, advertisements.sp::OnConfigsExecuted
L 02/01/2022 - 06:57:50: Error log file session closed.
L 02/01/2022 - 06:57:56: SourceMod error session started
L 02/01/2022 - 06:57:56: Info (map "cp_badlands") (file "/home/server/tf2/tf/addons/sourcemod/logs/errors_20220201.log")
L 02/01/2022 - 06:57:56: [SM] Exception reported: File Not Found: addons/sourcemod/configs/ozf_advertisements
L 02/01/2022 - 06:57:56: [SM] Blaming: advertisements.smx
L 02/01/2022 - 06:57:56: [SM] Call stack trace:
L 02/01/2022 - 06:57:56: [SM]   [0] SetFailState
L 02/01/2022 - 06:57:56: [SM]   [1] Line 277, advertisements.sp::ParseAds
L 02/01/2022 - 06:57:56: [SM]   [2] Line 82, advertisements.sp::OnConfigsExecuted
L 02/01/2022 - 07:58:09: Error log file session closed.
L 02/01/2022 - 07:58:16: SourceMod error session started
L 02/01/2022 - 07:58:16: Info (map "cp_badlands") (file "/home/server/tf2/tf/addons/sourcemod/logs/errors_20220201.log")
L 02/01/2022 - 07:58:16: [SM] Exception reported: File Not Found: addons/sourcemod/configs/ozf_advertisements
L 02/01/2022 - 07:58:16: [SM] Blaming: advertisements.smx
L 02/01/2022 - 07:58:16: [SM] Call stack trace:
L 02/01/2022 - 07:58:16: [SM]   [0] SetFailState
L 02/01/2022 - 07:58:16: [SM]   [1] Line 277, advertisements.sp::ParseAds
L 02/01/2022 - 07:58:16: [SM]   [2] Line 82, advertisements.sp::OnConfigsExecuted
L 02/01/2022 - 07:59:09: Error log file session closed.
L 02/01/2022 - 07:59:15: SourceMod error session started
L 02/01/2022 - 07:59:15: Info (map "cp_badlands") (file "/home/server/tf2/tf/addons/sourcemod/logs/errors_20220201.log")
L 02/01/2022 - 07:59:15: [SM] Exception reported: File Not Found: addons/sourcemod/configs/ozf_advertisements
L 02/01/2022 - 07:59:15: [SM] Blaming: advertisements.smx
L 02/01/2022 - 07:59:15: [SM] Call stack trace:
L 02/01/2022 - 07:59:15: [SM]   [0] SetFailState
L 02/01/2022 - 07:59:15: [SM]   [1] Line 277, advertisements.sp::ParseAds
L 02/01/2022 - 07:59:15: [SM]   [2] Line 82, advertisements.sp::OnConfigsExecuted
L 02/01/2022 - 07:59:21: Error log file session closed.
L 02/01/2022 - 07:59:27: SourceMod error session started
L 02/01/2022 - 07:59:27: Info (map "cp_badlands") (file "/home/server/tf2/tf/addons/sourcemod/logs/errors_20220201.log")
L 02/01/2022 - 07:59:27: [SM] Exception reported: File Not Found: addons/sourcemod/configs/ozf_advertisements
L 02/01/2022 - 07:59:27: [SM] Blaming: advertisements.smx
L 02/01/2022 - 07:59:27: [SM] Call stack trace:
L 02/01/2022 - 07:59:27: [SM]   [0] SetFailState
L 02/01/2022 - 07:59:27: [SM]   [1] Line 277, advertisements.sp::ParseAds
L 02/01/2022 - 07:59:27: [SM]   [2] Line 82, advertisements.sp::OnConfigsExecuted
L 02/01/2022 - 08:59:40: Error log file session closed.
L 02/01/2022 - 08:59:47: SourceMod error session started
L 02/01/2022 - 08:59:47: Info (map "cp_badlands") (file "/home/server/tf2/tf/addons/sourcemod/logs/errors_20220201.log")
L 02/01/2022 - 08:59:47: [SM] Exception reported: File Not Found: addons/sourcemod/configs/ozf_advertisements
L 02/01/2022 - 08:59:47: [SM] Blaming: advertisements.smx
L 02/01/2022 - 08:59:47: [SM] Call stack trace:
L 02/01/2022 - 08:59:47: [SM]   [0] SetFailState
L 02/01/2022 - 08:59:47: [SM]   [1] Line 277, advertisements.sp::ParseAds
L 02/01/2022 - 08:59:47: [SM]   [2] Line 82, advertisements.sp::OnConfigsExecuted
L 02/01/2022 - 09:00:41: Error log file session closed.
L 02/01/2022 - 09:00:48: SourceMod error session started
L 02/01/2022 - 09:00:48: Info (map "cp_badlands") (file "/home/server/tf2/tf/addons/sourcemod/logs/errors_20220201.log")
L 02/01/2022 - 09:00:48: [SM] Exception reported: File Not Found: addons/sourcemod/configs/ozf_advertisements
L 02/01/2022 - 09:00:48: [SM] Blaming: advertisements.smx
L 02/01/2022 - 09:00:48: [SM] Call stack trace:
L 02/01/2022 - 09:00:48: [SM]   [0] SetFailState
L 02/01/2022 - 09:00:48: [SM]   [1] Line 277, advertisements.sp::ParseAds
L 02/01/2022 - 09:00:48: [SM]   [2] Line 82, advertisements.sp::OnConfigsExecuted
L 02/01/2022 - 09:00:53: Error log file session closed.
L 02/01/2022 - 09:00:59: SourceMod error session started
L 02/01/2022 - 09:00:59: Info (map "cp_badlands") (file "/home/server/tf2/tf/addons/sourcemod/logs/errors_20220201.log")
L 02/01/2022 - 09:00:59: [SM] Exception reported: File Not Found: addons/sourcemod/configs/ozf_advertisements
L 02/01/2022 - 09:00:59: [SM] Blaming: advertisements.smx
L 02/01/2022 - 09:00:59: [SM] Call stack trace:
L 02/01/2022 - 09:00:59: [SM]   [0] SetFailState
L 02/01/2022 - 09:00:59: [SM]   [1] Line 277, advertisements.sp::ParseAds
L 02/01/2022 - 09:00:59: [SM]   [2] Line 82, advertisements.sp::OnConfigsExecuted
L 02/01/2022 - 10:01:11: Error log file session closed.
L 02/01/2022 - 10:01:18: SourceMod error session started
L 02/01/2022 - 10:01:18: Info (map "cp_badlands") (file "/home/server/tf2/tf/addons/sourcemod/logs/errors_20220201.log")
L 02/01/2022 - 10:01:18: [SM] Exception reported: File Not Found: addons/sourcemod/configs/ozf_advertisements
L 02/01/2022 - 10:01:18: [SM] Blaming: advertisements.smx
L 02/01/2022 - 10:01:18: [SM] Call stack trace:
L 02/01/2022 - 10:01:18: [SM]   [0] SetFailState
L 02/01/2022 - 10:01:18: [SM]   [1] Line 277, advertisements.sp::ParseAds
L 02/01/2022 - 10:01:18: [SM]   [2] Line 82, advertisements.sp::OnConfigsExecuted
L 02/01/2022 - 10:02:13: Error log file session closed.
L 02/01/2022 - 10:02:20: SourceMod error session started
L 02/01/2022 - 10:02:20: Info (map "cp_badlands") (file "/home/server/tf2/tf/addons/sourcemod/logs/errors_20220201.log")
L 02/01/2022 - 10:02:20: [SM] Exception reported: File Not Found: addons/sourcemod/configs/ozf_advertisements
L 02/01/2022 - 10:02:20: [SM] Blaming: advertisements.smx
L 02/01/2022 - 10:02:20: [SM] Call stack trace:
L 02/01/2022 - 10:02:20: [SM]   [0] SetFailState
L 02/01/2022 - 10:02:20: [SM]   [1] Line 277, advertisements.sp::ParseAds
L 02/01/2022 - 10:02:20: [SM]   [2] Line 82, advertisements.sp::OnConfigsExecuted
L 02/01/2022 - 10:02:24: Error log file session closed.
L 02/01/2022 - 10:02:30: SourceMod error session started
L 02/01/2022 - 10:02:30: Info (map "cp_badlands") (file "/home/server/tf2/tf/addons/sourcemod/logs/errors_20220201.log")
L 02/01/2022 - 10:02:30: [SM] Exception reported: File Not Found: addons/sourcemod/configs/ozf_advertisements
L 02/01/2022 - 10:02:30: [SM] Blaming: advertisements.smx
L 02/01/2022 - 10:02:30: [SM] Call stack trace:
L 02/01/2022 - 10:02:30: [SM]   [0] SetFailState
L 02/01/2022 - 10:02:30: [SM]   [1] Line 277, advertisements.sp::ParseAds
L 02/01/2022 - 10:02:30: [SM]   [2] Line 82, advertisements.sp::OnConfigsExecuted
L 02/01/2022 - 11:02:41: Error log file session closed.
L 02/01/2022 - 11:02:48: SourceMod error session started
L 02/01/2022 - 11:02:48: Info (map "cp_badlands") (file "/home/server/tf2/tf/addons/sourcemod/logs/errors_20220201.log")
L 02/01/2022 - 11:02:48: [SM] Exception reported: File Not Found: addons/sourcemod/configs/ozf_advertisements
L 02/01/2022 - 11:02:48: [SM] Blaming: advertisements.smx
L 02/01/2022 - 11:02:48: [SM] Call stack trace:
L 02/01/2022 - 11:02:48: [SM]   [0] SetFailState
L 02/01/2022 - 11:02:48: [SM]   [1] Line 277, advertisements.sp::ParseAds
L 02/01/2022 - 11:02:48: [SM]   [2] Line 82, advertisements.sp::OnConfigsExecuted
L 02/01/2022 - 11:03:44: Error log file session closed.
L 02/01/2022 - 11:03:51: SourceMod error session started
L 02/01/2022 - 11:03:51: Info (map "cp_badlands") (file "/home/server/tf2/tf/addons/sourcemod/logs/errors_20220201.log")
L 02/01/2022 - 11:03:51: [SM] Exception reported: File Not Found: addons/sourcemod/configs/ozf_advertisements
L 02/01/2022 - 11:03:51: [SM] Blaming: advertisements.smx
L 02/01/2022 - 11:03:51: [SM] Call stack trace:
L 02/01/2022 - 11:03:51: [SM]   [0] SetFailState
L 02/01/2022 - 11:03:51: [SM]   [1] Line 277, advertisements.sp::ParseAds
L 02/01/2022 - 11:03:51: [SM]   [2] Line 82, advertisements.sp::OnConfigsExecuted
L 02/01/2022 - 11:03:56: Error log file session closed.
L 02/01/2022 - 11:04:02: SourceMod error session started
L 02/01/2022 - 11:04:02: Info (map "cp_badlands") (file "/home/server/tf2/tf/addons/sourcemod/logs/errors_20220201.log")
L 02/01/2022 - 11:04:02: [SM] Exception reported: File Not Found: addons/sourcemod/configs/ozf_advertisements
L 02/01/2022 - 11:04:02: [SM] Blaming: advertisements.smx
L 02/01/2022 - 11:04:02: [SM] Call stack trace:
L 02/01/2022 - 11:04:02: [SM]   [0] SetFailState
L 02/01/2022 - 11:04:02: [SM]   [1] Line 277, advertisements.sp::ParseAds
L 02/01/2022 - 11:04:02: [SM]   [2] Line 82, advertisements.sp::OnConfigsExecuted
L 02/01/2022 - 12:04:10: Error log file session closed.
L 02/01/2022 - 12:04:16: SourceMod error session started
L 02/01/2022 - 12:04:16: Info (map "cp_badlands") (file "/home/server/tf2/tf/addons/sourcemod/logs/errors_20220201.log")
L 02/01/2022 - 12:04:16: [SM] Exception reported: File Not Found: addons/sourcemod/configs/ozf_advertisements
L 02/01/2022 - 12:04:16: [SM] Blaming: advertisements.smx
L 02/01/2022 - 12:04:16: [SM] Call stack trace:
L 02/01/2022 - 12:04:16: [SM]   [0] SetFailState
L 02/01/2022 - 12:04:16: [SM]   [1] Line 277, advertisements.sp::ParseAds
L 02/01/2022 - 12:04:16: [SM]   [2] Line 82, advertisements.sp::OnConfigsExecuted
L 02/01/2022 - 12:05:15: Error log file session closed.
L 02/01/2022 - 12:05:21: SourceMod error session started
L 02/01/2022 - 12:05:21: Info (map "cp_badlands") (file "/home/server/tf2/tf/addons/sourcemod/logs/errors_20220201.log")
L 02/01/2022 - 12:05:21: [SM] Exception reported: File Not Found: addons/sourcemod/configs/ozf_advertisements
L 02/01/2022 - 12:05:21: [SM] Blaming: advertisements.smx
L 02/01/2022 - 12:05:21: [SM] Call stack trace:
L 02/01/2022 - 12:05:21: [SM]   [0] SetFailState
L 02/01/2022 - 12:05:21: [SM]   [1] Line 277, advertisements.sp::ParseAds
L 02/01/2022 - 12:05:21: [SM]   [2] Line 82, advertisements.sp::OnConfigsExecuted
L 02/01/2022 - 12:05:26: Error log file session closed.
L 02/01/2022 - 12:05:33: SourceMod error session started
L 02/01/2022 - 12:05:33: Info (map "cp_badlands") (file "/home/server/tf2/tf/addons/sourcemod/logs/errors_20220201.log")
L 02/01/2022 - 12:05:33: [SM] Exception reported: File Not Found: addons/sourcemod/configs/ozf_advertisements
L 02/01/2022 - 12:05:33: [SM] Blaming: advertisements.smx
L 02/01/2022 - 12:05:33: [SM] Call stack trace:
L 02/01/2022 - 12:05:33: [SM]   [0] SetFailState
L 02/01/2022 - 12:05:33: [SM]   [1] Line 277, advertisements.sp::ParseAds
L 02/01/2022 - 12:05:33: [SM]   [2] Line 82, advertisements.sp::OnConfigsExecuted
L 02/01/2022 - 13:05:41: Error log file session closed.
L 02/01/2022 - 13:05:48: SourceMod error session started
L 02/01/2022 - 13:05:48: Info (map "cp_badlands") (file "/home/server/tf2/tf/addons/sourcemod/logs/errors_20220201.log")
L 02/01/2022 - 13:05:48: [SM] Exception reported: File Not Found: addons/sourcemod/configs/ozf_advertisements
L 02/01/2022 - 13:05:48: [SM] Blaming: advertisements.smx
L 02/01/2022 - 13:05:48: [SM] Call stack trace:
L 02/01/2022 - 13:05:48: [SM]   [0] SetFailState
L 02/01/2022 - 13:05:48: [SM]   [1] Line 277, advertisements.sp::ParseAds
L 02/01/2022 - 13:05:48: [SM]   [2] Line 82, advertisements.sp::OnConfigsExecuted
L 02/01/2022 - 13:06:45: Error log file session closed.
L 02/01/2022 - 13:06:51: SourceMod error session started
L 02/01/2022 - 13:06:51: Info (map "cp_badlands") (file "/home/server/tf2/tf/addons/sourcemod/logs/errors_20220201.log")
L 02/01/2022 - 13:06:51: [SM] Exception reported: File Not Found: addons/sourcemod/configs/ozf_advertisements
L 02/01/2022 - 13:06:51: [SM] Blaming: advertisements.smx
L 02/01/2022 - 13:06:51: [SM] Call stack trace:
L 02/01/2022 - 13:06:51: [SM]   [0] SetFailState
L 02/01/2022 - 13:06:51: [SM]   [1] Line 277, advertisements.sp::ParseAds
L 02/01/2022 - 13:06:51: [SM]   [2] Line 82, advertisements.sp::OnConfigsExecuted
L 02/01/2022 - 13:06:57: Error log file session closed.
L 02/01/2022 - 13:07:04: SourceMod error session started
L 02/01/2022 - 13:07:04: Info (map "cp_badlands") (file "/home/server/tf2/tf/addons/sourcemod/logs/errors_20220201.log")
L 02/01/2022 - 13:07:04: [SM] Exception reported: File Not Found: addons/sourcemod/configs/ozf_advertisements
L 02/01/2022 - 13:07:04: [SM] Blaming: advertisements.smx
L 02/01/2022 - 13:07:04: [SM] Call stack trace:
L 02/01/2022 - 13:07:04: [SM]   [0] SetFailState
L 02/01/2022 - 13:07:04: [SM]   [1] Line 277, advertisements.sp::ParseAds
L 02/01/2022 - 13:07:04: [SM]   [2] Line 82, advertisements.sp::OnConfigsExecuted
L 02/01/2022 - 14:07:09: Error log file session closed.
L 02/01/2022 - 14:07:15: SourceMod error session started
L 02/01/2022 - 14:07:15: Info (map "cp_badlands") (file "/home/server/tf2/tf/addons/sourcemod/logs/errors_20220201.log")
L 02/01/2022 - 14:07:15: [SM] Exception reported: File Not Found: addons/sourcemod/configs/ozf_advertisements
L 02/01/2022 - 14:07:15: [SM] Blaming: advertisements.smx
L 02/01/2022 - 14:07:15: [SM] Call stack trace:
L 02/01/2022 - 14:07:15: [SM]   [0] SetFailState
L 02/01/2022 - 14:07:15: [SM]   [1] Line 277, advertisements.sp::ParseAds
L 02/01/2022 - 14:07:15: [SM]   [2] Line 82, advertisements.sp::OnConfigsExecuted
L 02/01/2022 - 14:08:14: Error log file session closed.
L 02/01/2022 - 14:08:20: SourceMod error session started
L 02/01/2022 - 14:08:20: Info (map "cp_badlands") (file "/home/server/tf2/tf/addons/sourcemod/logs/errors_20220201.log")
L 02/01/2022 - 14:08:20: [SM] Exception reported: File Not Found: addons/sourcemod/configs/ozf_advertisements
L 02/01/2022 - 14:08:20: [SM] Blaming: advertisements.smx
L 02/01/2022 - 14:08:20: [SM] Call stack trace:
L 02/01/2022 - 14:08:20: [SM]   [0] SetFailState
L 02/01/2022 - 14:08:20: [SM]   [1] Line 277, advertisements.sp::ParseAds
L 02/01/2022 - 14:08:20: [SM]   [2] Line 82, advertisements.sp::OnConfigsExecuted
L 02/01/2022 - 14:08:27: Error log file session closed.
L 02/01/2022 - 14:08:33: SourceMod error session started
L 02/01/2022 - 14:08:33: Info (map "cp_badlands") (file "/home/server/tf2/tf/addons/sourcemod/logs/errors_20220201.log")
L 02/01/2022 - 14:08:33: [SM] Exception reported: File Not Found: addons/sourcemod/configs/ozf_advertisements
L 02/01/2022 - 14:08:33: [SM] Blaming: advertisements.smx
L 02/01/2022 - 14:08:33: [SM] Call stack trace:
L 02/01/2022 - 14:08:33: [SM]   [0] SetFailState
L 02/01/2022 - 14:08:33: [SM]   [1] Line 277, advertisements.sp::ParseAds
L 02/01/2022 - 14:08:33: [SM]   [2] Line 82, advertisements.sp::OnConfigsExecuted
L 02/01/2022 - 15:08:37: Error log file session closed.
L 02/01/2022 - 15:08:44: SourceMod error session started
L 02/01/2022 - 15:08:44: Info (map "cp_badlands") (file "/home/server/tf2/tf/addons/sourcemod/logs/errors_20220201.log")
L 02/01/2022 - 15:08:44: [SM] Exception reported: File Not Found: addons/sourcemod/configs/ozf_advertisements
L 02/01/2022 - 15:08:44: [SM] Blaming: advertisements.smx
L 02/01/2022 - 15:08:44: [SM] Call stack trace:
L 02/01/2022 - 15:08:44: [SM]   [0] SetFailState
L 02/01/2022 - 15:08:44: [SM]   [1] Line 277, advertisements.sp::ParseAds
L 02/01/2022 - 15:08:44: [SM]   [2] Line 82, advertisements.sp::OnConfigsExecuted
L 02/01/2022 - 15:09:44: Error log file session closed.
L 02/01/2022 - 15:09:51: SourceMod error session started
L 02/01/2022 - 15:09:51: Info (map "cp_badlands") (file "/home/server/tf2/tf/addons/sourcemod/logs/errors_20220201.log")
L 02/01/2022 - 15:09:51: [SM] Exception reported: File Not Found: addons/sourcemod/configs/ozf_advertisements
L 02/01/2022 - 15:09:51: [SM] Blaming: advertisements.smx
L 02/01/2022 - 15:09:51: [SM] Call stack trace:
L 02/01/2022 - 15:09:51: [SM]   [0] SetFailState
L 02/01/2022 - 15:09:51: [SM]   [1] Line 277, advertisements.sp::ParseAds
L 02/01/2022 - 15:09:51: [SM]   [2] Line 82, advertisements.sp::OnConfigsExecuted
L 02/01/2022 - 15:09:57: Error log file session closed.
L 02/01/2022 - 15:10:03: SourceMod error session started
L 02/01/2022 - 15:10:03: Info (map "cp_badlands") (file "/home/server/tf2/tf/addons/sourcemod/logs/errors_20220201.log")
L 02/01/2022 - 15:10:03: [SM] Exception reported: File Not Found: addons/sourcemod/configs/ozf_advertisements
L 02/01/2022 - 15:10:03: [SM] Blaming: advertisements.smx
L 02/01/2022 - 15:10:03: [SM] Call stack trace:
L 02/01/2022 - 15:10:03: [SM]   [0] SetFailState
L 02/01/2022 - 15:10:03: [SM]   [1] Line 277, advertisements.sp::ParseAds
L 02/01/2022 - 15:10:03: [SM]   [2] Line 82, advertisements.sp::OnConfigsExecuted
L 02/01/2022 - 16:10:08: Error log file session closed.
L 02/01/2022 - 16:10:14: SourceMod error session started
L 02/01/2022 - 16:10:14: Info (map "cp_badlands") (file "/home/server/tf2/tf/addons/sourcemod/logs/errors_20220201.log")
L 02/01/2022 - 16:10:14: [SM] Exception reported: File Not Found: addons/sourcemod/configs/ozf_advertisements
L 02/01/2022 - 16:10:14: [SM] Blaming: advertisements.smx
L 02/01/2022 - 16:10:14: [SM] Call stack trace:
L 02/01/2022 - 16:10:14: [SM]   [0] SetFailState
L 02/01/2022 - 16:10:14: [SM]   [1] Line 277, advertisements.sp::ParseAds
L 02/01/2022 - 16:10:14: [SM]   [2] Line 82, advertisements.sp::OnConfigsExecuted
L 02/01/2022 - 16:11:15: Error log file session closed.
L 02/01/2022 - 16:11:21: SourceMod error session started
L 02/01/2022 - 16:11:21: Info (map "cp_badlands") (file "/home/server/tf2/tf/addons/sourcemod/logs/errors_20220201.log")
L 02/01/2022 - 16:11:21: [SM] Exception reported: File Not Found: addons/sourcemod/configs/ozf_advertisements
L 02/01/2022 - 16:11:21: [SM] Blaming: advertisements.smx
L 02/01/2022 - 16:11:21: [SM] Call stack trace:
L 02/01/2022 - 16:11:21: [SM]   [0] SetFailState
L 02/01/2022 - 16:11:21: [SM]   [1] Line 277, advertisements.sp::ParseAds
L 02/01/2022 - 16:11:21: [SM]   [2] Line 82, advertisements.sp::OnConfigsExecuted
L 02/01/2022 - 16:11:27: Error log file session closed.
L 02/01/2022 - 16:11:33: SourceMod error session started
L 02/01/2022 - 16:11:33: Info (map "cp_badlands") (file "/home/server/tf2/tf/addons/sourcemod/logs/errors_20220201.log")
L 02/01/2022 - 16:11:33: [SM] Exception reported: File Not Found: addons/sourcemod/configs/ozf_advertisements
L 02/01/2022 - 16:11:33: [SM] Blaming: advertisements.smx
L 02/01/2022 - 16:11:33: [SM] Call stack trace:
L 02/01/2022 - 16:11:33: [SM]   [0] SetFailState
L 02/01/2022 - 16:11:33: [SM]   [1] Line 277, advertisements.sp::ParseAds
L 02/01/2022 - 16:11:33: [SM]   [2] Line 82, advertisements.sp::OnConfigsExecuted
L 02/01/2022 - 17:11:38: Error log file session closed.
L 02/01/2022 - 17:11:44: SourceMod error session started
L 02/01/2022 - 17:11:44: Info (map "cp_badlands") (file "/home/server/tf2/tf/addons/sourcemod/logs/errors_20220201.log")
L 02/01/2022 - 17:11:44: [SM] Exception reported: File Not Found: addons/sourcemod/configs/ozf_advertisements
L 02/01/2022 - 17:11:44: [SM] Blaming: advertisements.smx
L 02/01/2022 - 17:11:44: [SM] Call stack trace:
L 02/01/2022 - 17:11:44: [SM]   [0] SetFailState
L 02/01/2022 - 17:11:44: [SM]   [1] Line 277, advertisements.sp::ParseAds
L 02/01/2022 - 17:11:44: [SM]   [2] Line 82, advertisements.sp::OnConfigsExecuted
L 02/01/2022 - 17:12:44: Error log file session closed.
L 02/01/2022 - 17:12:51: SourceMod error session started
L 02/01/2022 - 17:12:51: Info (map "cp_badlands") (file "/home/server/tf2/tf/addons/sourcemod/logs/errors_20220201.log")
L 02/01/2022 - 17:12:51: [SM] Exception reported: File Not Found: addons/sourcemod/configs/ozf_advertisements
L 02/01/2022 - 17:12:51: [SM] Blaming: advertisements.smx
L 02/01/2022 - 17:12:51: [SM] Call stack trace:
L 02/01/2022 - 17:12:51: [SM]   [0] SetFailState
L 02/01/2022 - 17:12:51: [SM]   [1] Line 277, advertisements.sp::ParseAds
L 02/01/2022 - 17:12:51: [SM]   [2] Line 82, advertisements.sp::OnConfigsExecuted
L 02/01/2022 - 17:12:57: Error log file session closed.
L 02/01/2022 - 17:13:04: SourceMod error session started
L 02/01/2022 - 17:13:04: Info (map "cp_badlands") (file "/home/server/tf2/tf/addons/sourcemod/logs/errors_20220201.log")
L 02/01/2022 - 17:13:04: [SM] Exception reported: File Not Found: addons/sourcemod/configs/ozf_advertisements
L 02/01/2022 - 17:13:04: [SM] Blaming: advertisements.smx
L 02/01/2022 - 17:13:04: [SM] Call stack trace:
L 02/01/2022 - 17:13:04: [SM]   [0] SetFailState
L 02/01/2022 - 17:13:04: [SM]   [1] Line 277, advertisements.sp::ParseAds
L 02/01/2022 - 17:13:04: [SM]   [2] Line 82, advertisements.sp::OnConfigsExecuted
L 02/01/2022 - 18:13:09: Error log file session closed.
L 02/01/2022 - 18:13:15: SourceMod error session started
L 02/01/2022 - 18:13:15: Info (map "cp_badlands") (file "/home/server/tf2/tf/addons/sourcemod/logs/errors_20220201.log")
L 02/01/2022 - 18:13:15: [SM] Exception reported: File Not Found: addons/sourcemod/configs/ozf_advertisements
L 02/01/2022 - 18:13:15: [SM] Blaming: advertisements.smx
L 02/01/2022 - 18:13:15: [SM] Call stack trace:
L 02/01/2022 - 18:13:15: [SM]   [0] SetFailState
L 02/01/2022 - 18:13:15: [SM]   [1] Line 277, advertisements.sp::ParseAds
L 02/01/2022 - 18:13:15: [SM]   [2] Line 82, advertisements.sp::OnConfigsExecuted
L 02/01/2022 - 18:14:16: Error log file session closed.
L 02/01/2022 - 18:14:23: SourceMod error session started
L 02/01/2022 - 18:14:23: Info (map "cp_badlands") (file "/home/server/tf2/tf/addons/sourcemod/logs/errors_20220201.log")
L 02/01/2022 - 18:14:23: [SM] Exception reported: File Not Found: addons/sourcemod/configs/ozf_advertisements
L 02/01/2022 - 18:14:23: [SM] Blaming: advertisements.smx
L 02/01/2022 - 18:14:23: [SM] Call stack trace:
L 02/01/2022 - 18:14:23: [SM]   [0] SetFailState
L 02/01/2022 - 18:14:23: [SM]   [1] Line 277, advertisements.sp::ParseAds
L 02/01/2022 - 18:14:23: [SM]   [2] Line 82, advertisements.sp::OnConfigsExecuted
L 02/01/2022 - 18:14:29: Error log file session closed.
L 02/01/2022 - 18:14:35: SourceMod error session started
L 02/01/2022 - 18:14:35: Info (map "cp_badlands") (file "/home/server/tf2/tf/addons/sourcemod/logs/errors_20220201.log")
L 02/01/2022 - 18:14:35: [SM] Exception reported: File Not Found: addons/sourcemod/configs/ozf_advertisements
L 02/01/2022 - 18:14:35: [SM] Blaming: advertisements.smx
L 02/01/2022 - 18:14:35: [SM] Call stack trace:
L 02/01/2022 - 18:14:35: [SM]   [0] SetFailState
L 02/01/2022 - 18:14:35: [SM]   [1] Line 277, advertisements.sp::ParseAds
L 02/01/2022 - 18:14:35: [SM]   [2] Line 82, advertisements.sp::OnConfigsExecuted
L 02/01/2022 - 19:14:39: Error log file session closed.
L 02/01/2022 - 19:14:46: SourceMod error session started
L 02/01/2022 - 19:14:46: Info (map "cp_badlands") (file "/home/server/tf2/tf/addons/sourcemod/logs/errors_20220201.log")
L 02/01/2022 - 19:14:46: [SM] Exception reported: File Not Found: addons/sourcemod/configs/ozf_advertisements
L 02/01/2022 - 19:14:46: [SM] Blaming: advertisements.smx
L 02/01/2022 - 19:14:46: [SM] Call stack trace:
L 02/01/2022 - 19:14:46: [SM]   [0] SetFailState
L 02/01/2022 - 19:14:46: [SM]   [1] Line 277, advertisements.sp::ParseAds
L 02/01/2022 - 19:14:46: [SM]   [2] Line 82, advertisements.sp::OnConfigsExecuted
L 02/01/2022 - 19:15:49: Error log file session closed.
L 02/01/2022 - 19:15:55: SourceMod error session started
L 02/01/2022 - 19:15:55: Info (map "cp_badlands") (file "/home/server/tf2/tf/addons/sourcemod/logs/errors_20220201.log")
L 02/01/2022 - 19:15:55: [SM] Exception reported: File Not Found: addons/sourcemod/configs/ozf_advertisements
L 02/01/2022 - 19:15:55: [SM] Blaming: advertisements.smx
L 02/01/2022 - 19:15:55: [SM] Call stack trace:
L 02/01/2022 - 19:15:55: [SM]   [0] SetFailState
L 02/01/2022 - 19:15:55: [SM]   [1] Line 277, advertisements.sp::ParseAds
L 02/01/2022 - 19:15:55: [SM]   [2] Line 82, advertisements.sp::OnConfigsExecuted
L 02/01/2022 - 19:16:01: Error log file session closed.
L 02/01/2022 - 19:16:07: SourceMod error session started
L 02/01/2022 - 19:16:07: Info (map "cp_badlands") (file "/home/server/tf2/tf/addons/sourcemod/logs/errors_20220201.log")
L 02/01/2022 - 19:16:07: [SM] Exception reported: File Not Found: addons/sourcemod/configs/ozf_advertisements
L 02/01/2022 - 19:16:07: [SM] Blaming: advertisements.smx
L 02/01/2022 - 19:16:07: [SM] Call stack trace:
L 02/01/2022 - 19:16:07: [SM]   [0] SetFailState
L 02/01/2022 - 19:16:07: [SM]   [1] Line 277, advertisements.sp::ParseAds
L 02/01/2022 - 19:16:07: [SM]   [2] Line 82, advertisements.sp::OnConfigsExecuted
L 02/01/2022 - 20:16:14: Error log file session closed.
L 02/01/2022 - 20:16:21: SourceMod error session started
L 02/01/2022 - 20:16:21: Info (map "cp_badlands") (file "/home/server/tf2/tf/addons/sourcemod/logs/errors_20220201.log")
L 02/01/2022 - 20:16:21: [SM] Exception reported: File Not Found: addons/sourcemod/configs/ozf_advertisements
L 02/01/2022 - 20:16:21: [SM] Blaming: advertisements.smx
L 02/01/2022 - 20:16:21: [SM] Call stack trace:
L 02/01/2022 - 20:16:21: [SM]   [0] SetFailState
L 02/01/2022 - 20:16:21: [SM]   [1] Line 277, advertisements.sp::ParseAds
L 02/01/2022 - 20:16:21: [SM]   [2] Line 82, advertisements.sp::OnConfigsExecuted
L 02/01/2022 - 20:17:25: Error log file session closed.
L 02/01/2022 - 20:17:31: SourceMod error session started
L 02/01/2022 - 20:17:31: Info (map "cp_badlands") (file "/home/server/tf2/tf/addons/sourcemod/logs/errors_20220201.log")
L 02/01/2022 - 20:17:31: [SM] Exception reported: File Not Found: addons/sourcemod/configs/ozf_advertisements
L 02/01/2022 - 20:17:31: [SM] Blaming: advertisements.smx
L 02/01/2022 - 20:17:31: [SM] Call stack trace:
L 02/01/2022 - 20:17:31: [SM]   [0] SetFailState
L 02/01/2022 - 20:17:31: [SM]   [1] Line 277, advertisements.sp::ParseAds
L 02/01/2022 - 20:17:31: [SM]   [2] Line 82, advertisements.sp::OnConfigsExecuted
L 02/01/2022 - 20:17:38: Error log file session closed.
L 02/01/2022 - 20:17:44: SourceMod error session started
L 02/01/2022 - 20:17:44: Info (map "cp_badlands") (file "/home/server/tf2/tf/addons/sourcemod/logs/errors_20220201.log")
L 02/01/2022 - 20:17:44: [SM] Exception reported: File Not Found: addons/sourcemod/configs/ozf_advertisements
L 02/01/2022 - 20:17:44: [SM] Blaming: advertisements.smx
L 02/01/2022 - 20:17:44: [SM] Call stack trace:
L 02/01/2022 - 20:17:44: [SM]   [0] SetFailState
L 02/01/2022 - 20:17:44: [SM]   [1] Line 277, advertisements.sp::ParseAds
L 02/01/2022 - 20:17:44: [SM]   [2] Line 82, advertisements.sp::OnConfigsExecuted
L 02/01/2022 - 21:17:45: Error log file session closed.
L 02/01/2022 - 21:17:52: SourceMod error session started
L 02/01/2022 - 21:17:52: Info (map "cp_badlands") (file "/home/server/tf2/tf/addons/sourcemod/logs/errors_20220201.log")
L 02/01/2022 - 21:17:52: [SM] Exception reported: File Not Found: addons/sourcemod/configs/ozf_advertisements
L 02/01/2022 - 21:17:52: [SM] Blaming: advertisements.smx
L 02/01/2022 - 21:17:52: [SM] Call stack trace:
L 02/01/2022 - 21:17:52: [SM]   [0] SetFailState
L 02/01/2022 - 21:17:52: [SM]   [1] Line 277, advertisements.sp::ParseAds
L 02/01/2022 - 21:17:52: [SM]   [2] Line 82, advertisements.sp::OnConfigsExecuted
L 02/01/2022 - 21:18:56: Error log file session closed.
L 02/01/2022 - 21:19:03: SourceMod error session started
L 02/01/2022 - 21:19:03: Info (map "cp_badlands") (file "/home/server/tf2/tf/addons/sourcemod/logs/errors_20220201.log")
L 02/01/2022 - 21:19:03: [SM] Exception reported: File Not Found: addons/sourcemod/configs/ozf_advertisements
L 02/01/2022 - 21:19:03: [SM] Blaming: advertisements.smx
L 02/01/2022 - 21:19:03: [SM] Call stack trace:
L 02/01/2022 - 21:19:03: [SM]   [0] SetFailState
L 02/01/2022 - 21:19:03: [SM]   [1] Line 277, advertisements.sp::ParseAds
L 02/01/2022 - 21:19:03: [SM]   [2] Line 82, advertisements.sp::OnConfigsExecuted
L 02/01/2022 - 21:19:10: Error log file session closed.
L 02/01/2022 - 21:19:17: SourceMod error session started
L 02/01/2022 - 21:19:17: Info (map "cp_badlands") (file "/home/server/tf2/tf/addons/sourcemod/logs/errors_20220201.log")
L 02/01/2022 - 21:19:17: [SM] Exception reported: File Not Found: addons/sourcemod/configs/ozf_advertisements
L 02/01/2022 - 21:19:17: [SM] Blaming: advertisements.smx
L 02/01/2022 - 21:19:17: [SM] Call stack trace:
L 02/01/2022 - 21:19:17: [SM]   [0] SetFailState
L 02/01/2022 - 21:19:17: [SM]   [1] Line 277, advertisements.sp::ParseAds
L 02/01/2022 - 21:19:17: [SM]   [2] Line 82, advertisements.sp::OnConfigsExecuted
L 02/01/2022 - 22:19:15: Error log file session closed.
L 02/01/2022 - 22:19:21: SourceMod error session started
L 02/01/2022 - 22:19:21: Info (map "cp_badlands") (file "/home/server/tf2/tf/addons/sourcemod/logs/errors_20220201.log")
L 02/01/2022 - 22:19:21: [SM] Exception reported: File Not Found: addons/sourcemod/configs/ozf_advertisements
L 02/01/2022 - 22:19:21: [SM] Blaming: advertisements.smx
L 02/01/2022 - 22:19:21: [SM] Call stack trace:
L 02/01/2022 - 22:19:21: [SM]   [0] SetFailState
L 02/01/2022 - 22:19:21: [SM]   [1] Line 277, advertisements.sp::ParseAds
L 02/01/2022 - 22:19:21: [SM]   [2] Line 82, advertisements.sp::OnConfigsExecuted
L 02/01/2022 - 22:20:28: Error log file session closed.
L 02/01/2022 - 22:20:34: SourceMod error session started
L 02/01/2022 - 22:20:34: Info (map "cp_badlands") (file "/home/server/tf2/tf/addons/sourcemod/logs/errors_20220201.log")
L 02/01/2022 - 22:20:34: [SM] Exception reported: File Not Found: addons/sourcemod/configs/ozf_advertisements
L 02/01/2022 - 22:20:34: [SM] Blaming: advertisements.smx
L 02/01/2022 - 22:20:34: [SM] Call stack trace:
L 02/01/2022 - 22:20:34: [SM]   [0] SetFailState
L 02/01/2022 - 22:20:34: [SM]   [1] Line 277, advertisements.sp::ParseAds
L 02/01/2022 - 22:20:34: [SM]   [2] Line 82, advertisements.sp::OnConfigsExecuted
L 02/01/2022 - 22:20:43: Error log file session closed.
L 02/01/2022 - 22:20:49: SourceMod error session started
L 02/01/2022 - 22:20:49: Info (map "cp_badlands") (file "/home/server/tf2/tf/addons/sourcemod/logs/errors_20220201.log")
L 02/01/2022 - 22:20:49: [SM] Exception reported: File Not Found: addons/sourcemod/configs/ozf_advertisements
L 02/01/2022 - 22:20:49: [SM] Blaming: advertisements.smx
L 02/01/2022 - 22:20:49: [SM] Call stack trace:
L 02/01/2022 - 22:20:49: [SM]   [0] SetFailState
L 02/01/2022 - 22:20:49: [SM]   [1] Line 277, advertisements.sp::ParseAds
L 02/01/2022 - 22:20:49: [SM]   [2] Line 82, advertisements.sp::OnConfigsExecuted
L 02/01/2022 - 23:20:47: Error log file session closed.
L 02/01/2022 - 23:20:53: SourceMod error session started
L 02/01/2022 - 23:20:53: Info (map "cp_badlands") (file "/home/server/tf2/tf/addons/sourcemod/logs/errors_20220201.log")
L 02/01/2022 - 23:20:53: [SM] Exception reported: File Not Found: addons/sourcemod/configs/ozf_advertisements
L 02/01/2022 - 23:20:53: [SM] Blaming: advertisements.smx
L 02/01/2022 - 23:20:53: [SM] Call stack trace:
L 02/01/2022 - 23:20:53: [SM]   [0] SetFailState
L 02/01/2022 - 23:20:53: [SM]   [1] Line 277, advertisements.sp::ParseAds
L 02/01/2022 - 23:20:53: [SM]   [2] Line 82, advertisements.sp::OnConfigsExecuted
L 02/01/2022 - 23:22:01: Error log file session closed.
L 02/01/2022 - 23:22:08: SourceMod error session started
L 02/01/2022 - 23:22:08: Info (map "cp_badlands") (file "/home/server/tf2/tf/addons/sourcemod/logs/errors_20220201.log")
L 02/01/2022 - 23:22:08: [SM] Exception reported: File Not Found: addons/sourcemod/configs/ozf_advertisements
L 02/01/2022 - 23:22:08: [SM] Blaming: advertisements.smx
L 02/01/2022 - 23:22:08: [SM] Call stack trace:
L 02/01/2022 - 23:22:08: [SM]   [0] SetFailState
L 02/01/2022 - 23:22:08: [SM]   [1] Line 277, advertisements.sp::ParseAds
L 02/01/2022 - 23:22:08: [SM]   [2] Line 82, advertisements.sp::OnConfigsExecuted
L 02/01/2022 - 23:22:15: Error log file session closed.
L 02/01/2022 - 23:22:21: SourceMod error session started
L 02/01/2022 - 23:22:21: Info (map "cp_badlands") (file "/home/server/tf2/tf/addons/sourcemod/logs/errors_20220201.log")
L 02/01/2022 - 23:22:21: [SM] Exception reported: File Not Found: addons/sourcemod/configs/ozf_advertisements
L 02/01/2022 - 23:22:21: [SM] Blaming: advertisements.smx
L 02/01/2022 - 23:22:21: [SM] Call stack trace:
L 02/01/2022 - 23:22:21: [SM]   [0] SetFailState
L 02/01/2022 - 23:22:21: [SM]   [1] Line 277, advertisements.sp::ParseAds
L 02/01/2022 - 23:22:21: [SM]   [2] Line 82, advertisements.sp::OnConfigsExecuted
L 02/02/2022 - 00:20:58: Error log file session closed.
L 02/02/2022 - 00:22:13: Error log file session closed.
L 02/02/2022 - 00:22:26: Error log file session closed.
