L 02/02/2022 - 00:22:23: SourceMod error session started
L 02/02/2022 - 00:22:23: Info (map "cp_badlands") (file "/home/server/tf2/tf/addons/sourcemod/logs/errors_20220202.log")
L 02/02/2022 - 00:22:23: [SM] Exception reported: File Not Found: addons/sourcemod/configs/ozf_advertisements
L 02/02/2022 - 00:22:23: [SM] Blaming: advertisements.smx
L 02/02/2022 - 00:22:23: [SM] Call stack trace:
L 02/02/2022 - 00:22:23: [SM]   [0] SetFailState
L 02/02/2022 - 00:22:23: [SM]   [1] Line 277, advertisements.sp::ParseAds
L 02/02/2022 - 00:22:23: [SM]   [2] Line 82, advertisements.sp::OnConfigsExecuted
L 02/02/2022 - 00:23:41: SourceMod error session started
L 02/02/2022 - 00:23:41: Info (map "cp_badlands") (file "/home/server/tf2/tf/addons/sourcemod/logs/errors_20220202.log")
L 02/02/2022 - 00:23:41: [SM] Exception reported: File Not Found: addons/sourcemod/configs/ozf_advertisements
L 02/02/2022 - 00:23:41: [SM] Blaming: advertisements.smx
L 02/02/2022 - 00:23:41: [SM] Call stack trace:
L 02/02/2022 - 00:23:41: [SM]   [0] SetFailState
L 02/02/2022 - 00:23:41: [SM]   [1] Line 277, advertisements.sp::ParseAds
L 02/02/2022 - 00:23:41: [SM]   [2] Line 82, advertisements.sp::OnConfigsExecuted
L 02/02/2022 - 00:23:55: SourceMod error session started
L 02/02/2022 - 00:23:55: Info (map "cp_badlands") (file "/home/server/tf2/tf/addons/sourcemod/logs/errors_20220202.log")
L 02/02/2022 - 00:23:55: [SM] Exception reported: File Not Found: addons/sourcemod/configs/ozf_advertisements
L 02/02/2022 - 00:23:55: [SM] Blaming: advertisements.smx
L 02/02/2022 - 00:23:55: [SM] Call stack trace:
L 02/02/2022 - 00:23:55: [SM]   [0] SetFailState
L 02/02/2022 - 00:23:55: [SM]   [1] Line 277, advertisements.sp::ParseAds
L 02/02/2022 - 00:23:55: [SM]   [2] Line 82, advertisements.sp::OnConfigsExecuted
L 02/02/2022 - 01:23:47: Error log file session closed.
L 02/02/2022 - 01:23:53: SourceMod error session started
L 02/02/2022 - 01:23:53: Info (map "cp_badlands") (file "/home/server/tf2/tf/addons/sourcemod/logs/errors_20220202.log")
L 02/02/2022 - 01:23:53: [SM] Exception reported: File Not Found: addons/sourcemod/configs/ozf_advertisements
L 02/02/2022 - 01:23:53: [SM] Blaming: advertisements.smx
L 02/02/2022 - 01:23:53: [SM] Call stack trace:
L 02/02/2022 - 01:23:53: [SM]   [0] SetFailState
L 02/02/2022 - 01:23:53: [SM]   [1] Line 277, advertisements.sp::ParseAds
L 02/02/2022 - 01:23:53: [SM]   [2] Line 82, advertisements.sp::OnConfigsExecuted
L 02/02/2022 - 01:25:07: Error log file session closed.
L 02/02/2022 - 01:25:14: SourceMod error session started
L 02/02/2022 - 01:25:14: Info (map "cp_badlands") (file "/home/server/tf2/tf/addons/sourcemod/logs/errors_20220202.log")
L 02/02/2022 - 01:25:14: [SM] Exception reported: File Not Found: addons/sourcemod/configs/ozf_advertisements
L 02/02/2022 - 01:25:14: [SM] Blaming: advertisements.smx
L 02/02/2022 - 01:25:14: [SM] Call stack trace:
L 02/02/2022 - 01:25:14: [SM]   [0] SetFailState
L 02/02/2022 - 01:25:14: [SM]   [1] Line 277, advertisements.sp::ParseAds
L 02/02/2022 - 01:25:14: [SM]   [2] Line 82, advertisements.sp::OnConfigsExecuted
L 02/02/2022 - 01:25:21: Error log file session closed.
L 02/02/2022 - 01:25:27: SourceMod error session started
L 02/02/2022 - 01:25:27: Info (map "cp_badlands") (file "/home/server/tf2/tf/addons/sourcemod/logs/errors_20220202.log")
L 02/02/2022 - 01:25:27: [SM] Exception reported: File Not Found: addons/sourcemod/configs/ozf_advertisements
L 02/02/2022 - 01:25:27: [SM] Blaming: advertisements.smx
L 02/02/2022 - 01:25:27: [SM] Call stack trace:
L 02/02/2022 - 01:25:27: [SM]   [0] SetFailState
L 02/02/2022 - 01:25:27: [SM]   [1] Line 277, advertisements.sp::ParseAds
L 02/02/2022 - 01:25:27: [SM]   [2] Line 82, advertisements.sp::OnConfigsExecuted
L 02/02/2022 - 02:25:17: Error log file session closed.
L 02/02/2022 - 02:25:24: SourceMod error session started
L 02/02/2022 - 02:25:24: Info (map "cp_badlands") (file "/home/server/tf2/tf/addons/sourcemod/logs/errors_20220202.log")
L 02/02/2022 - 02:25:24: [SM] Exception reported: File Not Found: addons/sourcemod/configs/ozf_advertisements
L 02/02/2022 - 02:25:24: [SM] Blaming: advertisements.smx
L 02/02/2022 - 02:25:24: [SM] Call stack trace:
L 02/02/2022 - 02:25:24: [SM]   [0] SetFailState
L 02/02/2022 - 02:25:24: [SM]   [1] Line 277, advertisements.sp::ParseAds
L 02/02/2022 - 02:25:24: [SM]   [2] Line 82, advertisements.sp::OnConfigsExecuted
L 02/02/2022 - 02:26:38: Error log file session closed.
L 02/02/2022 - 02:26:44: SourceMod error session started
L 02/02/2022 - 02:26:44: Info (map "cp_badlands") (file "/home/server/tf2/tf/addons/sourcemod/logs/errors_20220202.log")
L 02/02/2022 - 02:26:44: [SM] Exception reported: File Not Found: addons/sourcemod/configs/ozf_advertisements
L 02/02/2022 - 02:26:44: [SM] Blaming: advertisements.smx
L 02/02/2022 - 02:26:44: [SM] Call stack trace:
L 02/02/2022 - 02:26:44: [SM]   [0] SetFailState
L 02/02/2022 - 02:26:44: [SM]   [1] Line 277, advertisements.sp::ParseAds
L 02/02/2022 - 02:26:44: [SM]   [2] Line 82, advertisements.sp::OnConfigsExecuted
L 02/02/2022 - 02:26:53: Error log file session closed.
L 02/02/2022 - 02:26:59: SourceMod error session started
L 02/02/2022 - 02:26:59: Info (map "cp_badlands") (file "/home/server/tf2/tf/addons/sourcemod/logs/errors_20220202.log")
L 02/02/2022 - 02:26:59: [SM] Exception reported: File Not Found: addons/sourcemod/configs/ozf_advertisements
L 02/02/2022 - 02:26:59: [SM] Blaming: advertisements.smx
L 02/02/2022 - 02:26:59: [SM] Call stack trace:
L 02/02/2022 - 02:26:59: [SM]   [0] SetFailState
L 02/02/2022 - 02:26:59: [SM]   [1] Line 277, advertisements.sp::ParseAds
L 02/02/2022 - 02:26:59: [SM]   [2] Line 82, advertisements.sp::OnConfigsExecuted
L 02/02/2022 - 03:26:46: Error log file session closed.
L 02/02/2022 - 03:26:52: SourceMod error session started
L 02/02/2022 - 03:26:52: Info (map "cp_badlands") (file "/home/server/tf2/tf/addons/sourcemod/logs/errors_20220202.log")
L 02/02/2022 - 03:26:52: [SM] Exception reported: File Not Found: addons/sourcemod/configs/ozf_advertisements
L 02/02/2022 - 03:26:52: [SM] Blaming: advertisements.smx
L 02/02/2022 - 03:26:52: [SM] Call stack trace:
L 02/02/2022 - 03:26:52: [SM]   [0] SetFailState
L 02/02/2022 - 03:26:52: [SM]   [1] Line 277, advertisements.sp::ParseAds
L 02/02/2022 - 03:26:52: [SM]   [2] Line 82, advertisements.sp::OnConfigsExecuted
L 02/02/2022 - 03:28:09: Error log file session closed.
L 02/02/2022 - 03:28:15: SourceMod error session started
L 02/02/2022 - 03:28:15: Info (map "cp_badlands") (file "/home/server/tf2/tf/addons/sourcemod/logs/errors_20220202.log")
L 02/02/2022 - 03:28:15: [SM] Exception reported: File Not Found: addons/sourcemod/configs/ozf_advertisements
L 02/02/2022 - 03:28:15: [SM] Blaming: advertisements.smx
L 02/02/2022 - 03:28:15: [SM] Call stack trace:
L 02/02/2022 - 03:28:15: [SM]   [0] SetFailState
L 02/02/2022 - 03:28:15: [SM]   [1] Line 277, advertisements.sp::ParseAds
L 02/02/2022 - 03:28:15: [SM]   [2] Line 82, advertisements.sp::OnConfigsExecuted
L 02/02/2022 - 03:28:22: Error log file session closed.
L 02/02/2022 - 03:28:29: SourceMod error session started
L 02/02/2022 - 03:28:29: Info (map "cp_badlands") (file "/home/server/tf2/tf/addons/sourcemod/logs/errors_20220202.log")
L 02/02/2022 - 03:28:29: [SM] Exception reported: File Not Found: addons/sourcemod/configs/ozf_advertisements
L 02/02/2022 - 03:28:29: [SM] Blaming: advertisements.smx
L 02/02/2022 - 03:28:29: [SM] Call stack trace:
L 02/02/2022 - 03:28:29: [SM]   [0] SetFailState
L 02/02/2022 - 03:28:29: [SM]   [1] Line 277, advertisements.sp::ParseAds
L 02/02/2022 - 03:28:29: [SM]   [2] Line 82, advertisements.sp::OnConfigsExecuted
L 02/02/2022 - 04:28:15: Error log file session closed.
L 02/02/2022 - 04:28:22: SourceMod error session started
L 02/02/2022 - 04:28:22: Info (map "cp_badlands") (file "/home/server/tf2/tf/addons/sourcemod/logs/errors_20220202.log")
L 02/02/2022 - 04:28:22: [SM] Exception reported: File Not Found: addons/sourcemod/configs/ozf_advertisements
L 02/02/2022 - 04:28:22: [SM] Blaming: advertisements.smx
L 02/02/2022 - 04:28:22: [SM] Call stack trace:
L 02/02/2022 - 04:28:22: [SM]   [0] SetFailState
L 02/02/2022 - 04:28:22: [SM]   [1] Line 277, advertisements.sp::ParseAds
L 02/02/2022 - 04:28:22: [SM]   [2] Line 82, advertisements.sp::OnConfigsExecuted
L 02/02/2022 - 04:29:39: Error log file session closed.
L 02/02/2022 - 04:29:46: SourceMod error session started
L 02/02/2022 - 04:29:46: Info (map "cp_badlands") (file "/home/server/tf2/tf/addons/sourcemod/logs/errors_20220202.log")
L 02/02/2022 - 04:29:46: [SM] Exception reported: File Not Found: addons/sourcemod/configs/ozf_advertisements
L 02/02/2022 - 04:29:46: [SM] Blaming: advertisements.smx
L 02/02/2022 - 04:29:46: [SM] Call stack trace:
L 02/02/2022 - 04:29:46: [SM]   [0] SetFailState
L 02/02/2022 - 04:29:46: [SM]   [1] Line 277, advertisements.sp::ParseAds
L 02/02/2022 - 04:29:46: [SM]   [2] Line 82, advertisements.sp::OnConfigsExecuted
L 02/02/2022 - 04:29:52: Error log file session closed.
L 02/02/2022 - 04:29:58: SourceMod error session started
L 02/02/2022 - 04:29:58: Info (map "cp_badlands") (file "/home/server/tf2/tf/addons/sourcemod/logs/errors_20220202.log")
L 02/02/2022 - 04:29:58: [SM] Exception reported: File Not Found: addons/sourcemod/configs/ozf_advertisements
L 02/02/2022 - 04:29:58: [SM] Blaming: advertisements.smx
L 02/02/2022 - 04:29:58: [SM] Call stack trace:
L 02/02/2022 - 04:29:58: [SM]   [0] SetFailState
L 02/02/2022 - 04:29:58: [SM]   [1] Line 277, advertisements.sp::ParseAds
L 02/02/2022 - 04:29:58: [SM]   [2] Line 82, advertisements.sp::OnConfigsExecuted
L 02/02/2022 - 05:29:45: Error log file session closed.
L 02/02/2022 - 05:29:51: SourceMod error session started
L 02/02/2022 - 05:29:51: Info (map "cp_badlands") (file "/home/server/tf2/tf/addons/sourcemod/logs/errors_20220202.log")
L 02/02/2022 - 05:29:51: [SM] Exception reported: File Not Found: addons/sourcemod/configs/ozf_advertisements
L 02/02/2022 - 05:29:51: [SM] Blaming: advertisements.smx
L 02/02/2022 - 05:29:51: [SM] Call stack trace:
L 02/02/2022 - 05:29:51: [SM]   [0] SetFailState
L 02/02/2022 - 05:29:51: [SM]   [1] Line 277, advertisements.sp::ParseAds
L 02/02/2022 - 05:29:51: [SM]   [2] Line 82, advertisements.sp::OnConfigsExecuted
L 02/02/2022 - 05:31:10: Error log file session closed.
L 02/02/2022 - 05:31:16: SourceMod error session started
L 02/02/2022 - 05:31:16: Info (map "cp_badlands") (file "/home/server/tf2/tf/addons/sourcemod/logs/errors_20220202.log")
L 02/02/2022 - 05:31:16: [SM] Exception reported: File Not Found: addons/sourcemod/configs/ozf_advertisements
L 02/02/2022 - 05:31:16: [SM] Blaming: advertisements.smx
L 02/02/2022 - 05:31:16: [SM] Call stack trace:
L 02/02/2022 - 05:31:16: [SM]   [0] SetFailState
L 02/02/2022 - 05:31:16: [SM]   [1] Line 277, advertisements.sp::ParseAds
L 02/02/2022 - 05:31:16: [SM]   [2] Line 82, advertisements.sp::OnConfigsExecuted
L 02/02/2022 - 05:31:22: Error log file session closed.
L 02/02/2022 - 05:31:29: SourceMod error session started
L 02/02/2022 - 05:31:29: Info (map "cp_badlands") (file "/home/server/tf2/tf/addons/sourcemod/logs/errors_20220202.log")
L 02/02/2022 - 05:31:29: [SM] Exception reported: File Not Found: addons/sourcemod/configs/ozf_advertisements
L 02/02/2022 - 05:31:29: [SM] Blaming: advertisements.smx
L 02/02/2022 - 05:31:29: [SM] Call stack trace:
L 02/02/2022 - 05:31:29: [SM]   [0] SetFailState
L 02/02/2022 - 05:31:29: [SM]   [1] Line 277, advertisements.sp::ParseAds
L 02/02/2022 - 05:31:29: [SM]   [2] Line 82, advertisements.sp::OnConfigsExecuted
L 02/02/2022 - 06:31:14: Error log file session closed.
L 02/02/2022 - 06:31:20: SourceMod error session started
L 02/02/2022 - 06:31:20: Info (map "cp_badlands") (file "/home/server/tf2/tf/addons/sourcemod/logs/errors_20220202.log")
L 02/02/2022 - 06:31:20: [SM] Exception reported: File Not Found: addons/sourcemod/configs/ozf_advertisements
L 02/02/2022 - 06:31:20: [SM] Blaming: advertisements.smx
L 02/02/2022 - 06:31:20: [SM] Call stack trace:
L 02/02/2022 - 06:31:20: [SM]   [0] SetFailState
L 02/02/2022 - 06:31:20: [SM]   [1] Line 277, advertisements.sp::ParseAds
L 02/02/2022 - 06:31:20: [SM]   [2] Line 82, advertisements.sp::OnConfigsExecuted
L 02/02/2022 - 06:32:41: Error log file session closed.
L 02/02/2022 - 06:32:47: SourceMod error session started
L 02/02/2022 - 06:32:47: Info (map "cp_badlands") (file "/home/server/tf2/tf/addons/sourcemod/logs/errors_20220202.log")
L 02/02/2022 - 06:32:47: [SM] Exception reported: File Not Found: addons/sourcemod/configs/ozf_advertisements
L 02/02/2022 - 06:32:47: [SM] Blaming: advertisements.smx
L 02/02/2022 - 06:32:47: [SM] Call stack trace:
L 02/02/2022 - 06:32:47: [SM]   [0] SetFailState
L 02/02/2022 - 06:32:47: [SM]   [1] Line 277, advertisements.sp::ParseAds
L 02/02/2022 - 06:32:47: [SM]   [2] Line 82, advertisements.sp::OnConfigsExecuted
L 02/02/2022 - 06:32:54: Error log file session closed.
L 02/02/2022 - 06:33:00: SourceMod error session started
L 02/02/2022 - 06:33:00: Info (map "cp_badlands") (file "/home/server/tf2/tf/addons/sourcemod/logs/errors_20220202.log")
L 02/02/2022 - 06:33:00: [SM] Exception reported: File Not Found: addons/sourcemod/configs/ozf_advertisements
L 02/02/2022 - 06:33:00: [SM] Blaming: advertisements.smx
L 02/02/2022 - 06:33:00: [SM] Call stack trace:
L 02/02/2022 - 06:33:00: [SM]   [0] SetFailState
L 02/02/2022 - 06:33:00: [SM]   [1] Line 277, advertisements.sp::ParseAds
L 02/02/2022 - 06:33:00: [SM]   [2] Line 82, advertisements.sp::OnConfigsExecuted
L 02/02/2022 - 07:32:44: Error log file session closed.
L 02/02/2022 - 07:32:50: SourceMod error session started
L 02/02/2022 - 07:32:50: Info (map "cp_badlands") (file "/home/server/tf2/tf/addons/sourcemod/logs/errors_20220202.log")
L 02/02/2022 - 07:32:50: [SM] Exception reported: File Not Found: addons/sourcemod/configs/ozf_advertisements
L 02/02/2022 - 07:32:50: [SM] Blaming: advertisements.smx
L 02/02/2022 - 07:32:50: [SM] Call stack trace:
L 02/02/2022 - 07:32:50: [SM]   [0] SetFailState
L 02/02/2022 - 07:32:50: [SM]   [1] Line 277, advertisements.sp::ParseAds
L 02/02/2022 - 07:32:50: [SM]   [2] Line 82, advertisements.sp::OnConfigsExecuted
L 02/02/2022 - 07:34:11: Error log file session closed.
L 02/02/2022 - 07:34:18: SourceMod error session started
L 02/02/2022 - 07:34:18: Info (map "cp_badlands") (file "/home/server/tf2/tf/addons/sourcemod/logs/errors_20220202.log")
L 02/02/2022 - 07:34:18: [SM] Exception reported: File Not Found: addons/sourcemod/configs/ozf_advertisements
L 02/02/2022 - 07:34:18: [SM] Blaming: advertisements.smx
L 02/02/2022 - 07:34:18: [SM] Call stack trace:
L 02/02/2022 - 07:34:18: [SM]   [0] SetFailState
L 02/02/2022 - 07:34:18: [SM]   [1] Line 277, advertisements.sp::ParseAds
L 02/02/2022 - 07:34:18: [SM]   [2] Line 82, advertisements.sp::OnConfigsExecuted
L 02/02/2022 - 07:34:25: Error log file session closed.
L 02/02/2022 - 07:34:32: SourceMod error session started
L 02/02/2022 - 07:34:32: Info (map "cp_badlands") (file "/home/server/tf2/tf/addons/sourcemod/logs/errors_20220202.log")
L 02/02/2022 - 07:34:32: [SM] Exception reported: File Not Found: addons/sourcemod/configs/ozf_advertisements
L 02/02/2022 - 07:34:32: [SM] Blaming: advertisements.smx
L 02/02/2022 - 07:34:32: [SM] Call stack trace:
L 02/02/2022 - 07:34:32: [SM]   [0] SetFailState
L 02/02/2022 - 07:34:32: [SM]   [1] Line 277, advertisements.sp::ParseAds
L 02/02/2022 - 07:34:32: [SM]   [2] Line 82, advertisements.sp::OnConfigsExecuted
L 02/02/2022 - 08:34:13: Error log file session closed.
L 02/02/2022 - 08:34:20: SourceMod error session started
L 02/02/2022 - 08:34:20: Info (map "cp_badlands") (file "/home/server/tf2/tf/addons/sourcemod/logs/errors_20220202.log")
L 02/02/2022 - 08:34:20: [SM] Exception reported: File Not Found: addons/sourcemod/configs/ozf_advertisements
L 02/02/2022 - 08:34:20: [SM] Blaming: advertisements.smx
L 02/02/2022 - 08:34:20: [SM] Call stack trace:
L 02/02/2022 - 08:34:20: [SM]   [0] SetFailState
L 02/02/2022 - 08:34:20: [SM]   [1] Line 277, advertisements.sp::ParseAds
L 02/02/2022 - 08:34:20: [SM]   [2] Line 82, advertisements.sp::OnConfigsExecuted
L 02/02/2022 - 08:35:42: Error log file session closed.
L 02/02/2022 - 08:35:49: SourceMod error session started
L 02/02/2022 - 08:35:49: Info (map "cp_badlands") (file "/home/server/tf2/tf/addons/sourcemod/logs/errors_20220202.log")
L 02/02/2022 - 08:35:49: [SM] Exception reported: File Not Found: addons/sourcemod/configs/ozf_advertisements
L 02/02/2022 - 08:35:49: [SM] Blaming: advertisements.smx
L 02/02/2022 - 08:35:49: [SM] Call stack trace:
L 02/02/2022 - 08:35:49: [SM]   [0] SetFailState
L 02/02/2022 - 08:35:49: [SM]   [1] Line 277, advertisements.sp::ParseAds
L 02/02/2022 - 08:35:49: [SM]   [2] Line 82, advertisements.sp::OnConfigsExecuted
L 02/02/2022 - 08:35:56: Error log file session closed.
L 02/02/2022 - 08:36:02: SourceMod error session started
L 02/02/2022 - 08:36:02: Info (map "cp_badlands") (file "/home/server/tf2/tf/addons/sourcemod/logs/errors_20220202.log")
L 02/02/2022 - 08:36:02: [SM] Exception reported: File Not Found: addons/sourcemod/configs/ozf_advertisements
L 02/02/2022 - 08:36:02: [SM] Blaming: advertisements.smx
L 02/02/2022 - 08:36:02: [SM] Call stack trace:
L 02/02/2022 - 08:36:02: [SM]   [0] SetFailState
L 02/02/2022 - 08:36:02: [SM]   [1] Line 277, advertisements.sp::ParseAds
L 02/02/2022 - 08:36:02: [SM]   [2] Line 82, advertisements.sp::OnConfigsExecuted
L 02/02/2022 - 09:35:46: Error log file session closed.
L 02/02/2022 - 09:35:52: SourceMod error session started
L 02/02/2022 - 09:35:52: Info (map "cp_badlands") (file "/home/server/tf2/tf/addons/sourcemod/logs/errors_20220202.log")
L 02/02/2022 - 09:35:52: [SM] Exception reported: File Not Found: addons/sourcemod/configs/ozf_advertisements
L 02/02/2022 - 09:35:52: [SM] Blaming: advertisements.smx
L 02/02/2022 - 09:35:52: [SM] Call stack trace:
L 02/02/2022 - 09:35:52: [SM]   [0] SetFailState
L 02/02/2022 - 09:35:52: [SM]   [1] Line 277, advertisements.sp::ParseAds
L 02/02/2022 - 09:35:52: [SM]   [2] Line 82, advertisements.sp::OnConfigsExecuted
L 02/02/2022 - 09:37:14: Error log file session closed.
L 02/02/2022 - 09:37:20: SourceMod error session started
L 02/02/2022 - 09:37:20: Info (map "cp_badlands") (file "/home/server/tf2/tf/addons/sourcemod/logs/errors_20220202.log")
L 02/02/2022 - 09:37:20: [SM] Exception reported: File Not Found: addons/sourcemod/configs/ozf_advertisements
L 02/02/2022 - 09:37:20: [SM] Blaming: advertisements.smx
L 02/02/2022 - 09:37:20: [SM] Call stack trace:
L 02/02/2022 - 09:37:20: [SM]   [0] SetFailState
L 02/02/2022 - 09:37:20: [SM]   [1] Line 277, advertisements.sp::ParseAds
L 02/02/2022 - 09:37:20: [SM]   [2] Line 82, advertisements.sp::OnConfigsExecuted
L 02/02/2022 - 09:37:30: Error log file session closed.
L 02/02/2022 - 09:37:36: SourceMod error session started
L 02/02/2022 - 09:37:36: Info (map "cp_badlands") (file "/home/server/tf2/tf/addons/sourcemod/logs/errors_20220202.log")
L 02/02/2022 - 09:37:36: [SM] Exception reported: File Not Found: addons/sourcemod/configs/ozf_advertisements
L 02/02/2022 - 09:37:36: [SM] Blaming: advertisements.smx
L 02/02/2022 - 09:37:36: [SM] Call stack trace:
L 02/02/2022 - 09:37:36: [SM]   [0] SetFailState
L 02/02/2022 - 09:37:36: [SM]   [1] Line 277, advertisements.sp::ParseAds
L 02/02/2022 - 09:37:36: [SM]   [2] Line 82, advertisements.sp::OnConfigsExecuted
L 02/02/2022 - 09:41:44: SourceMod error session started
L 02/02/2022 - 09:41:44: Info (map "cp_snakewater_final1") (file "/home/server/tf2/tf/addons/sourcemod/logs/errors_20220202.log")
L 02/02/2022 - 09:41:44: [logstf.smx] Error uploading partial logs: Unknown error:<!DOCTYPE html><html lang="en" prefix="og: http://ogp.me/ns#"><head><meta charset="utf-8"><meta http-equiv=
L 02/02/2022 - 09:45:12: [logstf.smx] Error uploading partial logs: Unknown error:<!DOCTYPE html><html lang="en" prefix="og: http://ogp.me/ns#"><head><meta charset="utf-8"><meta http-equiv=
L 02/02/2022 - 09:49:30: [logstf.smx] Error uploading partial logs: Unknown error:<!DOCTYPE html><html lang="en" prefix="og: http://ogp.me/ns#"><head><meta charset="utf-8"><meta http-equiv=
L 02/02/2022 - 09:50:53: [logstf.smx] Error uploading partial logs: Unknown error:<!DOCTYPE html><html lang="en" prefix="og: http://ogp.me/ns#"><head><meta charset="utf-8"><meta http-equiv=
L 02/02/2022 - 09:55:20: [logstf.smx] Error uploading partial logs: Unknown error:<!DOCTYPE html><html lang="en" prefix="og: http://ogp.me/ns#"><head><meta charset="utf-8"><meta http-equiv=
L 02/02/2022 - 09:56:23: [logstf.smx] Error uploading logs: Unknown error:<!DOCTYPE html><html lang="en" prefix="og: http://ogp.me/ns#"><head><meta charset="utf-8"><meta http-equiv=
L 02/02/2022 - 09:56:31: [logstf.smx] Error uploading logs: Unknown error:<!DOCTYPE html><html lang="en" prefix="og: http://ogp.me/ns#"><head><meta charset="utf-8"><meta http-equiv=
L 02/02/2022 - 09:56:49: [logstf.smx] Error uploading logs: Unknown error:<!DOCTYPE html><html lang="en" prefix="og: http://ogp.me/ns#"><head><meta charset="utf-8"><meta http-equiv=
L 02/02/2022 - 10:02:47: [SM] Exception reported: File Not Found: addons/sourcemod/configs/ozf_advertisements
L 02/02/2022 - 10:02:47: [SM] Blaming: advertisements.smx
L 02/02/2022 - 10:02:47: [SM] Call stack trace:
L 02/02/2022 - 10:02:47: [SM]   [0] SetFailState
L 02/02/2022 - 10:02:47: [SM]   [1] Line 277, advertisements.sp::ParseAds
L 02/02/2022 - 10:02:47: [SM]   [2] Line 82, advertisements.sp::OnConfigsExecuted
L 02/02/2022 - 10:03:12: Error log file session closed.
L 02/02/2022 - 10:07:19: [SM] Exception reported: File Not Found: addons/sourcemod/configs/ozf_advertisements
L 02/02/2022 - 10:07:19: [SM] Blaming: advertisements.smx
L 02/02/2022 - 10:07:19: [SM] Call stack trace:
L 02/02/2022 - 10:07:19: [SM]   [0] SetFailState
L 02/02/2022 - 10:07:19: [SM]   [1] Line 277, advertisements.sp::ParseAds
L 02/02/2022 - 10:07:19: [SM]   [2] Line 82, advertisements.sp::OnConfigsExecuted
L 02/02/2022 - 10:07:19: [SM] Exception reported: File Not Found: addons/sourcemod/configs/ozf_advertisements
L 02/02/2022 - 10:07:19: [SM] Blaming: advertisements.smx
L 02/02/2022 - 10:07:19: [SM] Call stack trace:
L 02/02/2022 - 10:07:19: [SM]   [0] SetFailState
L 02/02/2022 - 10:07:19: [SM]   [1] Line 277, advertisements.sp::ParseAds
L 02/02/2022 - 10:07:19: [SM]   [2] Line 82, advertisements.sp::OnConfigsExecuted
L 02/02/2022 - 10:07:19: [SM] Exception reported: File Not Found: addons/sourcemod/configs/ozf_advertisements
L 02/02/2022 - 10:07:19: [SM] Blaming: advertisements.smx
L 02/02/2022 - 10:07:19: [SM] Call stack trace:
L 02/02/2022 - 10:07:19: [SM]   [0] SetFailState
L 02/02/2022 - 10:07:19: [SM]   [1] Line 277, advertisements.sp::ParseAds
L 02/02/2022 - 10:07:19: [SM]   [2] Line 82, advertisements.sp::OnConfigsExecuted
L 02/02/2022 - 10:07:19: [SM] Exception reported: File Not Found: addons/sourcemod/configs/ozf_advertisements
L 02/02/2022 - 10:07:19: [SM] Blaming: advertisements.smx
L 02/02/2022 - 10:07:19: [SM] Call stack trace:
L 02/02/2022 - 10:07:19: [SM]   [0] SetFailState
L 02/02/2022 - 10:07:19: [SM]   [1] Line 277, advertisements.sp::ParseAds
L 02/02/2022 - 10:07:19: [SM]   [2] Line 82, advertisements.sp::OnConfigsExecuted
L 02/02/2022 - 10:08:44: Error log file session closed.
L 02/02/2022 - 10:08:50: SourceMod error session started
L 02/02/2022 - 10:08:50: Info (map "cp_badlands") (file "/home/server/tf2/tf/addons/sourcemod/logs/errors_20220202.log")
L 02/02/2022 - 10:08:50: [SM] Exception reported: File Not Found: addons/sourcemod/configs/ozf_advertisements
L 02/02/2022 - 10:08:50: [SM] Blaming: advertisements.smx
L 02/02/2022 - 10:08:50: [SM] Call stack trace:
L 02/02/2022 - 10:08:50: [SM]   [0] SetFailState
L 02/02/2022 - 10:08:50: [SM]   [1] Line 277, advertisements.sp::ParseAds
L 02/02/2022 - 10:08:50: [SM]   [2] Line 82, advertisements.sp::OnConfigsExecuted
L 02/02/2022 - 10:37:17: Error log file session closed.
L 02/02/2022 - 10:37:23: SourceMod error session started
L 02/02/2022 - 10:37:23: Info (map "cp_badlands") (file "/home/server/tf2/tf/addons/sourcemod/logs/errors_20220202.log")
L 02/02/2022 - 10:37:23: [SM] Exception reported: File Not Found: addons/sourcemod/configs/ozf_advertisements
L 02/02/2022 - 10:37:23: [SM] Blaming: advertisements.smx
L 02/02/2022 - 10:37:23: [SM] Call stack trace:
L 02/02/2022 - 10:37:23: [SM]   [0] SetFailState
L 02/02/2022 - 10:37:23: [SM]   [1] Line 277, advertisements.sp::ParseAds
L 02/02/2022 - 10:37:23: [SM]   [2] Line 82, advertisements.sp::OnConfigsExecuted
L 02/02/2022 - 10:38:58: Error log file session closed.
L 02/02/2022 - 10:39:05: SourceMod error session started
L 02/02/2022 - 10:39:05: Info (map "cp_badlands") (file "/home/server/tf2/tf/addons/sourcemod/logs/errors_20220202.log")
L 02/02/2022 - 10:39:05: [SM] Exception reported: File Not Found: addons/sourcemod/configs/ozf_advertisements
L 02/02/2022 - 10:39:05: [SM] Blaming: advertisements.smx
L 02/02/2022 - 10:39:05: [SM] Call stack trace:
L 02/02/2022 - 10:39:05: [SM]   [0] SetFailState
L 02/02/2022 - 10:39:05: [SM]   [1] Line 277, advertisements.sp::ParseAds
L 02/02/2022 - 10:39:05: [SM]   [2] Line 82, advertisements.sp::OnConfigsExecuted
L 02/02/2022 - 11:38:45: Error log file session closed.
L 02/02/2022 - 11:38:52: SourceMod error session started
L 02/02/2022 - 11:38:52: Info (map "cp_badlands") (file "/home/server/tf2/tf/addons/sourcemod/logs/errors_20220202.log")
L 02/02/2022 - 11:38:52: [SM] Exception reported: File Not Found: addons/sourcemod/configs/ozf_advertisements
L 02/02/2022 - 11:38:52: [SM] Blaming: advertisements.smx
L 02/02/2022 - 11:38:52: [SM] Call stack trace:
L 02/02/2022 - 11:38:52: [SM]   [0] SetFailState
L 02/02/2022 - 11:38:52: [SM]   [1] Line 277, advertisements.sp::ParseAds
L 02/02/2022 - 11:38:52: [SM]   [2] Line 82, advertisements.sp::OnConfigsExecuted
L 02/02/2022 - 11:40:27: Error log file session closed.
L 02/02/2022 - 11:40:33: SourceMod error session started
L 02/02/2022 - 11:40:33: Info (map "cp_badlands") (file "/home/server/tf2/tf/addons/sourcemod/logs/errors_20220202.log")
L 02/02/2022 - 11:40:33: [SM] Exception reported: File Not Found: addons/sourcemod/configs/ozf_advertisements
L 02/02/2022 - 11:40:33: [SM] Blaming: advertisements.smx
L 02/02/2022 - 11:40:33: [SM] Call stack trace:
L 02/02/2022 - 11:40:33: [SM]   [0] SetFailState
L 02/02/2022 - 11:40:33: [SM]   [1] Line 277, advertisements.sp::ParseAds
L 02/02/2022 - 11:40:33: [SM]   [2] Line 82, advertisements.sp::OnConfigsExecuted
L 02/02/2022 - 12:40:13: Error log file session closed.
L 02/02/2022 - 12:40:20: SourceMod error session started
L 02/02/2022 - 12:40:20: Info (map "cp_badlands") (file "/home/server/tf2/tf/addons/sourcemod/logs/errors_20220202.log")
L 02/02/2022 - 12:40:20: [SM] Exception reported: File Not Found: addons/sourcemod/configs/ozf_advertisements
L 02/02/2022 - 12:40:20: [SM] Blaming: advertisements.smx
L 02/02/2022 - 12:40:20: [SM] Call stack trace:
L 02/02/2022 - 12:40:20: [SM]   [0] SetFailState
L 02/02/2022 - 12:40:20: [SM]   [1] Line 277, advertisements.sp::ParseAds
L 02/02/2022 - 12:40:20: [SM]   [2] Line 82, advertisements.sp::OnConfigsExecuted
L 02/02/2022 - 12:41:54: Error log file session closed.
L 02/02/2022 - 12:42:01: SourceMod error session started
L 02/02/2022 - 12:42:01: Info (map "cp_badlands") (file "/home/server/tf2/tf/addons/sourcemod/logs/errors_20220202.log")
L 02/02/2022 - 12:42:01: [SM] Exception reported: File Not Found: addons/sourcemod/configs/ozf_advertisements
L 02/02/2022 - 12:42:01: [SM] Blaming: advertisements.smx
L 02/02/2022 - 12:42:01: [SM] Call stack trace:
L 02/02/2022 - 12:42:01: [SM]   [0] SetFailState
L 02/02/2022 - 12:42:01: [SM]   [1] Line 277, advertisements.sp::ParseAds
L 02/02/2022 - 12:42:01: [SM]   [2] Line 82, advertisements.sp::OnConfigsExecuted
L 02/02/2022 - 13:41:40: Error log file session closed.
L 02/02/2022 - 13:41:47: SourceMod error session started
L 02/02/2022 - 13:41:47: Info (map "cp_badlands") (file "/home/server/tf2/tf/addons/sourcemod/logs/errors_20220202.log")
L 02/02/2022 - 13:41:47: [SM] Exception reported: File Not Found: addons/sourcemod/configs/ozf_advertisements
L 02/02/2022 - 13:41:47: [SM] Blaming: advertisements.smx
L 02/02/2022 - 13:41:47: [SM] Call stack trace:
L 02/02/2022 - 13:41:47: [SM]   [0] SetFailState
L 02/02/2022 - 13:41:47: [SM]   [1] Line 277, advertisements.sp::ParseAds
L 02/02/2022 - 13:41:47: [SM]   [2] Line 82, advertisements.sp::OnConfigsExecuted
L 02/02/2022 - 13:43:23: Error log file session closed.
L 02/02/2022 - 13:43:29: SourceMod error session started
L 02/02/2022 - 13:43:29: Info (map "cp_badlands") (file "/home/server/tf2/tf/addons/sourcemod/logs/errors_20220202.log")
L 02/02/2022 - 13:43:29: [SM] Exception reported: File Not Found: addons/sourcemod/configs/ozf_advertisements
L 02/02/2022 - 13:43:29: [SM] Blaming: advertisements.smx
L 02/02/2022 - 13:43:29: [SM] Call stack trace:
L 02/02/2022 - 13:43:29: [SM]   [0] SetFailState
L 02/02/2022 - 13:43:29: [SM]   [1] Line 277, advertisements.sp::ParseAds
L 02/02/2022 - 13:43:29: [SM]   [2] Line 82, advertisements.sp::OnConfigsExecuted
L 02/02/2022 - 14:43:10: Error log file session closed.
L 02/02/2022 - 14:43:16: SourceMod error session started
L 02/02/2022 - 14:43:16: Info (map "cp_badlands") (file "/home/server/tf2/tf/addons/sourcemod/logs/errors_20220202.log")
L 02/02/2022 - 14:43:16: [SM] Exception reported: File Not Found: addons/sourcemod/configs/ozf_advertisements
L 02/02/2022 - 14:43:16: [SM] Blaming: advertisements.smx
L 02/02/2022 - 14:43:16: [SM] Call stack trace:
L 02/02/2022 - 14:43:16: [SM]   [0] SetFailState
L 02/02/2022 - 14:43:16: [SM]   [1] Line 277, advertisements.sp::ParseAds
L 02/02/2022 - 14:43:16: [SM]   [2] Line 82, advertisements.sp::OnConfigsExecuted
L 02/02/2022 - 14:44:53: Error log file session closed.
L 02/02/2022 - 14:44:59: SourceMod error session started
L 02/02/2022 - 14:44:59: Info (map "cp_badlands") (file "/home/server/tf2/tf/addons/sourcemod/logs/errors_20220202.log")
L 02/02/2022 - 14:44:59: [SM] Exception reported: File Not Found: addons/sourcemod/configs/ozf_advertisements
L 02/02/2022 - 14:44:59: [SM] Blaming: advertisements.smx
L 02/02/2022 - 14:44:59: [SM] Call stack trace:
L 02/02/2022 - 14:44:59: [SM]   [0] SetFailState
L 02/02/2022 - 14:44:59: [SM]   [1] Line 277, advertisements.sp::ParseAds
L 02/02/2022 - 14:44:59: [SM]   [2] Line 82, advertisements.sp::OnConfigsExecuted
L 02/02/2022 - 15:44:38: Error log file session closed.
L 02/02/2022 - 15:44:45: SourceMod error session started
L 02/02/2022 - 15:44:45: Info (map "cp_badlands") (file "/home/server/tf2/tf/addons/sourcemod/logs/errors_20220202.log")
L 02/02/2022 - 15:44:45: [SM] Exception reported: File Not Found: addons/sourcemod/configs/ozf_advertisements
L 02/02/2022 - 15:44:45: [SM] Blaming: advertisements.smx
L 02/02/2022 - 15:44:45: [SM] Call stack trace:
L 02/02/2022 - 15:44:45: [SM]   [0] SetFailState
L 02/02/2022 - 15:44:45: [SM]   [1] Line 277, advertisements.sp::ParseAds
L 02/02/2022 - 15:44:45: [SM]   [2] Line 82, advertisements.sp::OnConfigsExecuted
L 02/02/2022 - 15:46:23: Error log file session closed.
L 02/02/2022 - 15:46:29: SourceMod error session started
L 02/02/2022 - 15:46:29: Info (map "cp_badlands") (file "/home/server/tf2/tf/addons/sourcemod/logs/errors_20220202.log")
L 02/02/2022 - 15:46:29: [SM] Exception reported: File Not Found: addons/sourcemod/configs/ozf_advertisements
L 02/02/2022 - 15:46:29: [SM] Blaming: advertisements.smx
L 02/02/2022 - 15:46:29: [SM] Call stack trace:
L 02/02/2022 - 15:46:29: [SM]   [0] SetFailState
L 02/02/2022 - 15:46:29: [SM]   [1] Line 277, advertisements.sp::ParseAds
L 02/02/2022 - 15:46:29: [SM]   [2] Line 82, advertisements.sp::OnConfigsExecuted
L 02/02/2022 - 16:46:09: Error log file session closed.
L 02/02/2022 - 16:46:16: SourceMod error session started
L 02/02/2022 - 16:46:16: Info (map "cp_badlands") (file "/home/server/tf2/tf/addons/sourcemod/logs/errors_20220202.log")
L 02/02/2022 - 16:46:16: [SM] Exception reported: File Not Found: addons/sourcemod/configs/ozf_advertisements
L 02/02/2022 - 16:46:16: [SM] Blaming: advertisements.smx
L 02/02/2022 - 16:46:16: [SM] Call stack trace:
L 02/02/2022 - 16:46:16: [SM]   [0] SetFailState
L 02/02/2022 - 16:46:16: [SM]   [1] Line 277, advertisements.sp::ParseAds
L 02/02/2022 - 16:46:16: [SM]   [2] Line 82, advertisements.sp::OnConfigsExecuted
L 02/02/2022 - 16:47:53: Error log file session closed.
L 02/02/2022 - 16:47:59: SourceMod error session started
L 02/02/2022 - 16:47:59: Info (map "cp_badlands") (file "/home/server/tf2/tf/addons/sourcemod/logs/errors_20220202.log")
L 02/02/2022 - 16:47:59: [SM] Exception reported: File Not Found: addons/sourcemod/configs/ozf_advertisements
L 02/02/2022 - 16:47:59: [SM] Blaming: advertisements.smx
L 02/02/2022 - 16:47:59: [SM] Call stack trace:
L 02/02/2022 - 16:47:59: [SM]   [0] SetFailState
L 02/02/2022 - 16:47:59: [SM]   [1] Line 277, advertisements.sp::ParseAds
L 02/02/2022 - 16:47:59: [SM]   [2] Line 82, advertisements.sp::OnConfigsExecuted
L 02/02/2022 - 17:47:40: Error log file session closed.
L 02/02/2022 - 17:47:46: SourceMod error session started
L 02/02/2022 - 17:47:46: Info (map "cp_badlands") (file "/home/server/tf2/tf/addons/sourcemod/logs/errors_20220202.log")
L 02/02/2022 - 17:47:46: [SM] Exception reported: File Not Found: addons/sourcemod/configs/ozf_advertisements
L 02/02/2022 - 17:47:46: [SM] Blaming: advertisements.smx
L 02/02/2022 - 17:47:46: [SM] Call stack trace:
L 02/02/2022 - 17:47:46: [SM]   [0] SetFailState
L 02/02/2022 - 17:47:46: [SM]   [1] Line 277, advertisements.sp::ParseAds
L 02/02/2022 - 17:47:46: [SM]   [2] Line 82, advertisements.sp::OnConfigsExecuted
L 02/02/2022 - 17:49:22: Error log file session closed.
L 02/02/2022 - 17:49:29: SourceMod error session started
L 02/02/2022 - 17:49:29: Info (map "cp_badlands") (file "/home/server/tf2/tf/addons/sourcemod/logs/errors_20220202.log")
L 02/02/2022 - 17:49:29: [SM] Exception reported: File Not Found: addons/sourcemod/configs/ozf_advertisements
L 02/02/2022 - 17:49:29: [SM] Blaming: advertisements.smx
L 02/02/2022 - 17:49:29: [SM] Call stack trace:
L 02/02/2022 - 17:49:29: [SM]   [0] SetFailState
L 02/02/2022 - 17:49:29: [SM]   [1] Line 277, advertisements.sp::ParseAds
L 02/02/2022 - 17:49:29: [SM]   [2] Line 82, advertisements.sp::OnConfigsExecuted
L 02/02/2022 - 18:49:10: Error log file session closed.
L 02/02/2022 - 18:49:16: SourceMod error session started
L 02/02/2022 - 18:49:16: Info (map "cp_badlands") (file "/home/server/tf2/tf/addons/sourcemod/logs/errors_20220202.log")
L 02/02/2022 - 18:49:16: [SM] Exception reported: File Not Found: addons/sourcemod/configs/ozf_advertisements
L 02/02/2022 - 18:49:16: [SM] Blaming: advertisements.smx
L 02/02/2022 - 18:49:16: [SM] Call stack trace:
L 02/02/2022 - 18:49:16: [SM]   [0] SetFailState
L 02/02/2022 - 18:49:16: [SM]   [1] Line 277, advertisements.sp::ParseAds
L 02/02/2022 - 18:49:16: [SM]   [2] Line 82, advertisements.sp::OnConfigsExecuted
L 02/02/2022 - 18:50:54: Error log file session closed.
L 02/02/2022 - 18:51:00: SourceMod error session started
L 02/02/2022 - 18:51:00: Info (map "cp_badlands") (file "/home/server/tf2/tf/addons/sourcemod/logs/errors_20220202.log")
L 02/02/2022 - 18:51:00: [SM] Exception reported: File Not Found: addons/sourcemod/configs/ozf_advertisements
L 02/02/2022 - 18:51:00: [SM] Blaming: advertisements.smx
L 02/02/2022 - 18:51:00: [SM] Call stack trace:
L 02/02/2022 - 18:51:00: [SM]   [0] SetFailState
L 02/02/2022 - 18:51:00: [SM]   [1] Line 277, advertisements.sp::ParseAds
L 02/02/2022 - 18:51:00: [SM]   [2] Line 82, advertisements.sp::OnConfigsExecuted
L 02/02/2022 - 19:50:39: Error log file session closed.
L 02/02/2022 - 19:50:45: SourceMod error session started
L 02/02/2022 - 19:50:45: Info (map "cp_badlands") (file "/home/server/tf2/tf/addons/sourcemod/logs/errors_20220202.log")
L 02/02/2022 - 19:50:45: [SM] Exception reported: File Not Found: addons/sourcemod/configs/ozf_advertisements
L 02/02/2022 - 19:50:45: [SM] Blaming: advertisements.smx
L 02/02/2022 - 19:50:45: [SM] Call stack trace:
L 02/02/2022 - 19:50:45: [SM]   [0] SetFailState
L 02/02/2022 - 19:50:45: [SM]   [1] Line 277, advertisements.sp::ParseAds
L 02/02/2022 - 19:50:45: [SM]   [2] Line 82, advertisements.sp::OnConfigsExecuted
L 02/02/2022 - 19:52:23: Error log file session closed.
L 02/02/2022 - 19:52:29: SourceMod error session started
L 02/02/2022 - 19:52:29: Info (map "cp_badlands") (file "/home/server/tf2/tf/addons/sourcemod/logs/errors_20220202.log")
L 02/02/2022 - 19:52:29: [SM] Exception reported: File Not Found: addons/sourcemod/configs/ozf_advertisements
L 02/02/2022 - 19:52:29: [SM] Blaming: advertisements.smx
L 02/02/2022 - 19:52:29: [SM] Call stack trace:
L 02/02/2022 - 19:52:29: [SM]   [0] SetFailState
L 02/02/2022 - 19:52:29: [SM]   [1] Line 277, advertisements.sp::ParseAds
L 02/02/2022 - 19:52:29: [SM]   [2] Line 82, advertisements.sp::OnConfigsExecuted
L 02/02/2022 - 20:52:11: Error log file session closed.
L 02/02/2022 - 20:52:17: SourceMod error session started
L 02/02/2022 - 20:52:17: Info (map "cp_badlands") (file "/home/server/tf2/tf/addons/sourcemod/logs/errors_20220202.log")
L 02/02/2022 - 20:52:17: [SM] Exception reported: File Not Found: addons/sourcemod/configs/ozf_advertisements
L 02/02/2022 - 20:52:17: [SM] Blaming: advertisements.smx
L 02/02/2022 - 20:52:17: [SM] Call stack trace:
L 02/02/2022 - 20:52:17: [SM]   [0] SetFailState
L 02/02/2022 - 20:52:17: [SM]   [1] Line 277, advertisements.sp::ParseAds
L 02/02/2022 - 20:52:17: [SM]   [2] Line 82, advertisements.sp::OnConfigsExecuted
L 02/02/2022 - 20:53:54: Error log file session closed.
L 02/02/2022 - 20:54:00: SourceMod error session started
L 02/02/2022 - 20:54:00: Info (map "cp_badlands") (file "/home/server/tf2/tf/addons/sourcemod/logs/errors_20220202.log")
L 02/02/2022 - 20:54:00: [SM] Exception reported: File Not Found: addons/sourcemod/configs/ozf_advertisements
L 02/02/2022 - 20:54:00: [SM] Blaming: advertisements.smx
L 02/02/2022 - 20:54:00: [SM] Call stack trace:
L 02/02/2022 - 20:54:00: [SM]   [0] SetFailState
L 02/02/2022 - 20:54:00: [SM]   [1] Line 277, advertisements.sp::ParseAds
L 02/02/2022 - 20:54:00: [SM]   [2] Line 82, advertisements.sp::OnConfigsExecuted
L 02/02/2022 - 21:53:42: Error log file session closed.
L 02/02/2022 - 21:53:49: SourceMod error session started
L 02/02/2022 - 21:53:49: Info (map "cp_badlands") (file "/home/server/tf2/tf/addons/sourcemod/logs/errors_20220202.log")
L 02/02/2022 - 21:53:49: [SM] Exception reported: File Not Found: addons/sourcemod/configs/ozf_advertisements
L 02/02/2022 - 21:53:49: [SM] Blaming: advertisements.smx
L 02/02/2022 - 21:53:49: [SM] Call stack trace:
L 02/02/2022 - 21:53:49: [SM]   [0] SetFailState
L 02/02/2022 - 21:53:49: [SM]   [1] Line 277, advertisements.sp::ParseAds
L 02/02/2022 - 21:53:49: [SM]   [2] Line 82, advertisements.sp::OnConfigsExecuted
L 02/02/2022 - 21:55:26: Error log file session closed.
L 02/02/2022 - 21:55:32: SourceMod error session started
L 02/02/2022 - 21:55:32: Info (map "cp_badlands") (file "/home/server/tf2/tf/addons/sourcemod/logs/errors_20220202.log")
L 02/02/2022 - 21:55:32: [SM] Exception reported: File Not Found: addons/sourcemod/configs/ozf_advertisements
L 02/02/2022 - 21:55:32: [SM] Blaming: advertisements.smx
L 02/02/2022 - 21:55:32: [SM] Call stack trace:
L 02/02/2022 - 21:55:32: [SM]   [0] SetFailState
L 02/02/2022 - 21:55:32: [SM]   [1] Line 277, advertisements.sp::ParseAds
L 02/02/2022 - 21:55:32: [SM]   [2] Line 82, advertisements.sp::OnConfigsExecuted
L 02/02/2022 - 22:55:14: Error log file session closed.
L 02/02/2022 - 22:55:20: SourceMod error session started
L 02/02/2022 - 22:55:20: Info (map "cp_badlands") (file "/home/server/tf2/tf/addons/sourcemod/logs/errors_20220202.log")
L 02/02/2022 - 22:55:20: [SM] Exception reported: File Not Found: addons/sourcemod/configs/ozf_advertisements
L 02/02/2022 - 22:55:20: [SM] Blaming: advertisements.smx
L 02/02/2022 - 22:55:20: [SM] Call stack trace:
L 02/02/2022 - 22:55:20: [SM]   [0] SetFailState
L 02/02/2022 - 22:55:20: [SM]   [1] Line 277, advertisements.sp::ParseAds
L 02/02/2022 - 22:55:20: [SM]   [2] Line 82, advertisements.sp::OnConfigsExecuted
L 02/02/2022 - 22:56:56: Error log file session closed.
L 02/02/2022 - 22:57:02: SourceMod error session started
L 02/02/2022 - 22:57:02: Info (map "cp_badlands") (file "/home/server/tf2/tf/addons/sourcemod/logs/errors_20220202.log")
L 02/02/2022 - 22:57:02: [SM] Exception reported: File Not Found: addons/sourcemod/configs/ozf_advertisements
L 02/02/2022 - 22:57:02: [SM] Blaming: advertisements.smx
L 02/02/2022 - 22:57:02: [SM] Call stack trace:
L 02/02/2022 - 22:57:02: [SM]   [0] SetFailState
L 02/02/2022 - 22:57:02: [SM]   [1] Line 277, advertisements.sp::ParseAds
L 02/02/2022 - 22:57:02: [SM]   [2] Line 82, advertisements.sp::OnConfigsExecuted
L 02/02/2022 - 23:56:44: Error log file session closed.
L 02/02/2022 - 23:56:50: SourceMod error session started
L 02/02/2022 - 23:56:50: Info (map "cp_badlands") (file "/home/server/tf2/tf/addons/sourcemod/logs/errors_20220202.log")
L 02/02/2022 - 23:56:50: [SM] Exception reported: File Not Found: addons/sourcemod/configs/ozf_advertisements
L 02/02/2022 - 23:56:50: [SM] Blaming: advertisements.smx
L 02/02/2022 - 23:56:50: [SM] Call stack trace:
L 02/02/2022 - 23:56:50: [SM]   [0] SetFailState
L 02/02/2022 - 23:56:50: [SM]   [1] Line 277, advertisements.sp::ParseAds
L 02/02/2022 - 23:56:50: [SM]   [2] Line 82, advertisements.sp::OnConfigsExecuted
L 02/02/2022 - 23:58:25: Error log file session closed.
L 02/02/2022 - 23:58:32: SourceMod error session started
L 02/02/2022 - 23:58:32: Info (map "cp_badlands") (file "/home/server/tf2/tf/addons/sourcemod/logs/errors_20220202.log")
L 02/02/2022 - 23:58:32: [SM] Exception reported: File Not Found: addons/sourcemod/configs/ozf_advertisements
L 02/02/2022 - 23:58:32: [SM] Blaming: advertisements.smx
L 02/02/2022 - 23:58:32: [SM] Call stack trace:
L 02/02/2022 - 23:58:32: [SM]   [0] SetFailState
L 02/02/2022 - 23:58:32: [SM]   [1] Line 277, advertisements.sp::ParseAds
L 02/02/2022 - 23:58:32: [SM]   [2] Line 82, advertisements.sp::OnConfigsExecuted
L 02/03/2022 - 00:56:55: Error log file session closed.
L 02/03/2022 - 00:58:37: Error log file session closed.
