L 01/24/2022 - 00:05:18: SourceMod log file session started (file "/home/server/tf2/tf/addons/sourcemod/logs/L20220124.log") (Version "1.10.0.6528")
L 01/24/2022 - 00:05:18: [SM] Changed map to "cp_badlands"
L 01/24/2022 - 00:05:29: SourceMod log file session started (file "/home/server/tf2/tf/addons/sourcemod/logs/L20220124.log") (Version "1.10.0.6528")
L 01/24/2022 - 00:05:29: [SM] Changed map to "cp_badlands"
L 01/24/2022 - 00:05:29: SourceMod log file session started (file "/home/server/tf2/tf/addons/sourcemod/logs/L20220124.log") (Version "1.10.0.6528")
L 01/24/2022 - 00:05:29: [SM] Changed map to "cp_badlands"
L 01/24/2022 - 00:05:30: SourceMod log file session started (file "/home/server/tf2/tf/addons/sourcemod/logs/L20220124.log") (Version "1.10.0.6528")
L 01/24/2022 - 00:05:30: [SM] Changed map to "cp_badlands"
L 01/24/2022 - 00:05:56: -------- Mapchange to cp_badlands --------
L 01/24/2022 - 00:06:08: -------- Mapchange to cp_badlands --------
L 01/24/2022 - 00:06:09: -------- Mapchange to cp_badlands --------
L 01/24/2022 - 00:06:10: -------- Mapchange to cp_badlands --------
L 01/24/2022 - 00:36:08: [SM] Changed map to "cp_badlands"
L 01/24/2022 - 00:36:19: [SM] Changed map to "cp_badlands"
L 01/24/2022 - 00:36:20: [SM] Changed map to "cp_badlands"
L 01/24/2022 - 00:36:21: [SM] Changed map to "cp_badlands"
L 01/24/2022 - 00:36:47: -------- Mapchange to cp_badlands --------
L 01/24/2022 - 00:36:59: -------- Mapchange to cp_badlands --------
L 01/24/2022 - 00:36:59: -------- Mapchange to cp_badlands --------
L 01/24/2022 - 00:37:01: -------- Mapchange to cp_badlands --------
L 01/24/2022 - 01:06:58: [SM] Changed map to "cp_badlands"
L 01/24/2022 - 01:07:10: [SM] Changed map to "cp_badlands"
L 01/24/2022 - 01:07:11: [SM] Changed map to "cp_badlands"
L 01/24/2022 - 01:07:12: [SM] Changed map to "cp_badlands"
L 01/24/2022 - 01:07:38: -------- Mapchange to cp_badlands --------
L 01/24/2022 - 01:07:51: -------- Mapchange to cp_badlands --------
L 01/24/2022 - 01:07:51: -------- Mapchange to cp_badlands --------
L 01/24/2022 - 01:07:53: -------- Mapchange to cp_badlands --------
L 01/24/2022 - 01:37:50: [SM] Changed map to "cp_badlands"
L 01/24/2022 - 01:38:02: [SM] Changed map to "cp_badlands"
L 01/24/2022 - 01:38:02: [SM] Changed map to "cp_badlands"
L 01/24/2022 - 01:38:04: [SM] Changed map to "cp_badlands"
L 01/24/2022 - 01:38:29: -------- Mapchange to cp_badlands --------
L 01/24/2022 - 01:38:43: -------- Mapchange to cp_badlands --------
L 01/24/2022 - 01:38:44: -------- Mapchange to cp_badlands --------
L 01/24/2022 - 01:38:44: -------- Mapchange to cp_badlands --------
L 01/24/2022 - 02:08:40: [SM] Changed map to "cp_badlands"
L 01/24/2022 - 02:08:54: [SM] Changed map to "cp_badlands"
L 01/24/2022 - 02:08:55: [SM] Changed map to "cp_badlands"
L 01/24/2022 - 02:08:55: [SM] Changed map to "cp_badlands"
L 01/24/2022 - 02:09:21: -------- Mapchange to cp_badlands --------
L 01/24/2022 - 02:09:36: -------- Mapchange to cp_badlands --------
L 01/24/2022 - 02:09:37: -------- Mapchange to cp_badlands --------
L 01/24/2022 - 02:09:38: -------- Mapchange to cp_badlands --------
L 01/24/2022 - 02:39:32: [SM] Changed map to "cp_badlands"
L 01/24/2022 - 02:39:47: [SM] Changed map to "cp_badlands"
L 01/24/2022 - 02:39:48: [SM] Changed map to "cp_badlands"
L 01/24/2022 - 02:39:49: [SM] Changed map to "cp_badlands"
L 01/24/2022 - 02:40:13: -------- Mapchange to cp_badlands --------
L 01/24/2022 - 02:40:28: -------- Mapchange to cp_badlands --------
L 01/24/2022 - 02:40:31: -------- Mapchange to cp_badlands --------
L 01/24/2022 - 02:40:31: -------- Mapchange to cp_badlands --------
L 01/24/2022 - 03:10:24: [SM] Changed map to "cp_badlands"
L 01/24/2022 - 03:10:39: [SM] Changed map to "cp_badlands"
L 01/24/2022 - 03:10:42: [SM] Changed map to "cp_badlands"
L 01/24/2022 - 03:10:42: [SM] Changed map to "cp_badlands"
L 01/24/2022 - 03:11:03: -------- Mapchange to cp_badlands --------
L 01/24/2022 - 03:11:19: -------- Mapchange to cp_badlands --------
L 01/24/2022 - 03:11:22: -------- Mapchange to cp_badlands --------
L 01/24/2022 - 03:11:22: -------- Mapchange to cp_badlands --------
L 01/24/2022 - 03:41:15: [SM] Changed map to "cp_badlands"
L 01/24/2022 - 03:41:30: [SM] Changed map to "cp_badlands"
L 01/24/2022 - 03:41:33: [SM] Changed map to "cp_badlands"
L 01/24/2022 - 03:41:33: [SM] Changed map to "cp_badlands"
L 01/24/2022 - 03:41:55: -------- Mapchange to cp_badlands --------
L 01/24/2022 - 03:42:11: -------- Mapchange to cp_badlands --------
L 01/24/2022 - 03:42:14: -------- Mapchange to cp_badlands --------
L 01/24/2022 - 03:42:16: -------- Mapchange to cp_badlands --------
L 01/24/2022 - 04:12:06: [SM] Changed map to "cp_badlands"
L 01/24/2022 - 04:12:23: [SM] Changed map to "cp_badlands"
L 01/24/2022 - 04:12:25: [SM] Changed map to "cp_badlands"
L 01/24/2022 - 04:12:27: [SM] Changed map to "cp_badlands"
L 01/24/2022 - 04:12:47: -------- Mapchange to cp_badlands --------
L 01/24/2022 - 04:13:05: -------- Mapchange to cp_badlands --------
L 01/24/2022 - 04:13:07: -------- Mapchange to cp_badlands --------
L 01/24/2022 - 04:13:08: -------- Mapchange to cp_badlands --------
L 01/24/2022 - 04:42:59: [SM] Changed map to "cp_badlands"
L 01/24/2022 - 04:43:16: [SM] Changed map to "cp_badlands"
L 01/24/2022 - 04:43:18: [SM] Changed map to "cp_badlands"
L 01/24/2022 - 04:43:19: [SM] Changed map to "cp_badlands"
L 01/24/2022 - 04:43:40: -------- Mapchange to cp_badlands --------
L 01/24/2022 - 04:43:58: -------- Mapchange to cp_badlands --------
L 01/24/2022 - 04:44:00: -------- Mapchange to cp_badlands --------
L 01/24/2022 - 04:44:02: -------- Mapchange to cp_badlands --------
L 01/24/2022 - 05:13:51: [SM] Changed map to "cp_badlands"
L 01/24/2022 - 05:14:09: [SM] Changed map to "cp_badlands"
L 01/24/2022 - 05:14:11: [SM] Changed map to "cp_badlands"
L 01/24/2022 - 05:14:13: [SM] Changed map to "cp_badlands"
L 01/24/2022 - 05:14:32: -------- Mapchange to cp_badlands --------
L 01/24/2022 - 05:14:52: -------- Mapchange to cp_badlands --------
L 01/24/2022 - 05:14:53: -------- Mapchange to cp_badlands --------
L 01/24/2022 - 05:14:57: -------- Mapchange to cp_badlands --------
L 01/24/2022 - 05:44:43: [SM] Changed map to "cp_badlands"
L 01/24/2022 - 05:45:03: [SM] Changed map to "cp_badlands"
L 01/24/2022 - 05:45:05: [SM] Changed map to "cp_badlands"
L 01/24/2022 - 05:45:08: [SM] Changed map to "cp_badlands"
L 01/24/2022 - 05:45:25: -------- Mapchange to cp_badlands --------
L 01/24/2022 - 05:45:46: -------- Mapchange to cp_badlands --------
L 01/24/2022 - 05:45:48: -------- Mapchange to cp_badlands --------
L 01/24/2022 - 05:45:51: -------- Mapchange to cp_badlands --------
L 01/24/2022 - 06:15:37: [SM] Changed map to "cp_badlands"
L 01/24/2022 - 06:15:57: [SM] Changed map to "cp_badlands"
L 01/24/2022 - 06:15:59: [SM] Changed map to "cp_badlands"
L 01/24/2022 - 06:16:02: [SM] Changed map to "cp_badlands"
L 01/24/2022 - 06:16:18: -------- Mapchange to cp_badlands --------
L 01/24/2022 - 06:16:40: -------- Mapchange to cp_badlands --------
L 01/24/2022 - 06:16:41: -------- Mapchange to cp_badlands --------
L 01/24/2022 - 06:16:45: -------- Mapchange to cp_badlands --------
L 01/24/2022 - 06:46:29: [SM] Changed map to "cp_badlands"
L 01/24/2022 - 06:46:51: [SM] Changed map to "cp_badlands"
L 01/24/2022 - 06:46:53: [SM] Changed map to "cp_badlands"
L 01/24/2022 - 06:46:57: [SM] Changed map to "cp_badlands"
L 01/24/2022 - 06:47:11: -------- Mapchange to cp_badlands --------
L 01/24/2022 - 06:47:34: -------- Mapchange to cp_badlands --------
L 01/24/2022 - 06:47:37: -------- Mapchange to cp_badlands --------
L 01/24/2022 - 06:47:40: -------- Mapchange to cp_badlands --------
L 01/24/2022 - 07:17:23: [SM] Changed map to "cp_badlands"
L 01/24/2022 - 07:17:45: [SM] Changed map to "cp_badlands"
L 01/24/2022 - 07:17:48: [SM] Changed map to "cp_badlands"
L 01/24/2022 - 07:17:51: [SM] Changed map to "cp_badlands"
L 01/24/2022 - 07:18:05: -------- Mapchange to cp_badlands --------
L 01/24/2022 - 07:18:28: -------- Mapchange to cp_badlands --------
L 01/24/2022 - 07:18:31: -------- Mapchange to cp_badlands --------
L 01/24/2022 - 07:18:34: -------- Mapchange to cp_badlands --------
L 01/24/2022 - 07:48:16: [SM] Changed map to "cp_badlands"
L 01/24/2022 - 07:48:39: [SM] Changed map to "cp_badlands"
L 01/24/2022 - 07:48:43: [SM] Changed map to "cp_badlands"
L 01/24/2022 - 07:48:45: [SM] Changed map to "cp_badlands"
L 01/24/2022 - 07:48:58: -------- Mapchange to cp_badlands --------
L 01/24/2022 - 07:49:23: -------- Mapchange to cp_badlands --------
L 01/24/2022 - 07:49:26: -------- Mapchange to cp_badlands --------
L 01/24/2022 - 07:49:30: -------- Mapchange to cp_badlands --------
L 01/24/2022 - 08:19:09: [SM] Changed map to "cp_badlands"
L 01/24/2022 - 08:19:34: [SM] Changed map to "cp_badlands"
L 01/24/2022 - 08:19:38: [SM] Changed map to "cp_badlands"
L 01/24/2022 - 08:19:41: [SM] Changed map to "cp_badlands"
L 01/24/2022 - 08:19:52: -------- Mapchange to cp_badlands --------
L 01/24/2022 - 08:20:18: -------- Mapchange to cp_badlands --------
L 01/24/2022 - 08:20:21: -------- Mapchange to cp_badlands --------
L 01/24/2022 - 08:20:25: -------- Mapchange to cp_badlands --------
L 01/24/2022 - 08:50:04: [SM] Changed map to "cp_badlands"
L 01/24/2022 - 08:50:29: [SM] Changed map to "cp_badlands"
L 01/24/2022 - 08:50:32: [SM] Changed map to "cp_badlands"
L 01/24/2022 - 08:50:36: [SM] Changed map to "cp_badlands"
L 01/24/2022 - 08:50:46: -------- Mapchange to cp_badlands --------
L 01/24/2022 - 08:51:12: -------- Mapchange to cp_badlands --------
L 01/24/2022 - 08:51:17: -------- Mapchange to cp_badlands --------
L 01/24/2022 - 08:51:20: -------- Mapchange to cp_badlands --------
L 01/24/2022 - 09:20:58: [SM] Changed map to "cp_badlands"
L 01/24/2022 - 09:21:23: [SM] Changed map to "cp_badlands"
L 01/24/2022 - 09:21:29: [SM] Changed map to "cp_badlands"
L 01/24/2022 - 09:21:31: [SM] Changed map to "cp_badlands"
L 01/24/2022 - 09:21:38: -------- Mapchange to cp_badlands --------
L 01/24/2022 - 09:22:06: -------- Mapchange to cp_badlands --------
L 01/24/2022 - 09:22:11: -------- Mapchange to cp_badlands --------
L 01/24/2022 - 09:22:14: -------- Mapchange to cp_badlands --------
L 01/24/2022 - 09:51:49: [SM] Changed map to "cp_badlands"
L 01/24/2022 - 09:52:18: [SM] Changed map to "cp_badlands"
L 01/24/2022 - 09:52:22: [SM] Changed map to "cp_badlands"
L 01/24/2022 - 09:52:25: [SM] Changed map to "cp_badlands"
L 01/24/2022 - 09:52:31: -------- Mapchange to cp_badlands --------
L 01/24/2022 - 09:53:00: -------- Mapchange to cp_badlands --------
L 01/24/2022 - 09:53:05: -------- Mapchange to cp_badlands --------
L 01/24/2022 - 09:53:08: -------- Mapchange to cp_badlands --------
L 01/24/2022 - 10:22:42: [SM] Changed map to "cp_badlands"
L 01/24/2022 - 10:23:11: [SM] Changed map to "cp_badlands"
L 01/24/2022 - 10:23:16: [SM] Changed map to "cp_badlands"
L 01/24/2022 - 10:23:19: [SM] Changed map to "cp_badlands"
L 01/24/2022 - 10:23:25: -------- Mapchange to cp_badlands --------
L 01/24/2022 - 10:23:55: -------- Mapchange to cp_badlands --------
L 01/24/2022 - 10:24:00: -------- Mapchange to cp_badlands --------
L 01/24/2022 - 10:24:05: -------- Mapchange to cp_badlands --------
L 01/24/2022 - 10:53:37: [SM] Changed map to "cp_badlands"
L 01/24/2022 - 10:54:06: [SM] Changed map to "cp_badlands"
L 01/24/2022 - 10:54:11: [SM] Changed map to "cp_badlands"
L 01/24/2022 - 10:54:16: [SM] Changed map to "cp_badlands"
L 01/24/2022 - 10:54:20: -------- Mapchange to cp_badlands --------
L 01/24/2022 - 10:54:52: -------- Mapchange to cp_badlands --------
L 01/24/2022 - 10:54:56: -------- Mapchange to cp_badlands --------
L 01/24/2022 - 10:55:01: -------- Mapchange to cp_badlands --------
L 01/24/2022 - 11:24:31: [SM] Changed map to "cp_badlands"
L 01/24/2022 - 11:25:03: [SM] Changed map to "cp_badlands"
L 01/24/2022 - 11:25:07: [SM] Changed map to "cp_badlands"
L 01/24/2022 - 11:25:12: [SM] Changed map to "cp_badlands"
L 01/24/2022 - 11:25:15: -------- Mapchange to cp_badlands --------
L 01/24/2022 - 11:25:48: -------- Mapchange to cp_badlands --------
L 01/24/2022 - 11:25:51: -------- Mapchange to cp_badlands --------
L 01/24/2022 - 11:25:56: -------- Mapchange to cp_badlands --------
L 01/24/2022 - 11:34:47: -------- Mapchange to pl_cornwater_b7b --------
L 01/24/2022 - 11:34:53: [soap_tf2dm.smx] Map spawns missing. Map: pl_cornwater_b7b. SteamWorks is not installed, we can't try to download them!
L 01/24/2022 - 11:34:53: [soap_tf2dm.smx] No config for: pl_cornwater_b7b, searching for fallback...
L 01/24/2022 - 11:34:53: [soap_tf2dm.smx] Cleaned map pl_cornwater.
L 01/24/2022 - 11:34:53: [soap_tf2dm.smx] path addons/sourcemod/configs/soap
L 01/24/2022 - 11:34:53: [soap_tf2dm.smx] No configuration found for pl_cornwater_b7b, no fallback map found. Using default spawns.
L 01/24/2022 - 11:44:32: -------- Mapchange to cp_badlands --------
L 01/24/2022 - 11:46:44: -------- Mapchange to pl_cornwater_b7b --------
L 01/24/2022 - 11:46:50: [soap_tf2dm.smx] Map spawns missing. Map: pl_cornwater_b7b. SteamWorks is not installed, we can't try to download them!
L 01/24/2022 - 11:46:50: [soap_tf2dm.smx] No config for: pl_cornwater_b7b, searching for fallback...
L 01/24/2022 - 11:46:50: [soap_tf2dm.smx] Cleaned map pl_cornwater.
L 01/24/2022 - 11:46:50: [soap_tf2dm.smx] path addons/sourcemod/configs/soap
L 01/24/2022 - 11:46:50: [soap_tf2dm.smx] No configuration found for pl_cornwater_b7b, no fallback map found. Using default spawns.
L 01/24/2022 - 11:55:26: [SM] Changed map to "cp_badlands"
L 01/24/2022 - 11:56:02: [SM] Changed map to "cp_badlands"
L 01/24/2022 - 11:56:07: [SM] Changed map to "cp_badlands"
L 01/24/2022 - 11:56:08: -------- Mapchange to cp_badlands --------
L 01/24/2022 - 11:56:45: -------- Mapchange to cp_badlands --------
L 01/24/2022 - 11:56:49: -------- Mapchange to cp_badlands --------
L 01/24/2022 - 12:05:23: SourceMod log file session started (file "/home/server/tf2/tf/addons/sourcemod/logs/L20220124.log") (Version "1.10.0.6528")
L 01/24/2022 - 12:05:23: [medicstats.smx] Wrong player-healed event detected: patient=4/3, healer=0/0
L 01/24/2022 - 12:05:23: [supstats2.smx] Wrong player-healed event detected: patient=4/3, healer=0/0
L 01/24/2022 - 12:06:05: -------- Mapchange to pl_cornwater_b7b --------
L 01/24/2022 - 12:06:12: [soap_tf2dm.smx] Map spawns missing. Map: pl_cornwater_b7b. SteamWorks is not installed, we can't try to download them!
L 01/24/2022 - 12:06:12: [soap_tf2dm.smx] No config for: pl_cornwater_b7b, searching for fallback...
L 01/24/2022 - 12:06:12: [soap_tf2dm.smx] Cleaned map pl_cornwater.
L 01/24/2022 - 12:06:12: [soap_tf2dm.smx] path addons/sourcemod/configs/soap
L 01/24/2022 - 12:06:12: [soap_tf2dm.smx] No configuration found for pl_cornwater_b7b, no fallback map found. Using default spawns.
L 01/24/2022 - 12:10:54: [medicstats.smx] Wrong player-healed event detected: patient=4/3, healer=0/0
L 01/24/2022 - 12:10:54: [supstats2.smx] Wrong player-healed event detected: patient=4/3, healer=0/0
L 01/24/2022 - 12:11:54: [medicstats.smx] Wrong player-healed event detected: patient=4/3, healer=0/0
L 01/24/2022 - 12:11:54: [supstats2.smx] Wrong player-healed event detected: patient=4/3, healer=0/0
L 01/24/2022 - 12:12:40: [soap_tf2dm.smx] Map spawns missing. Map: pl_cornwater_b7b. SteamWorks is not installed, we can't try to download them!
L 01/24/2022 - 12:12:40: [soap_tf2dm.smx] No config for: pl_cornwater_b7b, searching for fallback...
L 01/24/2022 - 12:12:40: [soap_tf2dm.smx] Cleaned map pl_cornwater.
L 01/24/2022 - 12:12:40: [soap_tf2dm.smx] path addons/sourcemod/configs/soap
L 01/24/2022 - 12:12:40: [soap_tf2dm.smx] No configuration found for pl_cornwater_b7b, no fallback map found. Using default spawns.
L 01/24/2022 - 12:14:40: [medicstats.smx] Wrong player-healed event detected: patient=4/3, healer=0/0
L 01/24/2022 - 12:14:40: [supstats2.smx] Wrong player-healed event detected: patient=4/3, healer=0/0
L 01/24/2022 - 12:19:27: [medicstats.smx] Wrong player-healed event detected: patient=4/3, healer=0/0
L 01/24/2022 - 12:19:27: [supstats2.smx] Wrong player-healed event detected: patient=4/3, healer=0/0
L 01/24/2022 - 12:21:10: [soap_tf2dm.smx] Map spawns missing. Map: pl_cornwater_b7b. SteamWorks is not installed, we can't try to download them!
L 01/24/2022 - 12:21:10: [soap_tf2dm.smx] No config for: pl_cornwater_b7b, searching for fallback...
L 01/24/2022 - 12:21:10: [soap_tf2dm.smx] Cleaned map pl_cornwater.
L 01/24/2022 - 12:21:10: [soap_tf2dm.smx] path addons/sourcemod/configs/soap
L 01/24/2022 - 12:21:10: [soap_tf2dm.smx] No configuration found for pl_cornwater_b7b, no fallback map found. Using default spawns.
L 01/24/2022 - 12:26:19: [SM] Changed map to "cp_badlands"
L 01/24/2022 - 12:26:56: [SM] Changed map to "cp_badlands"
L 01/24/2022 - 12:27:00: [SM] Changed map to "cp_badlands"
L 01/24/2022 - 12:27:00: -------- Mapchange to cp_badlands --------
L 01/24/2022 - 12:27:38: -------- Mapchange to cp_badlands --------
L 01/24/2022 - 12:27:42: -------- Mapchange to cp_badlands --------
L 01/24/2022 - 12:57:11: [SM] Changed map to "cp_badlands"
L 01/24/2022 - 12:57:49: [SM] Changed map to "cp_badlands"
L 01/24/2022 - 12:57:52: -------- Mapchange to cp_badlands --------
L 01/24/2022 - 12:57:53: [SM] Changed map to "cp_badlands"
L 01/24/2022 - 12:58:30: -------- Mapchange to cp_badlands --------
L 01/24/2022 - 12:58:36: -------- Mapchange to cp_badlands --------
L 01/24/2022 - 13:06:47: SourceMod log file session started (file "/home/server/tf2/tf/addons/sourcemod/logs/L20220124.log") (Version "1.10.0.6528")
L 01/24/2022 - 13:06:47: [SM] Changed map to "cp_badlands"
L 01/24/2022 - 13:08:43: -------- Mapchange to cp_badlands --------
L 01/24/2022 - 13:28:03: [SM] Changed map to "cp_badlands"
L 01/24/2022 - 13:28:41: [SM] Changed map to "cp_badlands"
L 01/24/2022 - 13:28:45: -------- Mapchange to cp_badlands --------
L 01/24/2022 - 13:28:47: [SM] Changed map to "cp_badlands"
L 01/24/2022 - 13:29:25: -------- Mapchange to cp_badlands --------
L 01/24/2022 - 13:29:31: -------- Mapchange to cp_badlands --------
L 01/24/2022 - 13:38:56: [SM] Changed map to "cp_badlands"
L 01/24/2022 - 13:39:24: -------- Mapchange to cp_badlands --------
L 01/24/2022 - 13:58:56: [SM] Changed map to "cp_badlands"
L 01/24/2022 - 13:59:36: [SM] Changed map to "cp_badlands"
L 01/24/2022 - 13:59:39: -------- Mapchange to cp_badlands --------
L 01/24/2022 - 13:59:42: [SM] Changed map to "cp_badlands"
L 01/24/2022 - 14:00:19: -------- Mapchange to cp_badlands --------
L 01/24/2022 - 14:00:25: -------- Mapchange to cp_badlands --------
L 01/24/2022 - 14:09:36: [SM] Changed map to "cp_badlands"
L 01/24/2022 - 14:10:05: -------- Mapchange to cp_badlands --------
L 01/24/2022 - 14:29:50: [SM] Changed map to "cp_badlands"
L 01/24/2022 - 14:30:30: [SM] Changed map to "cp_badlands"
L 01/24/2022 - 14:30:33: -------- Mapchange to cp_badlands --------
L 01/24/2022 - 14:30:36: [SM] Changed map to "cp_badlands"
L 01/24/2022 - 14:31:14: -------- Mapchange to cp_badlands --------
L 01/24/2022 - 14:31:20: -------- Mapchange to cp_badlands --------
L 01/24/2022 - 14:40:16: [SM] Changed map to "cp_badlands"
L 01/24/2022 - 14:40:45: -------- Mapchange to cp_badlands --------
L 01/24/2022 - 15:00:44: [SM] Changed map to "cp_badlands"
L 01/24/2022 - 15:01:25: [SM] Changed map to "cp_badlands"
L 01/24/2022 - 15:01:28: -------- Mapchange to cp_badlands --------
L 01/24/2022 - 15:01:31: [SM] Changed map to "cp_badlands"
L 01/24/2022 - 15:02:08: -------- Mapchange to cp_badlands --------
L 01/24/2022 - 15:02:15: -------- Mapchange to cp_badlands --------
L 01/24/2022 - 15:10:56: [SM] Changed map to "cp_badlands"
L 01/24/2022 - 15:11:26: -------- Mapchange to cp_badlands --------
L 01/24/2022 - 15:31:39: [SM] Changed map to "cp_badlands"
L 01/24/2022 - 15:32:19: [SM] Changed map to "cp_badlands"
L 01/24/2022 - 15:32:23: -------- Mapchange to cp_badlands --------
L 01/24/2022 - 15:32:26: [SM] Changed map to "cp_badlands"
L 01/24/2022 - 15:33:04: -------- Mapchange to cp_badlands --------
L 01/24/2022 - 15:33:12: -------- Mapchange to cp_badlands --------
L 01/24/2022 - 15:41:37: [SM] Changed map to "cp_badlands"
L 01/24/2022 - 15:42:08: -------- Mapchange to cp_badlands --------
L 01/24/2022 - 16:02:34: [SM] Changed map to "cp_badlands"
L 01/24/2022 - 16:03:15: [SM] Changed map to "cp_badlands"
L 01/24/2022 - 16:03:19: -------- Mapchange to cp_badlands --------
L 01/24/2022 - 16:03:23: [SM] Changed map to "cp_badlands"
L 01/24/2022 - 16:04:01: -------- Mapchange to cp_badlands --------
L 01/24/2022 - 16:04:08: -------- Mapchange to cp_badlands --------
L 01/24/2022 - 16:12:19: [SM] Changed map to "cp_badlands"
L 01/24/2022 - 16:12:50: -------- Mapchange to cp_badlands --------
L 01/24/2022 - 16:33:30: [SM] Changed map to "cp_badlands"
L 01/24/2022 - 16:34:13: [SM] Changed map to "cp_badlands"
L 01/24/2022 - 16:34:15: -------- Mapchange to cp_badlands --------
L 01/24/2022 - 16:34:19: [SM] Changed map to "cp_badlands"
L 01/24/2022 - 16:34:59: -------- Mapchange to cp_badlands --------
L 01/24/2022 - 16:35:05: -------- Mapchange to cp_badlands --------
L 01/24/2022 - 16:43:01: [SM] Changed map to "cp_badlands"
L 01/24/2022 - 16:43:32: -------- Mapchange to cp_badlands --------
L 01/24/2022 - 17:04:26: [SM] Changed map to "cp_badlands"
L 01/24/2022 - 17:05:10: [SM] Changed map to "cp_badlands"
L 01/24/2022 - 17:05:11: -------- Mapchange to cp_badlands --------
L 01/24/2022 - 17:05:16: [SM] Changed map to "cp_badlands"
L 01/24/2022 - 17:05:55: -------- Mapchange to cp_badlands --------
L 01/24/2022 - 17:06:01: -------- Mapchange to cp_badlands --------
L 01/24/2022 - 17:13:43: [SM] Changed map to "cp_badlands"
L 01/24/2022 - 17:14:15: -------- Mapchange to cp_badlands --------
L 01/24/2022 - 17:35:22: [SM] Changed map to "cp_badlands"
L 01/24/2022 - 17:36:07: [SM] Changed map to "cp_badlands"
L 01/24/2022 - 17:36:07: -------- Mapchange to cp_badlands --------
L 01/24/2022 - 17:36:12: [SM] Changed map to "cp_badlands"
L 01/24/2022 - 17:36:52: -------- Mapchange to cp_badlands --------
L 01/24/2022 - 17:36:58: -------- Mapchange to cp_badlands --------
L 01/24/2022 - 17:44:26: [SM] Changed map to "cp_badlands"
L 01/24/2022 - 17:44:58: -------- Mapchange to cp_badlands --------
L 01/24/2022 - 18:06:18: [SM] Changed map to "cp_badlands"
L 01/24/2022 - 18:07:03: -------- Mapchange to cp_badlands --------
L 01/24/2022 - 18:07:03: [SM] Changed map to "cp_badlands"
L 01/24/2022 - 18:07:10: [SM] Changed map to "cp_badlands"
L 01/24/2022 - 18:07:49: -------- Mapchange to cp_badlands --------
L 01/24/2022 - 18:07:56: -------- Mapchange to cp_badlands --------
L 01/24/2022 - 18:15:09: [SM] Changed map to "cp_badlands"
L 01/24/2022 - 18:15:41: -------- Mapchange to cp_badlands --------
L 01/24/2022 - 18:37:14: [SM] Changed map to "cp_badlands"
L 01/24/2022 - 18:37:59: -------- Mapchange to cp_badlands --------
L 01/24/2022 - 18:38:01: [SM] Changed map to "cp_badlands"
L 01/24/2022 - 18:38:07: [SM] Changed map to "cp_badlands"
L 01/24/2022 - 18:38:47: -------- Mapchange to cp_badlands --------
L 01/24/2022 - 18:38:54: -------- Mapchange to cp_badlands --------
L 01/24/2022 - 18:45:52: [SM] Changed map to "cp_badlands"
L 01/24/2022 - 18:46:25: -------- Mapchange to cp_badlands --------
L 01/24/2022 - 19:08:10: [SM] Changed map to "cp_badlands"
L 01/24/2022 - 19:08:56: -------- Mapchange to cp_badlands --------
L 01/24/2022 - 19:08:58: [SM] Changed map to "cp_badlands"
L 01/24/2022 - 19:09:05: [SM] Changed map to "cp_badlands"
L 01/24/2022 - 19:09:46: -------- Mapchange to cp_badlands --------
L 01/24/2022 - 19:09:53: -------- Mapchange to cp_badlands --------
L 01/24/2022 - 19:16:36: [SM] Changed map to "cp_badlands"
L 01/24/2022 - 19:17:09: -------- Mapchange to cp_badlands --------
L 01/24/2022 - 19:39:07: [SM] Changed map to "cp_badlands"
L 01/24/2022 - 19:39:52: -------- Mapchange to cp_badlands --------
L 01/24/2022 - 19:39:57: [SM] Changed map to "cp_badlands"
L 01/24/2022 - 19:40:04: [SM] Changed map to "cp_badlands"
L 01/24/2022 - 19:40:42: -------- Mapchange to cp_badlands --------
L 01/24/2022 - 19:40:49: -------- Mapchange to cp_badlands --------
L 01/24/2022 - 19:47:20: [SM] Changed map to "cp_badlands"
L 01/24/2022 - 19:47:52: -------- Mapchange to cp_badlands --------
L 01/24/2022 - 20:10:03: [SM] Changed map to "cp_badlands"
L 01/24/2022 - 20:10:48: -------- Mapchange to cp_badlands --------
L 01/24/2022 - 20:10:53: [SM] Changed map to "cp_badlands"
L 01/24/2022 - 20:11:00: [SM] Changed map to "cp_badlands"
L 01/24/2022 - 20:11:40: -------- Mapchange to cp_badlands --------
L 01/24/2022 - 20:11:47: -------- Mapchange to cp_badlands --------
L 01/24/2022 - 20:18:03: [SM] Changed map to "cp_badlands"
L 01/24/2022 - 20:18:35: -------- Mapchange to cp_badlands --------
L 01/24/2022 - 20:40:59: [SM] Changed map to "cp_badlands"
L 01/24/2022 - 20:41:44: -------- Mapchange to cp_badlands --------
L 01/24/2022 - 20:41:51: [SM] Changed map to "cp_badlands"
L 01/24/2022 - 20:41:58: [SM] Changed map to "cp_badlands"
L 01/24/2022 - 20:42:37: -------- Mapchange to cp_badlands --------
L 01/24/2022 - 20:42:44: -------- Mapchange to cp_badlands --------
L 01/24/2022 - 20:48:46: [SM] Changed map to "cp_badlands"
L 01/24/2022 - 20:49:19: -------- Mapchange to cp_badlands --------
L 01/24/2022 - 21:11:55: [SM] Changed map to "cp_badlands"
L 01/24/2022 - 21:12:42: -------- Mapchange to cp_badlands --------
L 01/24/2022 - 21:12:48: [SM] Changed map to "cp_badlands"
L 01/24/2022 - 21:12:55: [SM] Changed map to "cp_badlands"
L 01/24/2022 - 21:13:36: -------- Mapchange to cp_badlands --------
L 01/24/2022 - 21:13:42: -------- Mapchange to cp_badlands --------
L 01/24/2022 - 21:19:30: [SM] Changed map to "cp_badlands"
L 01/24/2022 - 21:20:04: -------- Mapchange to cp_badlands --------
L 01/24/2022 - 21:42:53: [SM] Changed map to "cp_badlands"
L 01/24/2022 - 21:43:38: -------- Mapchange to cp_badlands --------
L 01/24/2022 - 21:43:47: [SM] Changed map to "cp_badlands"
L 01/24/2022 - 21:43:53: [SM] Changed map to "cp_badlands"
L 01/24/2022 - 21:44:34: -------- Mapchange to cp_badlands --------
L 01/24/2022 - 21:44:41: -------- Mapchange to cp_badlands --------
L 01/24/2022 - 21:50:15: [SM] Changed map to "cp_badlands"
L 01/24/2022 - 21:50:49: -------- Mapchange to cp_badlands --------
L 01/24/2022 - 22:13:49: [SM] Changed map to "cp_badlands"
L 01/24/2022 - 22:14:38: -------- Mapchange to cp_badlands --------
L 01/24/2022 - 22:14:45: [SM] Changed map to "cp_badlands"
L 01/24/2022 - 22:14:52: [SM] Changed map to "cp_badlands"
L 01/24/2022 - 22:15:35: -------- Mapchange to cp_badlands --------
L 01/24/2022 - 22:15:42: -------- Mapchange to cp_badlands --------
L 01/24/2022 - 22:21:00: [SM] Changed map to "cp_badlands"
L 01/24/2022 - 22:21:34: -------- Mapchange to cp_badlands --------
L 01/24/2022 - 22:44:49: [SM] Changed map to "cp_badlands"
L 01/24/2022 - 22:45:38: -------- Mapchange to cp_badlands --------
L 01/24/2022 - 22:45:46: [SM] Changed map to "cp_badlands"
L 01/24/2022 - 22:45:53: [SM] Changed map to "cp_badlands"
L 01/24/2022 - 22:46:35: -------- Mapchange to cp_badlands --------
L 01/24/2022 - 22:46:42: -------- Mapchange to cp_badlands --------
L 01/24/2022 - 22:51:45: [SM] Changed map to "cp_badlands"
L 01/24/2022 - 22:52:20: -------- Mapchange to cp_badlands --------
L 01/24/2022 - 23:15:49: [SM] Changed map to "cp_badlands"
L 01/24/2022 - 23:16:38: -------- Mapchange to cp_badlands --------
L 01/24/2022 - 23:16:46: [SM] Changed map to "cp_badlands"
L 01/24/2022 - 23:16:53: [SM] Changed map to "cp_badlands"
L 01/24/2022 - 23:17:34: -------- Mapchange to cp_badlands --------
L 01/24/2022 - 23:17:43: -------- Mapchange to cp_badlands --------
L 01/24/2022 - 23:22:31: [SM] Changed map to "cp_badlands"
L 01/24/2022 - 23:23:07: -------- Mapchange to cp_badlands --------
L 01/24/2022 - 23:46:50: [SM] Changed map to "cp_badlands"
L 01/24/2022 - 23:47:37: -------- Mapchange to cp_badlands --------
L 01/24/2022 - 23:47:45: [SM] Changed map to "cp_badlands"
L 01/24/2022 - 23:47:54: [SM] Changed map to "cp_badlands"
L 01/24/2022 - 23:48:34: -------- Mapchange to cp_badlands --------
L 01/24/2022 - 23:48:43: -------- Mapchange to cp_badlands --------
L 01/24/2022 - 23:53:18: [SM] Changed map to "cp_badlands"
L 01/24/2022 - 23:53:52: -------- Mapchange to cp_badlands --------
L 01/25/2022 - 00:17:48: Log file closed.
L 01/25/2022 - 00:18:45: Log file closed.
L 01/25/2022 - 00:18:54: Log file closed.
L 01/25/2022 - 00:24:03: Log file closed.
