L 01/22/2022 - 00:06:25: SourceMod log file session started (file "/home/server/tf2/tf/addons/sourcemod/logs/L20220122.log") (Version "1.10.0.6528")
L 01/22/2022 - 00:06:25: [SM] Changed map to "cp_badlands"
L 01/22/2022 - 00:06:27: -------- Mapchange to cp_badlands --------
L 01/22/2022 - 00:20:27: SourceMod log file session started (file "/home/server/tf2/tf/addons/sourcemod/logs/L20220122.log") (Version "1.10.0.6528")
L 01/22/2022 - 00:20:27: [SM] Changed map to "cp_badlands"
L 01/22/2022 - 00:20:30: -------- Mapchange to cp_badlands --------
L 01/22/2022 - 00:20:35: SourceMod log file session started (file "/home/server/tf2/tf/addons/sourcemod/logs/L20220122.log") (Version "1.10.0.6528")
L 01/22/2022 - 00:20:35: [SM] Changed map to "cp_badlands"
L 01/22/2022 - 00:20:35: SourceMod log file session started (file "/home/server/tf2/tf/addons/sourcemod/logs/L20220122.log") (Version "1.10.0.6528")
L 01/22/2022 - 00:20:35: [SM] Changed map to "cp_badlands"
L 01/22/2022 - 00:20:38: -------- Mapchange to cp_badlands --------
L 01/22/2022 - 00:20:38: -------- Mapchange to cp_badlands --------
L 01/22/2022 - 00:36:39: [SM] Changed map to "cp_badlands"
L 01/22/2022 - 00:36:42: -------- Mapchange to cp_badlands --------
L 01/22/2022 - 00:50:41: [SM] Changed map to "cp_badlands"
L 01/22/2022 - 00:50:44: -------- Mapchange to cp_badlands --------
L 01/22/2022 - 00:50:49: [SM] Changed map to "cp_badlands"
L 01/22/2022 - 00:50:49: [SM] Changed map to "cp_badlands"
L 01/22/2022 - 00:50:52: -------- Mapchange to cp_badlands --------
L 01/22/2022 - 00:50:52: -------- Mapchange to cp_badlands --------
L 01/22/2022 - 01:06:53: [SM] Changed map to "cp_badlands"
L 01/22/2022 - 01:06:56: -------- Mapchange to cp_badlands --------
L 01/22/2022 - 01:20:56: [SM] Changed map to "cp_badlands"
L 01/22/2022 - 01:20:59: -------- Mapchange to cp_badlands --------
L 01/22/2022 - 01:21:03: [SM] Changed map to "cp_badlands"
L 01/22/2022 - 01:21:04: [SM] Changed map to "cp_badlands"
L 01/22/2022 - 01:21:07: -------- Mapchange to cp_badlands --------
L 01/22/2022 - 01:21:07: -------- Mapchange to cp_badlands --------
L 01/22/2022 - 01:37:08: [SM] Changed map to "cp_badlands"
L 01/22/2022 - 01:37:11: -------- Mapchange to cp_badlands --------
L 01/22/2022 - 01:51:10: [SM] Changed map to "cp_badlands"
L 01/22/2022 - 01:51:14: -------- Mapchange to cp_badlands --------
L 01/22/2022 - 01:51:18: [SM] Changed map to "cp_badlands"
L 01/22/2022 - 01:51:18: [SM] Changed map to "cp_badlands"
L 01/22/2022 - 01:51:22: -------- Mapchange to cp_badlands --------
L 01/22/2022 - 01:51:22: -------- Mapchange to cp_badlands --------
L 01/22/2022 - 02:07:23: [SM] Changed map to "cp_badlands"
L 01/22/2022 - 02:07:27: -------- Mapchange to cp_badlands --------
L 01/22/2022 - 02:21:26: [SM] Changed map to "cp_badlands"
L 01/22/2022 - 02:21:30: -------- Mapchange to cp_badlands --------
L 01/22/2022 - 02:21:34: [SM] Changed map to "cp_badlands"
L 01/22/2022 - 02:21:34: [SM] Changed map to "cp_badlands"
L 01/22/2022 - 02:21:38: -------- Mapchange to cp_badlands --------
L 01/22/2022 - 02:21:38: -------- Mapchange to cp_badlands --------
L 01/22/2022 - 02:37:38: [SM] Changed map to "cp_badlands"
L 01/22/2022 - 02:37:43: -------- Mapchange to cp_badlands --------
L 01/22/2022 - 02:51:42: [SM] Changed map to "cp_badlands"
L 01/22/2022 - 02:51:46: -------- Mapchange to cp_badlands --------
L 01/22/2022 - 02:51:50: [SM] Changed map to "cp_badlands"
L 01/22/2022 - 02:51:50: [SM] Changed map to "cp_badlands"
L 01/22/2022 - 02:51:54: -------- Mapchange to cp_badlands --------
L 01/22/2022 - 02:51:54: -------- Mapchange to cp_badlands --------
L 01/22/2022 - 03:07:54: [SM] Changed map to "cp_badlands"
L 01/22/2022 - 03:07:59: -------- Mapchange to cp_badlands --------
L 01/22/2022 - 03:21:58: [SM] Changed map to "cp_badlands"
L 01/22/2022 - 03:22:02: -------- Mapchange to cp_badlands --------
L 01/22/2022 - 03:22:06: [SM] Changed map to "cp_badlands"
L 01/22/2022 - 03:22:06: [SM] Changed map to "cp_badlands"
L 01/22/2022 - 03:22:10: -------- Mapchange to cp_badlands --------
L 01/22/2022 - 03:22:10: -------- Mapchange to cp_badlands --------
L 01/22/2022 - 03:38:11: [SM] Changed map to "cp_badlands"
L 01/22/2022 - 03:38:15: -------- Mapchange to cp_badlands --------
L 01/22/2022 - 03:52:14: [SM] Changed map to "cp_badlands"
L 01/22/2022 - 03:52:19: -------- Mapchange to cp_badlands --------
L 01/22/2022 - 03:52:22: [SM] Changed map to "cp_badlands"
L 01/22/2022 - 03:52:23: [SM] Changed map to "cp_badlands"
L 01/22/2022 - 03:52:27: -------- Mapchange to cp_badlands --------
L 01/22/2022 - 03:52:28: -------- Mapchange to cp_badlands --------
L 01/22/2022 - 04:08:28: [SM] Changed map to "cp_badlands"
L 01/22/2022 - 04:08:33: -------- Mapchange to cp_badlands --------
L 01/22/2022 - 04:22:31: [SM] Changed map to "cp_badlands"
L 01/22/2022 - 04:22:36: -------- Mapchange to cp_badlands --------
L 01/22/2022 - 04:22:40: [SM] Changed map to "cp_badlands"
L 01/22/2022 - 04:22:40: [SM] Changed map to "cp_badlands"
L 01/22/2022 - 04:22:45: -------- Mapchange to cp_badlands --------
L 01/22/2022 - 04:22:45: -------- Mapchange to cp_badlands --------
L 01/22/2022 - 04:38:45: [SM] Changed map to "cp_badlands"
L 01/22/2022 - 04:38:50: -------- Mapchange to cp_badlands --------
L 01/22/2022 - 04:52:49: [SM] Changed map to "cp_badlands"
L 01/22/2022 - 04:52:54: -------- Mapchange to cp_badlands --------
L 01/22/2022 - 04:52:57: [SM] Changed map to "cp_badlands"
L 01/22/2022 - 04:52:58: [SM] Changed map to "cp_badlands"
L 01/22/2022 - 04:53:02: -------- Mapchange to cp_badlands --------
L 01/22/2022 - 04:53:04: -------- Mapchange to cp_badlands --------
L 01/22/2022 - 05:09:03: [SM] Changed map to "cp_badlands"
L 01/22/2022 - 05:09:08: -------- Mapchange to cp_badlands --------
L 01/22/2022 - 05:23:07: [SM] Changed map to "cp_badlands"
L 01/22/2022 - 05:23:13: -------- Mapchange to cp_badlands --------
L 01/22/2022 - 05:23:15: [SM] Changed map to "cp_badlands"
L 01/22/2022 - 05:23:16: [SM] Changed map to "cp_badlands"
L 01/22/2022 - 05:23:21: -------- Mapchange to cp_badlands --------
L 01/22/2022 - 05:23:22: -------- Mapchange to cp_badlands --------
L 01/22/2022 - 05:39:21: [SM] Changed map to "cp_badlands"
L 01/22/2022 - 05:39:27: -------- Mapchange to cp_badlands --------
L 01/22/2022 - 05:53:26: [SM] Changed map to "cp_badlands"
L 01/22/2022 - 05:53:32: -------- Mapchange to cp_badlands --------
L 01/22/2022 - 05:53:34: [SM] Changed map to "cp_badlands"
L 01/22/2022 - 05:53:35: [SM] Changed map to "cp_badlands"
L 01/22/2022 - 05:53:40: -------- Mapchange to cp_badlands --------
L 01/22/2022 - 05:53:41: -------- Mapchange to cp_badlands --------
L 01/22/2022 - 06:09:40: [SM] Changed map to "cp_badlands"
L 01/22/2022 - 06:09:46: -------- Mapchange to cp_badlands --------
L 01/22/2022 - 06:23:45: [SM] Changed map to "cp_badlands"
L 01/22/2022 - 06:23:51: -------- Mapchange to cp_badlands --------
L 01/22/2022 - 06:23:53: [SM] Changed map to "cp_badlands"
L 01/22/2022 - 06:23:54: [SM] Changed map to "cp_badlands"
L 01/22/2022 - 06:23:59: -------- Mapchange to cp_badlands --------
L 01/22/2022 - 06:24:01: -------- Mapchange to cp_badlands --------
L 01/22/2022 - 06:39:59: [SM] Changed map to "cp_badlands"
L 01/22/2022 - 06:40:05: -------- Mapchange to cp_badlands --------
L 01/22/2022 - 06:54:04: [SM] Changed map to "cp_badlands"
L 01/22/2022 - 06:54:11: -------- Mapchange to cp_badlands --------
L 01/22/2022 - 06:54:13: [SM] Changed map to "cp_badlands"
L 01/22/2022 - 06:54:14: [SM] Changed map to "cp_badlands"
L 01/22/2022 - 06:54:19: -------- Mapchange to cp_badlands --------
L 01/22/2022 - 06:54:21: -------- Mapchange to cp_badlands --------
L 01/22/2022 - 07:10:19: [SM] Changed map to "cp_badlands"
L 01/22/2022 - 07:10:25: -------- Mapchange to cp_badlands --------
L 01/22/2022 - 07:24:24: [SM] Changed map to "cp_badlands"
L 01/22/2022 - 07:24:31: -------- Mapchange to cp_badlands --------
L 01/22/2022 - 07:24:33: [SM] Changed map to "cp_badlands"
L 01/22/2022 - 07:24:35: [SM] Changed map to "cp_badlands"
L 01/22/2022 - 07:24:40: -------- Mapchange to cp_badlands --------
L 01/22/2022 - 07:24:42: -------- Mapchange to cp_badlands --------
L 01/22/2022 - 07:40:39: [SM] Changed map to "cp_badlands"
L 01/22/2022 - 07:40:46: -------- Mapchange to cp_badlands --------
L 01/22/2022 - 07:54:45: [SM] Changed map to "cp_badlands"
L 01/22/2022 - 07:54:53: -------- Mapchange to cp_badlands --------
L 01/22/2022 - 07:54:54: [SM] Changed map to "cp_badlands"
L 01/22/2022 - 07:54:56: [SM] Changed map to "cp_badlands"
L 01/22/2022 - 07:55:02: -------- Mapchange to cp_badlands --------
L 01/22/2022 - 07:55:04: -------- Mapchange to cp_badlands --------
L 01/22/2022 - 08:11:00: [SM] Changed map to "cp_badlands"
L 01/22/2022 - 08:11:07: -------- Mapchange to cp_badlands --------
L 01/22/2022 - 08:25:07: [SM] Changed map to "cp_badlands"
L 01/22/2022 - 08:25:14: -------- Mapchange to cp_badlands --------
L 01/22/2022 - 08:25:16: [SM] Changed map to "cp_badlands"
L 01/22/2022 - 08:25:18: [SM] Changed map to "cp_badlands"
L 01/22/2022 - 08:25:23: -------- Mapchange to cp_badlands --------
L 01/22/2022 - 08:25:26: -------- Mapchange to cp_badlands --------
L 01/22/2022 - 08:41:21: [SM] Changed map to "cp_badlands"
L 01/22/2022 - 08:41:29: -------- Mapchange to cp_badlands --------
L 01/22/2022 - 08:55:28: [SM] Changed map to "cp_badlands"
L 01/22/2022 - 08:55:36: -------- Mapchange to cp_badlands --------
L 01/22/2022 - 08:55:37: [SM] Changed map to "cp_badlands"
L 01/22/2022 - 08:55:40: [SM] Changed map to "cp_badlands"
L 01/22/2022 - 08:55:45: -------- Mapchange to cp_badlands --------
L 01/22/2022 - 08:55:48: -------- Mapchange to cp_badlands --------
L 01/22/2022 - 09:11:43: [SM] Changed map to "cp_badlands"
L 01/22/2022 - 09:11:52: -------- Mapchange to cp_badlands --------
L 01/22/2022 - 09:25:51: [SM] Changed map to "cp_badlands"
L 01/22/2022 - 09:25:59: -------- Mapchange to cp_badlands --------
L 01/22/2022 - 09:26:00: [SM] Changed map to "cp_badlands"
L 01/22/2022 - 09:26:03: [SM] Changed map to "cp_badlands"
L 01/22/2022 - 09:26:08: -------- Mapchange to cp_badlands --------
L 01/22/2022 - 09:26:11: -------- Mapchange to cp_badlands --------
L 01/22/2022 - 09:42:06: [SM] Changed map to "cp_badlands"
L 01/22/2022 - 09:42:15: -------- Mapchange to cp_badlands --------
L 01/22/2022 - 09:56:13: [SM] Changed map to "cp_badlands"
L 01/22/2022 - 09:56:22: -------- Mapchange to cp_badlands --------
L 01/22/2022 - 09:56:23: [SM] Changed map to "cp_badlands"
L 01/22/2022 - 09:56:26: [SM] Changed map to "cp_badlands"
L 01/22/2022 - 09:56:32: -------- Mapchange to cp_badlands --------
L 01/22/2022 - 09:56:35: -------- Mapchange to cp_badlands --------
L 01/22/2022 - 10:12:30: [SM] Changed map to "cp_badlands"
L 01/22/2022 - 10:12:39: -------- Mapchange to cp_badlands --------
L 01/22/2022 - 10:26:37: [SM] Changed map to "cp_badlands"
L 01/22/2022 - 10:26:45: -------- Mapchange to cp_badlands --------
L 01/22/2022 - 10:26:46: [SM] Changed map to "cp_badlands"
L 01/22/2022 - 10:26:50: [SM] Changed map to "cp_badlands"
L 01/22/2022 - 10:26:56: -------- Mapchange to cp_badlands --------
L 01/22/2022 - 10:26:59: -------- Mapchange to cp_badlands --------
L 01/22/2022 - 10:42:54: [SM] Changed map to "cp_badlands"
L 01/22/2022 - 10:43:03: -------- Mapchange to cp_badlands --------
L 01/22/2022 - 10:57:01: [SM] Changed map to "cp_badlands"
L 01/22/2022 - 10:57:10: -------- Mapchange to cp_badlands --------
L 01/22/2022 - 10:57:10: [SM] Changed map to "cp_badlands"
L 01/22/2022 - 10:57:14: [SM] Changed map to "cp_badlands"
L 01/22/2022 - 10:57:20: -------- Mapchange to cp_badlands --------
L 01/22/2022 - 10:57:24: -------- Mapchange to cp_badlands --------
L 01/22/2022 - 11:13:18: [SM] Changed map to "cp_badlands"
L 01/22/2022 - 11:13:28: -------- Mapchange to cp_badlands --------
L 01/22/2022 - 11:27:25: [SM] Changed map to "cp_badlands"
L 01/22/2022 - 11:27:35: [SM] Changed map to "cp_badlands"
L 01/22/2022 - 11:27:35: -------- Mapchange to cp_badlands --------
L 01/22/2022 - 11:27:39: [SM] Changed map to "cp_badlands"
L 01/22/2022 - 11:27:45: -------- Mapchange to cp_badlands --------
L 01/22/2022 - 11:27:50: -------- Mapchange to cp_badlands --------
L 01/22/2022 - 11:43:43: [SM] Changed map to "cp_badlands"
L 01/22/2022 - 11:43:53: -------- Mapchange to cp_badlands --------
L 01/22/2022 - 11:57:51: [SM] Changed map to "cp_badlands"
L 01/22/2022 - 11:58:01: [SM] Changed map to "cp_badlands"
L 01/22/2022 - 11:58:01: -------- Mapchange to cp_badlands --------
L 01/22/2022 - 11:58:05: [SM] Changed map to "cp_badlands"
L 01/22/2022 - 11:58:11: -------- Mapchange to cp_badlands --------
L 01/22/2022 - 11:58:16: -------- Mapchange to cp_badlands --------
L 01/22/2022 - 12:14:09: [SM] Changed map to "cp_badlands"
L 01/22/2022 - 12:14:19: -------- Mapchange to cp_badlands --------
L 01/22/2022 - 12:28:17: [SM] Changed map to "cp_badlands"
L 01/22/2022 - 12:28:27: [SM] Changed map to "cp_badlands"
L 01/22/2022 - 12:28:27: -------- Mapchange to cp_badlands --------
L 01/22/2022 - 12:28:31: [SM] Changed map to "cp_badlands"
L 01/22/2022 - 12:28:38: -------- Mapchange to cp_badlands --------
L 01/22/2022 - 12:28:43: -------- Mapchange to cp_badlands --------
L 01/22/2022 - 12:44:35: [SM] Changed map to "cp_badlands"
L 01/22/2022 - 12:44:46: -------- Mapchange to cp_badlands --------
L 01/22/2022 - 12:58:43: [SM] Changed map to "cp_badlands"
L 01/22/2022 - 12:58:54: -------- Mapchange to cp_badlands --------
L 01/22/2022 - 12:58:54: [SM] Changed map to "cp_badlands"
L 01/22/2022 - 12:58:59: [SM] Changed map to "cp_badlands"
L 01/22/2022 - 12:59:05: -------- Mapchange to cp_badlands --------
L 01/22/2022 - 12:59:10: -------- Mapchange to cp_badlands --------
L 01/22/2022 - 13:15:02: [SM] Changed map to "cp_badlands"
L 01/22/2022 - 13:15:13: -------- Mapchange to cp_badlands --------
L 01/22/2022 - 13:29:10: [SM] Changed map to "cp_badlands"
L 01/22/2022 - 13:29:21: [SM] Changed map to "cp_badlands"
L 01/22/2022 - 13:29:22: -------- Mapchange to cp_badlands --------
L 01/22/2022 - 13:29:26: [SM] Changed map to "cp_badlands"
L 01/22/2022 - 13:29:33: -------- Mapchange to cp_badlands --------
L 01/22/2022 - 13:29:38: -------- Mapchange to cp_badlands --------
L 01/22/2022 - 13:45:30: [SM] Changed map to "cp_badlands"
L 01/22/2022 - 13:45:42: -------- Mapchange to cp_badlands --------
L 01/22/2022 - 13:59:38: [SM] Changed map to "cp_badlands"
L 01/22/2022 - 13:59:49: [SM] Changed map to "cp_badlands"
L 01/22/2022 - 13:59:50: -------- Mapchange to cp_badlands --------
L 01/22/2022 - 13:59:54: [SM] Changed map to "cp_badlands"
L 01/22/2022 - 14:00:01: -------- Mapchange to cp_badlands --------
L 01/22/2022 - 14:00:07: -------- Mapchange to cp_badlands --------
L 01/22/2022 - 14:15:58: [SM] Changed map to "cp_badlands"
L 01/22/2022 - 14:16:10: -------- Mapchange to cp_badlands --------
L 01/22/2022 - 14:30:07: [SM] Changed map to "cp_badlands"
L 01/22/2022 - 14:30:18: [SM] Changed map to "cp_badlands"
L 01/22/2022 - 14:30:19: -------- Mapchange to cp_badlands --------
L 01/22/2022 - 14:30:23: [SM] Changed map to "cp_badlands"
L 01/22/2022 - 14:30:30: -------- Mapchange to cp_badlands --------
L 01/22/2022 - 14:30:36: -------- Mapchange to cp_badlands --------
L 01/22/2022 - 14:46:27: [SM] Changed map to "cp_badlands"
L 01/22/2022 - 14:46:39: -------- Mapchange to cp_badlands --------
L 01/22/2022 - 15:00:36: [SM] Changed map to "cp_badlands"
L 01/22/2022 - 15:00:46: [SM] Changed map to "cp_badlands"
L 01/22/2022 - 15:00:48: -------- Mapchange to cp_badlands --------
L 01/22/2022 - 15:00:52: [SM] Changed map to "cp_badlands"
L 01/22/2022 - 15:00:58: -------- Mapchange to cp_badlands --------
L 01/22/2022 - 15:01:05: -------- Mapchange to cp_badlands --------
L 01/22/2022 - 15:16:56: [SM] Changed map to "cp_badlands"
L 01/22/2022 - 15:17:09: -------- Mapchange to cp_badlands --------
L 01/22/2022 - 15:31:05: [SM] Changed map to "cp_badlands"
L 01/22/2022 - 15:31:15: [SM] Changed map to "cp_badlands"
L 01/22/2022 - 15:31:18: -------- Mapchange to cp_badlands --------
L 01/22/2022 - 15:31:22: [SM] Changed map to "cp_badlands"
L 01/22/2022 - 15:31:28: -------- Mapchange to cp_badlands --------
L 01/22/2022 - 15:31:36: -------- Mapchange to cp_badlands --------
L 01/22/2022 - 15:47:26: [SM] Changed map to "cp_badlands"
L 01/22/2022 - 15:47:39: -------- Mapchange to cp_badlands --------
L 01/22/2022 - 16:01:35: [SM] Changed map to "cp_badlands"
L 01/22/2022 - 16:01:45: [SM] Changed map to "cp_badlands"
L 01/22/2022 - 16:01:48: -------- Mapchange to cp_badlands --------
L 01/22/2022 - 16:01:53: [SM] Changed map to "cp_badlands"
L 01/22/2022 - 16:01:58: -------- Mapchange to cp_badlands --------
L 01/22/2022 - 16:02:07: -------- Mapchange to cp_badlands --------
L 01/22/2022 - 16:17:56: [SM] Changed map to "cp_badlands"
L 01/22/2022 - 16:18:09: -------- Mapchange to cp_badlands --------
L 01/22/2022 - 16:32:06: [SM] Changed map to "cp_badlands"
L 01/22/2022 - 16:32:16: [SM] Changed map to "cp_badlands"
L 01/22/2022 - 16:32:20: -------- Mapchange to cp_badlands --------
L 01/22/2022 - 16:32:24: [SM] Changed map to "cp_badlands"
L 01/22/2022 - 16:32:30: -------- Mapchange to cp_badlands --------
L 01/22/2022 - 16:32:39: -------- Mapchange to cp_badlands --------
L 01/22/2022 - 16:48:27: [SM] Changed map to "cp_badlands"
L 01/22/2022 - 16:48:41: -------- Mapchange to cp_badlands --------
L 01/22/2022 - 17:02:37: [SM] Changed map to "cp_badlands"
L 01/22/2022 - 17:02:47: [SM] Changed map to "cp_badlands"
L 01/22/2022 - 17:02:52: -------- Mapchange to cp_badlands --------
L 01/22/2022 - 17:02:57: [SM] Changed map to "cp_badlands"
L 01/22/2022 - 17:03:02: -------- Mapchange to cp_badlands --------
L 01/22/2022 - 17:03:12: -------- Mapchange to cp_badlands --------
L 01/22/2022 - 17:19:00: [SM] Changed map to "cp_badlands"
L 01/22/2022 - 17:19:15: -------- Mapchange to cp_badlands --------
L 01/22/2022 - 17:33:10: [SM] Changed map to "cp_badlands"
L 01/22/2022 - 17:33:20: [SM] Changed map to "cp_badlands"
L 01/22/2022 - 17:33:26: -------- Mapchange to cp_badlands --------
L 01/22/2022 - 17:33:30: [SM] Changed map to "cp_badlands"
L 01/22/2022 - 17:33:36: -------- Mapchange to cp_badlands --------
L 01/22/2022 - 17:33:46: -------- Mapchange to cp_badlands --------
L 01/22/2022 - 17:49:33: [SM] Changed map to "cp_badlands"
L 01/22/2022 - 17:49:48: -------- Mapchange to cp_badlands --------
L 01/22/2022 - 18:03:44: [SM] Changed map to "cp_badlands"
L 01/22/2022 - 18:03:55: [SM] Changed map to "cp_badlands"
L 01/22/2022 - 18:04:00: -------- Mapchange to cp_badlands --------
L 01/22/2022 - 18:04:04: [SM] Changed map to "cp_badlands"
L 01/22/2022 - 18:04:11: -------- Mapchange to cp_badlands --------
L 01/22/2022 - 18:04:20: -------- Mapchange to cp_badlands --------
L 01/22/2022 - 18:20:07: [SM] Changed map to "cp_badlands"
L 01/22/2022 - 18:20:23: -------- Mapchange to cp_badlands --------
L 01/22/2022 - 18:34:19: [SM] Changed map to "cp_badlands"
L 01/22/2022 - 18:34:30: [SM] Changed map to "cp_badlands"
L 01/22/2022 - 18:34:35: -------- Mapchange to cp_badlands --------
L 01/22/2022 - 18:34:39: [SM] Changed map to "cp_badlands"
L 01/22/2022 - 18:34:46: -------- Mapchange to cp_badlands --------
L 01/22/2022 - 18:34:56: -------- Mapchange to cp_badlands --------
L 01/22/2022 - 18:50:42: [SM] Changed map to "cp_badlands"
L 01/22/2022 - 18:50:57: -------- Mapchange to cp_badlands --------
L 01/22/2022 - 19:04:54: [SM] Changed map to "cp_badlands"
L 01/22/2022 - 19:05:05: [SM] Changed map to "cp_badlands"
L 01/22/2022 - 19:05:11: -------- Mapchange to cp_badlands --------
L 01/22/2022 - 19:05:15: [SM] Changed map to "cp_badlands"
L 01/22/2022 - 19:05:22: -------- Mapchange to cp_badlands --------
L 01/22/2022 - 19:05:32: -------- Mapchange to cp_badlands --------
L 01/22/2022 - 19:21:16: [SM] Changed map to "cp_badlands"
L 01/22/2022 - 19:21:33: -------- Mapchange to cp_badlands --------
L 01/22/2022 - 19:35:30: [SM] Changed map to "cp_badlands"
L 01/22/2022 - 19:35:41: [SM] Changed map to "cp_badlands"
L 01/22/2022 - 19:35:47: -------- Mapchange to cp_badlands --------
L 01/22/2022 - 19:35:51: [SM] Changed map to "cp_badlands"
L 01/22/2022 - 19:35:58: -------- Mapchange to cp_badlands --------
L 01/22/2022 - 19:36:09: -------- Mapchange to cp_badlands --------
L 01/22/2022 - 19:51:52: [SM] Changed map to "cp_badlands"
L 01/22/2022 - 19:52:10: -------- Mapchange to cp_badlands --------
L 01/22/2022 - 20:06:07: [SM] Changed map to "cp_badlands"
L 01/22/2022 - 20:06:18: [SM] Changed map to "cp_badlands"
L 01/22/2022 - 20:06:25: -------- Mapchange to cp_badlands --------
L 01/22/2022 - 20:06:28: [SM] Changed map to "cp_badlands"
L 01/22/2022 - 20:06:36: -------- Mapchange to cp_badlands --------
L 01/22/2022 - 20:06:47: -------- Mapchange to cp_badlands --------
L 01/22/2022 - 20:22:29: [SM] Changed map to "cp_badlands"
L 01/22/2022 - 20:22:47: -------- Mapchange to cp_badlands --------
L 01/22/2022 - 20:36:45: [SM] Changed map to "cp_badlands"
L 01/22/2022 - 20:36:55: [SM] Changed map to "cp_badlands"
L 01/22/2022 - 20:37:03: -------- Mapchange to cp_badlands --------
L 01/22/2022 - 20:37:06: [SM] Changed map to "cp_badlands"
L 01/22/2022 - 20:37:14: -------- Mapchange to cp_badlands --------
L 01/22/2022 - 20:37:25: -------- Mapchange to cp_badlands --------
L 01/22/2022 - 20:53:08: [SM] Changed map to "cp_badlands"
L 01/22/2022 - 20:53:27: -------- Mapchange to cp_badlands --------
L 01/22/2022 - 21:07:24: [SM] Changed map to "cp_badlands"
L 01/22/2022 - 21:07:34: [SM] Changed map to "cp_badlands"
L 01/22/2022 - 21:07:42: -------- Mapchange to cp_badlands --------
L 01/22/2022 - 21:07:45: [SM] Changed map to "cp_badlands"
L 01/22/2022 - 21:07:53: -------- Mapchange to cp_badlands --------
L 01/22/2022 - 21:08:03: -------- Mapchange to cp_badlands --------
L 01/22/2022 - 21:23:47: [SM] Changed map to "cp_badlands"
L 01/22/2022 - 21:24:07: -------- Mapchange to cp_badlands --------
L 01/22/2022 - 21:38:02: [SM] Changed map to "cp_badlands"
L 01/22/2022 - 21:38:13: [SM] Changed map to "cp_badlands"
L 01/22/2022 - 21:38:21: -------- Mapchange to cp_badlands --------
L 01/22/2022 - 21:38:23: [SM] Changed map to "cp_badlands"
L 01/22/2022 - 21:38:32: -------- Mapchange to cp_badlands --------
L 01/22/2022 - 21:38:43: -------- Mapchange to cp_badlands --------
L 01/22/2022 - 21:54:27: [SM] Changed map to "cp_badlands"
L 01/22/2022 - 21:54:46: -------- Mapchange to cp_badlands --------
L 01/22/2022 - 22:08:41: [SM] Changed map to "cp_badlands"
L 01/22/2022 - 22:08:52: [SM] Changed map to "cp_badlands"
L 01/22/2022 - 22:09:00: -------- Mapchange to cp_badlands --------
L 01/22/2022 - 22:09:03: [SM] Changed map to "cp_badlands"
L 01/22/2022 - 22:09:11: -------- Mapchange to cp_badlands --------
L 01/22/2022 - 22:09:23: -------- Mapchange to cp_badlands --------
L 01/22/2022 - 22:25:06: [SM] Changed map to "cp_badlands"
L 01/22/2022 - 22:25:25: -------- Mapchange to cp_badlands --------
L 01/22/2022 - 22:39:21: [SM] Changed map to "cp_badlands"
L 01/22/2022 - 22:39:32: [SM] Changed map to "cp_badlands"
L 01/22/2022 - 22:39:40: -------- Mapchange to cp_badlands --------
L 01/22/2022 - 22:39:44: [SM] Changed map to "cp_badlands"
L 01/22/2022 - 22:39:52: -------- Mapchange to cp_badlands --------
L 01/22/2022 - 22:40:05: -------- Mapchange to cp_badlands --------
L 01/22/2022 - 22:55:45: [SM] Changed map to "cp_badlands"
L 01/22/2022 - 22:56:05: -------- Mapchange to cp_badlands --------
L 01/22/2022 - 23:10:01: [SM] Changed map to "cp_badlands"
L 01/22/2022 - 23:10:13: [SM] Changed map to "cp_badlands"
L 01/22/2022 - 23:10:22: -------- Mapchange to cp_badlands --------
L 01/22/2022 - 23:10:26: [SM] Changed map to "cp_badlands"
L 01/22/2022 - 23:10:34: -------- Mapchange to cp_badlands --------
L 01/22/2022 - 23:10:47: -------- Mapchange to cp_badlands --------
L 01/22/2022 - 23:26:26: [SM] Changed map to "cp_badlands"
L 01/22/2022 - 23:26:45: -------- Mapchange to cp_badlands --------
L 01/22/2022 - 23:35:05: -------- Mapchange to pl_cornwater_b7b --------
L 01/22/2022 - 23:35:12: [soap_tf2dm.smx] Map spawns missing. Map: pl_cornwater_b7b. SteamWorks is not installed, we can't try to download them!
L 01/22/2022 - 23:35:12: [soap_tf2dm.smx] No config for: pl_cornwater_b7b, searching for fallback...
L 01/22/2022 - 23:35:12: [soap_tf2dm.smx] Cleaned map pl_cornwater.
L 01/22/2022 - 23:35:12: [soap_tf2dm.smx] path addons/sourcemod/configs/soap
L 01/22/2022 - 23:35:12: [soap_tf2dm.smx] No configuration found for pl_cornwater_b7b, no fallback map found. Using default spawns.
L 01/22/2022 - 23:40:43: [SM] Changed map to "cp_badlands"
L 01/22/2022 - 23:40:55: [SM] Changed map to "cp_badlands"
L 01/22/2022 - 23:41:03: -------- Mapchange to cp_badlands --------
L 01/22/2022 - 23:41:08: [SM] Changed map to "cp_badlands"
L 01/22/2022 - 23:41:16: -------- Mapchange to cp_badlands --------
L 01/22/2022 - 23:41:29: -------- Mapchange to cp_badlands --------
L 01/22/2022 - 23:58:28: SourceMod log file session started (file "/home/server/tf2/tf/addons/sourcemod/logs/L20220122.log") (Version "1.10.0.6528")
L 01/22/2022 - 23:58:28: -------- Mapchange to pl_cornwater_b7b --------
L 01/22/2022 - 23:58:36: [soap_tf2dm.smx] Map spawns missing. Map: pl_cornwater_b7b. SteamWorks is not installed, we can't try to download them!
L 01/22/2022 - 23:58:36: [soap_tf2dm.smx] No config for: pl_cornwater_b7b, searching for fallback...
L 01/22/2022 - 23:58:36: [soap_tf2dm.smx] Cleaned map pl_cornwater.
L 01/22/2022 - 23:58:36: [soap_tf2dm.smx] path addons/sourcemod/configs/soap
L 01/22/2022 - 23:58:36: [soap_tf2dm.smx] No configuration found for pl_cornwater_b7b, no fallback map found. Using default spawns.
L 01/23/2022 - 00:11:25: Log file closed.
L 01/23/2022 - 00:11:37: Log file closed.
L 01/23/2022 - 00:11:50: Log file closed.
L 01/23/2022 - 00:14:21: Log file closed.
